#
# A fatal error has been detected by the Java Runtime Environment:
#
#  EXCEPTION_ACCESS_VIOLATION (0xc0000005) at pc=0x0000000000000000, pid=8236, tid=14644
#
# JRE version: OpenJDK Runtime Environment Temurin-17.0.13+11 (17.0.13+11) (build 17.0.13+11)
# Java VM: OpenJDK 64-Bit Server VM Temurin-17.0.13+11 (17.0.13+11, mixed mode, tiered, compressed oops, compressed class ptrs, parallel gc, windows-amd64)
# Problematic frame:
# V  [jvm.dll+0x6a7fcb]
#
# No core dump will be written. Minidumps are not enabled by default on client versions of Windows
#
# If you would like to submit a bug report, please visit:
#   https://github.com/adoptium/adoptium-support/issues
#

---------------  S U M M A R Y ------------

Command Line: --add-modules=ALL-SYSTEM --add-opens=java.base/java.util=ALL-UNNAMED --add-opens=java.base/java.lang=ALL-UNNAMED --add-opens=java.base/sun.nio.fs=ALL-UNNAMED -Declipse.application=org.eclipse.jdt.ls.core.id1 -Dosgi.bundles.defaultStartLevel=4 -Declipse.product=org.eclipse.jdt.ls.core.product -Djava.import.generatesMetadataFilesAtProjectRoot=false -DDetectVMInstallationsJob.disabled=true -Dfile.encoding=utf8 -XX:+UseParallelGC -XX:GCTimeRatio=4 -XX:AdaptiveSizePolicyWeight=90 -Dsun.zip.disableMemoryMapping=true -Xmx1G -Xms100m -Xlog:disable -javaagent:c:\Users\Hamza tabani\.vscode\extensions\redhat.java-1.36.0-win32-x64\lombok\lombok-1.18.35.jar -XX:+HeapDumpOnOutOfMemoryError -XX:HeapDumpPath=c:\Users\Hamza tabani\AppData\Roaming\Code\User\workspaceStorage\41065a442eb313e6afaef37c2d4b0ce6\redhat.java -Daether.dependencyCollector.impl=bf c:\Users\Hamza tabani\.vscode\extensions\redhat.java-1.36.0-win32-x64\server\plugins\org.eclipse.equinox.launcher_1.6.900.v20240613-2009.jar -configuration c:\Users\Hamza tabani\AppData\Roaming\Code\User\globalStorage\redhat.java\1.36.0\config_win -data c:\Users\Hamza tabani\AppData\Roaming\Code\User\workspaceStorage\41065a442eb313e6afaef37c2d4b0ce6\redhat.java\jdt_ws --pipe=\\.\pipe\lsp-2af0c03dab2642ef172a2f206ff880bd-sock

Host: Intel(R) Core(TM) i7-4790 CPU @ 3.60GHz, 8 cores, 15G,  Windows 10 , 64 bit Build 19041 (10.0.19041.4957)
Time: Fri Nov  8 01:57:50 2024 Pakistan Standard Time elapsed time: 661.955157 seconds (0d 0h 11m 1s)

---------------  T H R E A D  ---------------

Current thread (0x000001d77b5d1890):  JavaThread "C2 CompilerThread2" daemon [_thread_in_native, id=14644, stack(0x000000068b100000,0x000000068b200000)]


Current CompileTask:
C2: 661955 17408       4       org.eclipse.core.internal.resources.SaveManager$$Lambda$702/0x0000000100919e00::visitElement (43 bytes)

Stack: [0x000000068b100000,0x000000068b200000],  sp=0x000000068b1fb380,  free space=1004k
Native frames: (J=compiled Java code, j=interpreted, Vv=VM code, C=native code)


siginfo: EXCEPTION_ACCESS_VIOLATION (0xc0000005), data execution prevention violation at address 0x0000000000000000


Registers:
RAX=0x000001d775301558, RBX=0x000000068b1fbfb8, RCX=0x000001d775301528, RDX=0x0000000000000000
RSP=0x000000068b1fb378, RBP=0x000000000000060e, RSI=0x00000000696c39f0, RDI=0x000001d775301528
R8 =0x000001d77ab04080, R9 =0x000001d779c31370, R10=0x00000000000039f1, R11=0x0000000000003fff
R12=0x0000000000000000, R13=0x0000000000001aa3, R14=0x000001d7755d1fd8, R15=0x0000000000002000
RIP=0x0000000000000000, EFLAGS=0x0000000000010283


Register to memory mapping:

RIP=0x0 is NULL
RAX=0x000001d775301558 points into unknown readable memory: 0x0000000000000000 | 00 00 00 00 00 00 00 00
RBX=0x000000068b1fbfb8 is pointing into the stack for thread: 0x000001d77b5d1890
RCX=0x000001d775301528 points into unknown readable memory: 0x000001d775301558 | 58 15 30 75 d7 01 00 00
RDX=0x0 is NULL
RSP=0x000000068b1fb378 is pointing into the stack for thread: 0x000001d77b5d1890
RBP=0x000000000000060e is an unknown value
RSI=0x00000000696c39f0 is an unknown value
RDI=0x000001d775301528 points into unknown readable memory: 0x000001d775301558 | 58 15 30 75 d7 01 00 00
R8 =0x000001d77ab04080 points into unknown readable memory: 0x00007ff956916760 | 60 67 91 56 f9 7f 00 00
R9 =0x000001d779c31370 points into unknown readable memory: 0x000001d7753d0318 | 18 03 3d 75 d7 01 00 00
R10=0x00000000000039f1 is an unknown value
R11=0x0000000000003fff is an unknown value
R12=0x0 is NULL
R13=0x0000000000001aa3 is an unknown value
R14=0x000001d7755d1fd8 points into unknown readable memory: 0x0000000000000000 | 00 00 00 00 00 00 00 00
R15=0x0000000000002000 is an unknown value


Top of Stack: (sp=0x000000068b1fb378)
0x000000068b1fb378:   00007ff956707fcb 000000068b1fbfb8
0x000000068b1fb388:   0000000062812898 0000000000020000
0x000000068b1fb398:   000000068b1fbfb8 000001d773ec1f68
0x000000068b1fb3a8:   0000000000001aa3 0000000000000000
0x000000068b1fb3b8:   00007ff9567083b3 00000000000000e6
0x000000068b1fb3c8:   000001d773ec1f68 000000068b1fbfb8
0x000000068b1fb3d8:   000001d77947dfd0 000001d773ec32d0
0x000000068b1fb3e8:   0000000000000120 000001d77947dfd0
0x000000068b1fb3f8:   0000000000000000 000001d773ec1f68
0x000000068b1fb408:   00007ff956709fa7 000001d773ec1f68
0x000000068b1fb418:   000001d773ec1f68 00000000000000e6
0x000000068b1fb428:   000000068b1fb630 0000000000000120
0x000000068b1fb438:   00007ff95670896a 000000068b1fe600
0x000000068b1fb448:   00000000000000e6 000001d773ec1f68
0x000000068b1fb458:   000000068b1fb630 0000000000000022
0x000000068b1fb468:   00007ff9569a4bf8 000001d77947e000
0x000000068b1fb478:   00007ff956279ae1 000000068b1fe788
0x000000068b1fb488:   000000068b1fe788 000000068b1fe600
0x000000068b1fb498:   000000068b1fb580 000001d700000000
0x000000068b1fb4a8:   00007ff95685bf3f 000000060000000f
0x000000068b1fb4b8:   000000068b1fe600 000000068b1fb630
0x000000068b1fb4c8:   000001d77ce67430 000001d77ce675d8
0x000000068b1fb4d8:   000001d77ce67ac8 000001d77ce67b30
0x000000068b1fb4e8:   000001d77ce67648 000001d77ce674b8
0x000000068b1fb4f8:   000001d77ce67520 000001d77ce67bd8
0x000000068b1fb508:   000001d77ce679b8 000001d77c873601
0x000000068b1fb518:   00007ff95685bf3f 0000000000000000
0x000000068b1fb528:   0000000000000000 0000000000000000
0x000000068b1fb538:   00007ff95685ba00 000001d776accc48
0x000000068b1fb548:   00007ff9569a4bf8 0000000000000000
0x000000068b1fb558:   0000000000000000 0000000000000000
0x000000068b1fb568:   00007ff9569a4bf8 000001d776acca00 

Instructions: (pc=0x00007ff956707fcb)
0x00007ff956707ecb:   cc cc cc cc cc 48 85 d2 74 1b 8b 52 28 48 8b 41
0x00007ff956707edb:   50 48 8b 0c d0 48 85 c9 74 0b 33 c0 83 79 10 04
0x00007ff956707eeb:   48 0f 44 c1 c3 33 c0 c3 cc cc cc cc cc cc cc cc
0x00007ff956707efb:   cc cc cc cc cc 48 89 5c 24 10 48 89 74 24 18 57
0x00007ff956707f0b:   41 56 41 57 48 83 ec 20 44 8b 79 08 48 8b d9 48
0x00007ff956707f1b:   8b 39 4c 8b 71 18 c7 41 0c 00 00 00 00 43 8d 04
0x00007ff956707f2b:   3f 8b f0 89 41 08 48 c1 e6 03 48 8b c6 48 f7 d0
0x00007ff956707f3b:   48 3b 47 18 73 12 4c 8d 05 08 0a 27 00 48 8b d6
0x00007ff956707f4b:   48 8b cf e8 dd 57 a0 ff 48 8b 47 18 48 8d 0c 30
0x00007ff956707f5b:   48 3b 4f 20 76 10 45 33 c0 48 8b d6 48 8b cf e8
0x00007ff956707f6b:   21 55 a0 ff eb 04 48 89 4f 18 44 8b 43 08 33 d2
0x00007ff956707f7b:   49 c1 e0 03 48 8b c8 48 89 43 18 e8 77 de 1e 00
0x00007ff956707f8b:   8b 4b 08 8b c1 c1 e8 02 2b c8 89 4b 10 45 85 ff
0x00007ff956707f9b:   0f 84 8a 00 00 00 48 89 6c 24 40 49 8b ef 0f 1f
0x00007ff956707fab:   80 00 00 00 00 49 8b 3e 4d 8d 76 08 48 85 ff 74
0x00007ff956707fbb:   64 48 3b 7b 20 74 5e 48 8b 07 48 8b cf ff 50 58
0x00007ff956707fcb:   8b f0 85 c0 74 4f ff 43 0c 8b 4b 0c 3b 4b 10 75
0x00007ff956707fdb:   08 48 8b cb e8 1c ff ff ff 44 8b 5b 08 4c 8b 4b
0x00007ff956707feb:   18 41 ff cb 41 8b c3 23 c6 44 8b d0 41 83 ca 01
0x00007ff956707ffb:   49 8b 14 c1 48 85 d2 74 18 4c 8b 43 20 49 3b d0
0x00007ff95670800b:   74 0f 41 03 c2 41 23 c3 49 8b 14 c1 48 85 d2 75
0x00007ff95670801b:   ec 49 89 3c c1 48 83 ed 01 75 8a 48 8b 6c 24 40
0x00007ff95670802b:   48 8b 5c 24 48 48 8b 74 24 50 48 83 c4 20 41 5f
0x00007ff95670803b:   41 5e 5f c3 cc 48 89 5c 24 08 48 89 6c 24 10 48
0x00007ff95670804b:   89 74 24 18 57 48 83 ec 30 83 79 08 00 8b f2 48
0x00007ff95670805b:   8b f9 75 53 48 8b 19 c7 41 08 01 00 00 00 48 83
0x00007ff95670806b:   7b 18 ef 76 14 4c 8d 05 d9 08 27 00 ba 10 00 00
0x00007ff95670807b:   00 48 8b cb e8 ac 56 a0 ff 48 8b 43 18 48 8d 48
0x00007ff95670808b:   10 48 3b 4b 20 76 11 45 33 c0 48 8b cb 41 8d 50
0x00007ff95670809b:   10 e8 ef 53 a0 ff eb 04 48 89 4b 18 48 89 47 10
0x00007ff9567080ab:   48 c7 00 00 00 00 00 8b 6f 08 8d 56 01 85 d2 74
0x00007ff9567080bb:   04 85 d6 74 0c 0f bd ca ba 01 00 00 00 ff c1 d3 


Stack slot to memory mapping:
stack at sp + 0 slots: 0x000000068b1fbfb8 is pointing into the stack for thread: 0x000001d77b5d1890
stack at sp + 1 slots: 0x0000000062812898 is an unknown value
stack at sp + 2 slots: 0x0000000000020000 is an unknown value
stack at sp + 3 slots: 0x000000068b1fbfb8 is pointing into the stack for thread: 0x000001d77b5d1890
stack at sp + 4 slots: 0x000001d773ec1f68 points into unknown readable memory: 0x00007ff95697c928 | 28 c9 97 56 f9 7f 00 00
stack at sp + 5 slots: 0x0000000000001aa3 is an unknown value
stack at sp + 6 slots: 0x0 is NULL
stack at sp + 7 slots: 0x00007ff9567083b3 jvm.dll


---------------  P R O C E S S  ---------------

Threads class SMR info:
_java_thread_list=0x000001d77908c660, length=48, elements={
0x000001d75aa7f570, 0x000001d76e919fd0, 0x000001d76e91b1a0, 0x000001d75ab3a210,
0x000001d75ab3ada0, 0x000001d75ab3b930, 0x000001d75ab3e770, 0x000001d773c0a410,
0x000001d773c696e0, 0x000001d773c6d8a0, 0x000001d773c98aa0, 0x000001d773f1d250,
0x000001d77518f4a0, 0x000001d77549d1c0, 0x000001d7754399d0, 0x000001d774dd3900,
0x000001d7759efa10, 0x000001d775698090, 0x000001d7756985a0, 0x000001d775698ab0,
0x000001d775697b80, 0x000001d775696740, 0x000001d7784f0630, 0x000001d7784f29a0,
0x000001d7784f2490, 0x000001d7784f2eb0, 0x000001d7784f33c0, 0x000001d7784ef700,
0x000001d7784f0b40, 0x000001d7784efc10, 0x000001d7784f38d0, 0x000001d7784f1050,
0x000001d7784eddb0, 0x000001d7784ee7d0, 0x000001d7784f5730, 0x000001d775697160,
0x000001d778b300c0, 0x000001d778b2aab0, 0x000001d778b2a090, 0x000001d77b5d2330,
0x000001d77b5d1890, 0x000001d778b2dd50, 0x000001d778b2afc0, 0x000001d778b2b4d0,
0x000001d778b2c400, 0x000001d778b2c910, 0x000001d778b2ce20, 0x000001d778b2e260
}

Java Threads: ( => current thread )
  0x000001d75aa7f570 JavaThread "main" [_thread_blocked, id=5320, stack(0x0000000689000000,0x0000000689100000)]
  0x000001d76e919fd0 JavaThread "Reference Handler" daemon [_thread_blocked, id=8472, stack(0x0000000689300000,0x0000000689400000)]
  0x000001d76e91b1a0 JavaThread "Finalizer" daemon [_thread_blocked, id=14100, stack(0x0000000689400000,0x0000000689500000)]
  0x000001d75ab3a210 JavaThread "Signal Dispatcher" daemon [_thread_blocked, id=13624, stack(0x0000000689500000,0x0000000689600000)]
  0x000001d75ab3ada0 JavaThread "Attach Listener" daemon [_thread_blocked, id=14096, stack(0x0000000689600000,0x0000000689700000)]
  0x000001d75ab3b930 JavaThread "Service Thread" daemon [_thread_blocked, id=11360, stack(0x0000000689700000,0x0000000689800000)]
  0x000001d75ab3e770 JavaThread "Monitor Deflation Thread" daemon [_thread_blocked, id=11356, stack(0x0000000689800000,0x0000000689900000)]
  0x000001d773c0a410 JavaThread "C2 CompilerThread0" daemon [_thread_in_native, id=11024, stack(0x0000000689900000,0x0000000689a00000)]
  0x000001d773c696e0 JavaThread "C1 CompilerThread0" daemon [_thread_blocked, id=10912, stack(0x0000000689a00000,0x0000000689b00000)]
  0x000001d773c6d8a0 JavaThread "Sweeper thread" daemon [_thread_blocked, id=11720, stack(0x0000000689b00000,0x0000000689c00000)]
  0x000001d773c98aa0 JavaThread "Common-Cleaner" daemon [_thread_blocked, id=904, stack(0x0000000689c00000,0x0000000689d00000)]
  0x000001d773f1d250 JavaThread "Notification Thread" daemon [_thread_blocked, id=7840, stack(0x0000000689e00000,0x0000000689f00000)]
  0x000001d77518f4a0 JavaThread "Active Thread: Equinox Container: 5e0e0e67-d064-4e78-aa92-4b67a6157701" [_thread_blocked, id=7796, stack(0x000000068a700000,0x000000068a800000)]
  0x000001d77549d1c0 JavaThread "Refresh Thread: Equinox Container: 5e0e0e67-d064-4e78-aa92-4b67a6157701" daemon [_thread_blocked, id=12128, stack(0x000000068a800000,0x000000068a900000)]
  0x000001d7754399d0 JavaThread "Framework Event Dispatcher: Equinox Container: 5e0e0e67-d064-4e78-aa92-4b67a6157701" daemon [_thread_blocked, id=5252, stack(0x000000068a900000,0x000000068aa00000)]
  0x000001d774dd3900 JavaThread "Start Level: Equinox Container: 5e0e0e67-d064-4e78-aa92-4b67a6157701" daemon [_thread_blocked, id=1484, stack(0x000000068aa00000,0x000000068ab00000)]
  0x000001d7759efa10 JavaThread "Bundle File Closer" daemon [_thread_blocked, id=2940, stack(0x000000068ac00000,0x000000068ad00000)]
  0x000001d775698090 JavaThread "SCR Component Actor" daemon [_thread_blocked, id=8368, stack(0x000000068ad00000,0x000000068ae00000)]
  0x000001d7756985a0 JavaThread "Worker-JM" [_thread_blocked, id=12760, stack(0x000000068a000000,0x000000068a100000)]
  0x000001d775698ab0 JavaThread "JNA Cleaner" daemon [_thread_blocked, id=3744, stack(0x0000000689d00000,0x0000000689e00000)]
  0x000001d775697b80 JavaThread "Worker-2: Shutdown..." [_thread_blocked, id=532, stack(0x000000068b300000,0x000000068b400000)]
  0x000001d775696740 JavaThread "Java indexing" daemon [_thread_blocked, id=8396, stack(0x000000068b400000,0x000000068b500000)]
  0x000001d7784f0630 JavaThread "Thread-2" daemon [_thread_in_native, id=9652, stack(0x000000068b900000,0x000000068ba00000)]
  0x000001d7784f29a0 JavaThread "Thread-3" daemon [_thread_in_native, id=1136, stack(0x000000068ba00000,0x000000068bb00000)]
  0x000001d7784f2490 JavaThread "Thread-4" daemon [_thread_in_native, id=5948, stack(0x000000068bb00000,0x000000068bc00000)]
  0x000001d7784f2eb0 JavaThread "Thread-5" daemon [_thread_in_native, id=7360, stack(0x000000068bc00000,0x000000068bd00000)]
  0x000001d7784f33c0 JavaThread "Thread-6" daemon [_thread_in_native, id=4032, stack(0x000000068bd00000,0x000000068be00000)]
  0x000001d7784ef700 JavaThread "Thread-7" daemon [_thread_in_native, id=10068, stack(0x000000068be00000,0x000000068bf00000)]
  0x000001d7784f0b40 JavaThread "Thread-8" daemon [_thread_in_native, id=12300, stack(0x000000068bf00000,0x000000068c000000)]
  0x000001d7784efc10 JavaThread "Thread-9" daemon [_thread_in_native, id=12700, stack(0x000000068c000000,0x000000068c100000)]
  0x000001d7784f38d0 JavaThread "Thread-10" daemon [_thread_in_native, id=13328, stack(0x000000068c100000,0x000000068c200000)]
  0x000001d7784f1050 JavaThread "pool-2-thread-1" [_thread_blocked, id=13212, stack(0x000000068c300000,0x000000068c400000)]
  0x000001d7784eddb0 JavaThread "WorkspaceEventsHandler" [_thread_blocked, id=7844, stack(0x000000068c500000,0x000000068c600000)]
  0x000001d7784ee7d0 JavaThread "pool-1-thread-1" [_thread_blocked, id=12480, stack(0x000000068c600000,0x000000068c700000)]
  0x000001d7784f5730 JavaThread "Timer-0" [_thread_blocked, id=13288, stack(0x000000068c800000,0x000000068c900000)]
  0x000001d775697160 JavaThread "Timer-1" [_thread_blocked, id=11548, stack(0x000000068c900000,0x000000068ca00000)]
  0x000001d778b300c0 JavaThread "Worker-8" [_thread_blocked, id=13196, stack(0x0000000688f00000,0x0000000689000000)]
  0x000001d778b2aab0 JavaThread "ForkJoinPool.commonPool-worker-8" daemon [_thread_blocked, id=12944, stack(0x000000068ae00000,0x000000068af00000)]
  0x000001d778b2a090 JavaThread "pool-4-thread-1" [_thread_blocked, id=14512, stack(0x000000068af00000,0x000000068b000000)]
  0x000001d77b5d2330 JavaThread "C2 CompilerThread1" daemon [_thread_in_native, id=7716, stack(0x000000068b000000,0x000000068b100000)]
=>0x000001d77b5d1890 JavaThread "C2 CompilerThread2" daemon [_thread_in_native, id=14644, stack(0x000000068b100000,0x000000068b200000)]
  0x000001d778b2dd50 JavaThread "ForkJoinPool-4-worker-1" daemon [_thread_blocked, id=11872, stack(0x000000068b200000,0x000000068b300000)]
  0x000001d778b2afc0 JavaThread "ForkJoinPool-4-worker-2" daemon [_thread_in_Java, id=14916, stack(0x000000068b500000,0x000000068b600000)]
  0x000001d778b2b4d0 JavaThread "ForkJoinPool-4-worker-3" daemon [_thread_blocked, id=7672, stack(0x000000068b700000,0x000000068b800000)]
  0x000001d778b2c400 JavaThread "ForkJoinPool-4-worker-4" daemon [_thread_blocked, id=12812, stack(0x000000068b800000,0x000000068b900000)]
  0x000001d778b2c910 JavaThread "ForkJoinPool-4-worker-5" daemon [_thread_blocked, id=5940, stack(0x000000068c200000,0x000000068c300000)]
  0x000001d778b2ce20 JavaThread "ForkJoinPool-4-worker-6" daemon [_thread_blocked, id=5240, stack(0x000000068c400000,0x000000068c500000)]
  0x000001d778b2e260 JavaThread "ForkJoinPool-4-worker-7" daemon [_thread_blocked, id=7896, stack(0x000000068c700000,0x000000068c800000)]

Other Threads:
  0x000001d76e919860 VMThread "VM Thread" [stack: 0x0000000689200000,0x0000000689300000] [id=7828]
  0x000001d773f1d730 WatcherThread [stack: 0x0000000689f00000,0x000000068a000000] [id=6920]
  0x000001d75aa95d00 GCTaskThread "GC Thread#0" [stack: 0x0000000689100000,0x0000000689200000] [id=1288]
  0x000001d774ec4080 GCTaskThread "GC Thread#1" [stack: 0x000000068a100000,0x000000068a200000] [id=12404]
  0x000001d7752d8fc0 GCTaskThread "GC Thread#2" [stack: 0x000000068a200000,0x000000068a300000] [id=6780]
  0x000001d7752d9280 GCTaskThread "GC Thread#3" [stack: 0x000000068a300000,0x000000068a400000] [id=13248]
  0x000001d7752d9540 GCTaskThread "GC Thread#4" [stack: 0x000000068a400000,0x000000068a500000] [id=12596]
  0x000001d7752d9800 GCTaskThread "GC Thread#5" [stack: 0x000000068a500000,0x000000068a600000] [id=1420]
  0x000001d774ea8280 GCTaskThread "GC Thread#6" [stack: 0x000000068a600000,0x000000068a700000] [id=12584]
  0x000001d774dd41b0 GCTaskThread "GC Thread#7" [stack: 0x000000068ab00000,0x000000068ac00000] [id=9292]

Threads with active compile tasks:
C2 CompilerThread0   662025 17409   !   4       org.eclipse.core.internal.resources.SaveManager::lambda$4 (137 bytes)
C2 CompilerThread1   662025 17411       4       org.eclipse.core.internal.resources.MarkerWriter::save (139 bytes)
C2 CompilerThread2   662025 17408       4       org.eclipse.core.internal.resources.SaveManager$$Lambda$702/0x0000000100919e00::visitElement (43 bytes)

VM state: not at safepoint (normal execution)

VM Mutex/Monitor currently owned by a thread: None

Heap address: 0x00000000c0000000, size: 1024 MB, Compressed Oops mode: 32-bit

CDS archive(s) not mapped
Compressed class space mapped at: 0x0000000100000000-0x0000000140000000, reserved size: 1073741824
Narrow klass base: 0x0000000000000000, Narrow klass shift: 3, Narrow klass range: 0x140000000

GC Precious Log:
 CPUs: 8 total, 8 available
 Memory: 16321M
 Large Page Support: Disabled
 NUMA Support: Disabled
 Compressed Oops: Enabled (32-bit)
 Alignments: Space 512K, Generation 512K, Heap 2M
 Heap Min Capacity: 100M
 Heap Initial Capacity: 100M
 Heap Max Capacity: 1G
 Pre-touch: Disabled
 Parallel Workers: 8

Heap:
 PSYoungGen      total 3584K, used 588K [0x00000000eab00000, 0x00000000eb100000, 0x0000000100000000)
  eden space 3072K, 12% used [0x00000000eab00000,0x00000000eab633b0,0x00000000eae00000)
  from space 512K, 37% used [0x00000000eb080000,0x00000000eb0b0000,0x00000000eb100000)
  to   space 512K, 0% used [0x00000000eb000000,0x00000000eb000000,0x00000000eb080000)
 ParOldGen       total 311296K, used 297453K [0x00000000c0000000, 0x00000000d3000000, 0x00000000eab00000)
  object space 311296K, 95% used [0x00000000c0000000,0x00000000d227b4c0,0x00000000d3000000)
 Metaspace       used 81780K, committed 83072K, reserved 1179648K
  class space    used 8754K, committed 9344K, reserved 1048576K

Card table byte_map: [0x000001d75a450000,0x000001d75a660000] _byte_map_base: 0x000001d759e50000

Marking Bits: (ParMarkBitMap*) 0x00007ff956c06940
 Begin Bits: [0x000001d76c720000, 0x000001d76d720000)
 End Bits:   [0x000001d76d720000, 0x000001d76e720000)

Polling page: 0x000001d75a240000

Metaspace:

Usage:
  Non-class:     71.31 MB used.
      Class:      8.55 MB used.
       Both:     79.86 MB used.

Virtual space:
  Non-class space:      128.00 MB reserved,      72.00 MB ( 56%) committed,  2 nodes.
      Class space:        1.00 GB reserved,       9.12 MB ( <1%) committed,  1 nodes.
             Both:        1.12 GB reserved,      81.12 MB (  7%) committed. 

Chunk freelists:
   Non-Class:  7.63 MB
       Class:  6.85 MB
        Both:  14.49 MB

MaxMetaspaceSize: unlimited
CompressedClassSpaceSize: 1.00 GB
Initial GC threshold: 21.00 MB
Current GC threshold: 134.62 MB
CDS: off
MetaspaceReclaimPolicy: balanced
 - commit_granule_bytes: 65536.
 - commit_granule_words: 8192.
 - virtual_space_node_default_size: 8388608.
 - enlarge_chunks_in_place: 1.
 - new_chunks_are_fully_committed: 0.
 - uncommit_free_chunks: 1.
 - use_allocation_guard: 0.
 - handle_deallocations: 1.


Internal statistics:

num_allocs_failed_limit: 6.
num_arena_births: 874.
num_arena_deaths: 14.
num_vsnodes_births: 3.
num_vsnodes_deaths: 0.
num_space_committed: 1298.
num_space_uncommitted: 0.
num_chunks_returned_to_freelist: 20.
num_chunks_taken_from_freelist: 4210.
num_chunk_merges: 10.
num_chunk_splits: 2651.
num_chunks_enlarged: 1617.
num_inconsistent_stats: 0.

CodeHeap 'non-profiled nmethods': size=120000Kb used=12186Kb max_used=12186Kb free=107813Kb
 bounds [0x000001d7651f0000, 0x000001d765de0000, 0x000001d76c720000]
CodeHeap 'profiled nmethods': size=120000Kb used=27288Kb max_used=27376Kb free=92711Kb
 bounds [0x000001d75d720000, 0x000001d75f1e0000, 0x000001d764c50000]
CodeHeap 'non-nmethods': size=5760Kb used=1383Kb max_used=1553Kb free=4377Kb
 bounds [0x000001d764c50000, 0x000001d764ec0000, 0x000001d7651f0000]
 total_blobs=13499 nmethods=12767 adapters=643
 compilation: enabled
              stopped_count=0, restarted_count=0
 full_count=0

Compilation events (20 events):
Event: 661.881 Thread 0x000001d773c696e0 nmethod 17402 0x000001d75edf7d90 code [0x000001d75edf8020, 0x000001d75edf8bf8]
Event: 661.881 Thread 0x000001d773c696e0 17400       3       org.eclipse.core.internal.resources.MarkerManager::save (13 bytes)
Event: 661.882 Thread 0x000001d773c696e0 nmethod 17400 0x000001d75e9aa190 code [0x000001d75e9aa340, 0x000001d75e9aa488]
Event: 661.882 Thread 0x000001d773c696e0 17401       3       org.eclipse.core.internal.resources.Synchronizer::saveSyncInfo (13 bytes)
Event: 661.882 Thread 0x000001d77b5d2330 17403 %     4       org.eclipse.core.internal.resources.MarkerWriter::write @ 22 (155 bytes)
Event: 661.882 Thread 0x000001d773c696e0 nmethod 17401 0x000001d75d795390 code [0x000001d75d795540, 0x000001d75d795688]
Event: 661.882 Thread 0x000001d773c696e0 17406       3       org.eclipse.core.internal.resources.MarkerWriter::write (100 bytes)
Event: 661.883 Thread 0x000001d77b5d1890 nmethod 17396 0x000001d765dc9f90 code [0x000001d765dca140, 0x000001d765dca798]
Event: 661.883 Thread 0x000001d77b5d1890 17407       4       java.io.DataOutputStream::writeShort (40 bytes)
Event: 661.883 Thread 0x000001d773c696e0 nmethod 17406 0x000001d75edf6910 code [0x000001d75edf6bc0, 0x000001d75edf7868]
Event: 661.892 Thread 0x000001d77b5d1890 nmethod 17407 0x000001d765dcac90 code [0x000001d765dcae40, 0x000001d765dcb838]
Event: 661.892 Thread 0x000001d77b5d1890 17405       4       org.eclipse.core.internal.resources.MarkerAttributeMap::entrySet (10 bytes)
Event: 661.894 Thread 0x000001d77b5d1890 nmethod 17405 0x000001d765dcbe10 code [0x000001d765dcbfa0, 0x000001d765dcc0f8]
Event: 661.894 Thread 0x000001d77b5d1890 17404       4       org.eclipse.core.internal.resources.MarkerAttributeMap::size (10 bytes)
Event: 661.895 Thread 0x000001d77b5d1890 nmethod 17404 0x000001d765dcc290 code [0x000001d765dcc420, 0x000001d765dcc4f8]
Event: 661.895 Thread 0x000001d77b5d1890 17408       4       org.eclipse.core.internal.resources.SaveManager$$Lambda$702/0x0000000100919e00::visitElement (43 bytes)
Event: 661.901 Thread 0x000001d77b5d2330 nmethod 17403% 0x000001d765dcc610 code [0x000001d765dcc820, 0x000001d765dcd358]
Event: 661.901 Thread 0x000001d77b5d2330 17411       4       org.eclipse.core.internal.resources.MarkerWriter::save (139 bytes)
Event: 661.918 Thread 0x000001d773c0a410 nmethod 17373% 0x000001d765dcdc90 code [0x000001d765dce1a0, 0x000001d765dd1d30]
Event: 661.918 Thread 0x000001d773c0a410 17412       4       org.eclipse.core.internal.resources.MarkerWriter::write (155 bytes)

GC Heap History (20 events):
Event: 100.057 GC heap before
{Heap before GC invocations=2946 (full 40):
 PSYoungGen      total 3072K, used 2969K [0x00000000eab00000, 0x00000000eb000000, 0x0000000100000000)
  eden space 1536K, 98% used [0x00000000eab00000,0x00000000eac7b558,0x00000000eac80000)
  from space 1536K, 94% used [0x00000000eac80000,0x00000000eadeb000,0x00000000eae00000)
  to   space 1536K, 0% used [0x00000000eae80000,0x00000000eae80000,0x00000000eb000000)
 ParOldGen       total 311296K, used 286543K [0x00000000c0000000, 0x00000000d3000000, 0x00000000eab00000)
  object space 311296K, 92% used [0x00000000c0000000,0x00000000d17d3e18,0x00000000d3000000)
 Metaspace       used 81418K, committed 82752K, reserved 1179648K
  class space    used 8703K, committed 9280K, reserved 1048576K
}
Event: 100.059 GC heap after
{Heap after GC invocations=2946 (full 40):
 PSYoungGen      total 3584K, used 1468K [0x00000000eab00000, 0x00000000eb000000, 0x0000000100000000)
  eden space 2048K, 0% used [0x00000000eab00000,0x00000000eab00000,0x00000000ead00000)
  from space 1536K, 95% used [0x00000000eae80000,0x00000000eafef000,0x00000000eb000000)
  to   space 1536K, 0% used [0x00000000ead00000,0x00000000ead00000,0x00000000eae80000)
 ParOldGen       total 311296K, used 287933K [0x00000000c0000000, 0x00000000d3000000, 0x00000000eab00000)
  object space 311296K, 92% used [0x00000000c0000000,0x00000000d192f600,0x00000000d3000000)
 Metaspace       used 81418K, committed 82752K, reserved 1179648K
  class space    used 8703K, committed 9280K, reserved 1048576K
}
Event: 100.064 GC heap before
{Heap before GC invocations=2947 (full 40):
 PSYoungGen      total 3584K, used 3515K [0x00000000eab00000, 0x00000000eb000000, 0x0000000100000000)
  eden space 2048K, 99% used [0x00000000eab00000,0x00000000eacffff0,0x00000000ead00000)
  from space 1536K, 95% used [0x00000000eae80000,0x00000000eafef000,0x00000000eb000000)
  to   space 1536K, 0% used [0x00000000ead00000,0x00000000ead00000,0x00000000eae80000)
 ParOldGen       total 311296K, used 287933K [0x00000000c0000000, 0x00000000d3000000, 0x00000000eab00000)
  object space 311296K, 92% used [0x00000000c0000000,0x00000000d192f600,0x00000000d3000000)
 Metaspace       used 81418K, committed 82752K, reserved 1179648K
  class space    used 8703K, committed 9280K, reserved 1048576K
}
Event: 100.066 GC heap after
{Heap after GC invocations=2947 (full 40):
 PSYoungGen      total 3584K, used 1532K [0x00000000eab00000, 0x00000000eb580000, 0x0000000100000000)
  eden space 2048K, 0% used [0x00000000eab00000,0x00000000eab00000,0x00000000ead00000)
  from space 1536K, 99% used [0x00000000ead00000,0x00000000eae7f000,0x00000000eae80000)
  to   space 4096K, 0% used [0x00000000eb180000,0x00000000eb180000,0x00000000eb580000)
 ParOldGen       total 311296K, used 289854K [0x00000000c0000000, 0x00000000d3000000, 0x00000000eab00000)
  object space 311296K, 93% used [0x00000000c0000000,0x00000000d1b0fa50,0x00000000d3000000)
 Metaspace       used 81418K, committed 82752K, reserved 1179648K
  class space    used 8703K, committed 9280K, reserved 1048576K
}
Event: 100.070 GC heap before
{Heap before GC invocations=2948 (full 40):
 PSYoungGen      total 3584K, used 3580K [0x00000000eab00000, 0x00000000eb580000, 0x0000000100000000)
  eden space 2048K, 100% used [0x00000000eab00000,0x00000000ead00000,0x00000000ead00000)
  from space 1536K, 99% used [0x00000000ead00000,0x00000000eae7f000,0x00000000eae80000)
  to   space 4096K, 0% used [0x00000000eb180000,0x00000000eb180000,0x00000000eb580000)
 ParOldGen       total 311296K, used 289854K [0x00000000c0000000, 0x00000000d3000000, 0x00000000eab00000)
  object space 311296K, 93% used [0x00000000c0000000,0x00000000d1b0fa50,0x00000000d3000000)
 Metaspace       used 81418K, committed 82752K, reserved 1179648K
  class space    used 8703K, committed 9280K, reserved 1048576K
}
Event: 100.072 GC heap after
{Heap after GC invocations=2948 (full 40):
 PSYoungGen      total 5120K, used 2113K [0x00000000eab00000, 0x00000000eb400000, 0x0000000100000000)
  eden space 2560K, 0% used [0x00000000eab00000,0x00000000eab00000,0x00000000ead80000)
  from space 2560K, 82% used [0x00000000eb180000,0x00000000eb390400,0x00000000eb400000)
  to   space 3072K, 0% used [0x00000000eae00000,0x00000000eae00000,0x00000000eb100000)
 ParOldGen       total 311296K, used 291307K [0x00000000c0000000, 0x00000000d3000000, 0x00000000eab00000)
  object space 311296K, 93% used [0x00000000c0000000,0x00000000d1c7ae50,0x00000000d3000000)
 Metaspace       used 81418K, committed 82752K, reserved 1179648K
  class space    used 8703K, committed 9280K, reserved 1048576K
}
Event: 100.077 GC heap before
{Heap before GC invocations=2949 (full 40):
 PSYoungGen      total 5120K, used 4673K [0x00000000eab00000, 0x00000000eb400000, 0x0000000100000000)
  eden space 2560K, 100% used [0x00000000eab00000,0x00000000ead80000,0x00000000ead80000)
  from space 2560K, 82% used [0x00000000eb180000,0x00000000eb390400,0x00000000eb400000)
  to   space 3072K, 0% used [0x00000000eae00000,0x00000000eae00000,0x00000000eb100000)
 ParOldGen       total 311296K, used 291307K [0x00000000c0000000, 0x00000000d3000000, 0x00000000eab00000)
  object space 311296K, 93% used [0x00000000c0000000,0x00000000d1c7ae50,0x00000000d3000000)
 Metaspace       used 81418K, committed 82752K, reserved 1179648K
  class space    used 8703K, committed 9280K, reserved 1048576K
}
Event: 100.079 GC heap after
{Heap after GC invocations=2949 (full 40):
 PSYoungGen      total 5632K, used 2388K [0x00000000eab00000, 0x00000000eb300000, 0x0000000100000000)
  eden space 3072K, 0% used [0x00000000eab00000,0x00000000eab00000,0x00000000eae00000)
  from space 2560K, 93% used [0x00000000eae00000,0x00000000eb055120,0x00000000eb080000)
  to   space 2560K, 0% used [0x00000000eb080000,0x00000000eb080000,0x00000000eb300000)
 ParOldGen       total 311296K, used 293263K [0x00000000c0000000, 0x00000000d3000000, 0x00000000eab00000)
  object space 311296K, 94% used [0x00000000c0000000,0x00000000d1e63cf0,0x00000000d3000000)
 Metaspace       used 81418K, committed 82752K, reserved 1179648K
  class space    used 8703K, committed 9280K, reserved 1048576K
}
Event: 100.096 GC heap before
{Heap before GC invocations=2950 (full 40):
 PSYoungGen      total 5632K, used 5460K [0x00000000eab00000, 0x00000000eb300000, 0x0000000100000000)
  eden space 3072K, 100% used [0x00000000eab00000,0x00000000eae00000,0x00000000eae00000)
  from space 2560K, 93% used [0x00000000eae00000,0x00000000eb055120,0x00000000eb080000)
  to   space 2560K, 0% used [0x00000000eb080000,0x00000000eb080000,0x00000000eb300000)
 ParOldGen       total 311296K, used 293263K [0x00000000c0000000, 0x00000000d3000000, 0x00000000eab00000)
  object space 311296K, 94% used [0x00000000c0000000,0x00000000d1e63cf0,0x00000000d3000000)
 Metaspace       used 81418K, committed 82752K, reserved 1179648K
  class space    used 8703K, committed 9280K, reserved 1048576K
}
Event: 100.098 GC heap after
{Heap after GC invocations=2950 (full 40):
 PSYoungGen      total 5632K, used 2318K [0x00000000eab00000, 0x00000000eb400000, 0x0000000100000000)
  eden space 3072K, 0% used [0x00000000eab00000,0x00000000eab00000,0x00000000eae00000)
  from space 2560K, 90% used [0x00000000eb080000,0x00000000eb2c3990,0x00000000eb300000)
  to   space 2560K, 0% used [0x00000000eae00000,0x00000000eae00000,0x00000000eb080000)
 ParOldGen       total 311296K, used 295391K [0x00000000c0000000, 0x00000000d3000000, 0x00000000eab00000)
  object space 311296K, 94% used [0x00000000c0000000,0x00000000d2077cf0,0x00000000d3000000)
 Metaspace       used 81418K, committed 82752K, reserved 1179648K
  class space    used 8703K, committed 9280K, reserved 1048576K
}
Event: 100.124 GC heap before
{Heap before GC invocations=2951 (full 40):
 PSYoungGen      total 5632K, used 5390K [0x00000000eab00000, 0x00000000eb400000, 0x0000000100000000)
  eden space 3072K, 100% used [0x00000000eab00000,0x00000000eae00000,0x00000000eae00000)
  from space 2560K, 90% used [0x00000000eb080000,0x00000000eb2c3990,0x00000000eb300000)
  to   space 2560K, 0% used [0x00000000eae00000,0x00000000eae00000,0x00000000eb080000)
 ParOldGen       total 311296K, used 295391K [0x00000000c0000000, 0x00000000d3000000, 0x00000000eab00000)
  object space 311296K, 94% used [0x00000000c0000000,0x00000000d2077cf0,0x00000000d3000000)
 Metaspace       used 81419K, committed 82752K, reserved 1179648K
  class space    used 8703K, committed 9280K, reserved 1048576K
}
Event: 100.125 GC heap after
{Heap after GC invocations=2951 (full 40):
 PSYoungGen      total 5632K, used 834K [0x00000000eab00000, 0x00000000eb200000, 0x0000000100000000)
  eden space 3072K, 0% used [0x00000000eab00000,0x00000000eab00000,0x00000000eae00000)
  from space 2560K, 32% used [0x00000000eae00000,0x00000000eaed0850,0x00000000eb080000)
  to   space 1536K, 0% used [0x00000000eb080000,0x00000000eb080000,0x00000000eb200000)
 ParOldGen       total 311296K, used 295935K [0x00000000c0000000, 0x00000000d3000000, 0x00000000eab00000)
  object space 311296K, 95% used [0x00000000c0000000,0x00000000d20ffcf0,0x00000000d3000000)
 Metaspace       used 81419K, committed 82752K, reserved 1179648K
  class space    used 8703K, committed 9280K, reserved 1048576K
}
Event: 304.515 GC heap before
{Heap before GC invocations=2952 (full 40):
 PSYoungGen      total 5632K, used 3906K [0x00000000eab00000, 0x00000000eb200000, 0x0000000100000000)
  eden space 3072K, 100% used [0x00000000eab00000,0x00000000eae00000,0x00000000eae00000)
  from space 2560K, 32% used [0x00000000eae00000,0x00000000eaed0850,0x00000000eb080000)
  to   space 1536K, 0% used [0x00000000eb080000,0x00000000eb080000,0x00000000eb200000)
 ParOldGen       total 311296K, used 295935K [0x00000000c0000000, 0x00000000d3000000, 0x00000000eab00000)
  object space 311296K, 95% used [0x00000000c0000000,0x00000000d20ffcf0,0x00000000d3000000)
 Metaspace       used 81441K, committed 82752K, reserved 1179648K
  class space    used 8705K, committed 9280K, reserved 1048576K
}
Event: 304.517 GC heap after
{Heap after GC invocations=2952 (full 40):
 PSYoungGen      total 4096K, used 768K [0x00000000eab00000, 0x00000000eb180000, 0x0000000100000000)
  eden space 3072K, 0% used [0x00000000eab00000,0x00000000eab00000,0x00000000eae00000)
  from space 1024K, 75% used [0x00000000eb080000,0x00000000eb140000,0x00000000eb180000)
  to   space 1024K, 0% used [0x00000000eaf80000,0x00000000eaf80000,0x00000000eb080000)
 ParOldGen       total 311296K, used 296237K [0x00000000c0000000, 0x00000000d3000000, 0x00000000eab00000)
  object space 311296K, 95% used [0x00000000c0000000,0x00000000d214b798,0x00000000d3000000)
 Metaspace       used 81441K, committed 82752K, reserved 1179648K
  class space    used 8705K, committed 9280K, reserved 1048576K
}
Event: 306.534 GC heap before
{Heap before GC invocations=2953 (full 40):
 PSYoungGen      total 4096K, used 3840K [0x00000000eab00000, 0x00000000eb180000, 0x0000000100000000)
  eden space 3072K, 100% used [0x00000000eab00000,0x00000000eae00000,0x00000000eae00000)
  from space 1024K, 75% used [0x00000000eb080000,0x00000000eb140000,0x00000000eb180000)
  to   space 1024K, 0% used [0x00000000eaf80000,0x00000000eaf80000,0x00000000eb080000)
 ParOldGen       total 311296K, used 296237K [0x00000000c0000000, 0x00000000d3000000, 0x00000000eab00000)
  object space 311296K, 95% used [0x00000000c0000000,0x00000000d214b798,0x00000000d3000000)
 Metaspace       used 81609K, committed 82944K, reserved 1179648K
  class space    used 8723K, committed 9280K, reserved 1048576K
}
Event: 306.540 GC heap after
{Heap after GC invocations=2953 (full 40):
 PSYoungGen      total 4096K, used 608K [0x00000000eab00000, 0x00000000eb100000, 0x0000000100000000)
  eden space 3072K, 0% used [0x00000000eab00000,0x00000000eab00000,0x00000000eae00000)
  from space 1024K, 59% used [0x00000000eaf80000,0x00000000eb018000,0x00000000eb080000)
  to   space 512K, 0% used [0x00000000eb080000,0x00000000eb080000,0x00000000eb100000)
 ParOldGen       total 311296K, used 296845K [0x00000000c0000000, 0x00000000d3000000, 0x00000000eab00000)
  object space 311296K, 95% used [0x00000000c0000000,0x00000000d21e34b0,0x00000000d3000000)
 Metaspace       used 81609K, committed 82944K, reserved 1179648K
  class space    used 8723K, committed 9280K, reserved 1048576K
}
Event: 306.751 GC heap before
{Heap before GC invocations=2954 (full 40):
 PSYoungGen      total 4096K, used 3680K [0x00000000eab00000, 0x00000000eb100000, 0x0000000100000000)
  eden space 3072K, 100% used [0x00000000eab00000,0x00000000eae00000,0x00000000eae00000)
  from space 1024K, 59% used [0x00000000eaf80000,0x00000000eb018000,0x00000000eb080000)
  to   space 512K, 0% used [0x00000000eb080000,0x00000000eb080000,0x00000000eb100000)
 ParOldGen       total 311296K, used 296845K [0x00000000c0000000, 0x00000000d3000000, 0x00000000eab00000)
  object space 311296K, 95% used [0x00000000c0000000,0x00000000d21e34b0,0x00000000d3000000)
 Metaspace       used 81650K, committed 82944K, reserved 1179648K
  class space    used 8727K, committed 9280K, reserved 1048576K
}
Event: 306.754 GC heap after
{Heap after GC invocations=2954 (full 40):
 PSYoungGen      total 3584K, used 288K [0x00000000eab00000, 0x00000000eb100000, 0x0000000100000000)
  eden space 3072K, 0% used [0x00000000eab00000,0x00000000eab00000,0x00000000eae00000)
  from space 512K, 56% used [0x00000000eb080000,0x00000000eb0c8000,0x00000000eb100000)
  to   space 512K, 0% used [0x00000000eb000000,0x00000000eb000000,0x00000000eb080000)
 ParOldGen       total 311296K, used 297293K [0x00000000c0000000, 0x00000000d3000000, 0x00000000eab00000)
  object space 311296K, 95% used [0x00000000c0000000,0x00000000d22534b0,0x00000000d3000000)
 Metaspace       used 81650K, committed 82944K, reserved 1179648K
  class space    used 8727K, committed 9280K, reserved 1048576K
}
Event: 661.789 GC heap before
{Heap before GC invocations=2955 (full 40):
 PSYoungGen      total 3584K, used 3360K [0x00000000eab00000, 0x00000000eb100000, 0x0000000100000000)
  eden space 3072K, 100% used [0x00000000eab00000,0x00000000eae00000,0x00000000eae00000)
  from space 512K, 56% used [0x00000000eb080000,0x00000000eb0c8000,0x00000000eb100000)
  to   space 512K, 0% used [0x00000000eb000000,0x00000000eb000000,0x00000000eb080000)
 ParOldGen       total 311296K, used 297293K [0x00000000c0000000, 0x00000000d3000000, 0x00000000eab00000)
  object space 311296K, 95% used [0x00000000c0000000,0x00000000d22534b0,0x00000000d3000000)
 Metaspace       used 81736K, committed 83072K, reserved 1179648K
  class space    used 8744K, committed 9344K, reserved 1048576K
}
Event: 661.790 GC heap after
{Heap after GC invocations=2955 (full 40):
 PSYoungGen      total 3584K, used 261K [0x00000000eab00000, 0x00000000eb100000, 0x0000000100000000)
  eden space 3072K, 0% used [0x00000000eab00000,0x00000000eab00000,0x00000000eae00000)
  from space 512K, 50% used [0x00000000eb000000,0x00000000eb041410,0x00000000eb080000)
  to   space 512K, 0% used [0x00000000eb080000,0x00000000eb080000,0x00000000eb100000)
 ParOldGen       total 311296K, used 297397K [0x00000000c0000000, 0x00000000d3000000, 0x00000000eab00000)
  object space 311296K, 95% used [0x00000000c0000000,0x00000000d226d4b0,0x00000000d3000000)
 Metaspace       used 81736K, committed 83072K, reserved 1179648K
  class space    used 8744K, committed 9344K, reserved 1048576K
}

Dll operation events (15 events):
Event: 0.010 Loaded shared library c:\Users\Hamza tabani\.vscode\extensions\redhat.java-1.36.0-win32-x64\jre\17.0.13-win32-x86_64\bin\java.dll
Event: 0.261 Loaded shared library c:\Users\Hamza tabani\.vscode\extensions\redhat.java-1.36.0-win32-x64\jre\17.0.13-win32-x86_64\bin\zip.dll
Event: 0.264 Loaded shared library C:\Users\Hamza tabani\.vscode\extensions\redhat.java-1.36.0-win32-x64\jre\17.0.13-win32-x86_64\bin\instrument.dll
Event: 0.277 Loaded shared library C:\Users\Hamza tabani\.vscode\extensions\redhat.java-1.36.0-win32-x64\jre\17.0.13-win32-x86_64\bin\net.dll
Event: 0.279 Loaded shared library C:\Users\Hamza tabani\.vscode\extensions\redhat.java-1.36.0-win32-x64\jre\17.0.13-win32-x86_64\bin\nio.dll
Event: 0.287 Loaded shared library C:\Users\Hamza tabani\.vscode\extensions\redhat.java-1.36.0-win32-x64\jre\17.0.13-win32-x86_64\bin\zip.dll
Event: 0.305 Loaded shared library C:\Users\Hamza tabani\.vscode\extensions\redhat.java-1.36.0-win32-x64\jre\17.0.13-win32-x86_64\bin\jimage.dll
Event: 0.373 Loaded shared library c:\Users\Hamza tabani\.vscode\extensions\redhat.java-1.36.0-win32-x64\jre\17.0.13-win32-x86_64\bin\verify.dll
Event: 1.555 Loaded shared library C:\Users\Hamza tabani\AppData\Roaming\Code\User\globalStorage\redhat.java\1.36.0\config_win\org.eclipse.equinox.launcher\org.eclipse.equinox.launcher.win32.win32.x86_64_1.2.1100.v20240722-2106\eclipse_11904.dll
Event: 3.818 Loaded shared library C:\Users\Hamza tabani\AppData\Local\Temp\jna-84987212\jna15694372034765146950.dll
Event: 8.703 Loaded shared library C:\Users\Hamza tabani\.gradle\native\c067742578af261105cb4f569cf0c3c89f3d7b1fecec35dd04571415982c5e48\windows-amd64\native-platform.dll
Event: 9.923 Loaded shared library C:\Users\Hamza tabani\.vscode\extensions\redhat.java-1.36.0-win32-x64\jre\17.0.13-win32-x86_64\bin\management.dll
Event: 9.926 Loaded shared library C:\Users\Hamza tabani\.vscode\extensions\redhat.java-1.36.0-win32-x64\jre\17.0.13-win32-x86_64\bin\management_ext.dll
Event: 10.712 Loaded shared library C:\Users\Hamza tabani\.vscode\extensions\redhat.java-1.36.0-win32-x64\jre\17.0.13-win32-x86_64\bin\extnet.dll
Event: 10.799 Loaded shared library C:\Users\Hamza tabani\.vscode\extensions\redhat.java-1.36.0-win32-x64\jre\17.0.13-win32-x86_64\bin\sunmscapi.dll

Deoptimization events (20 events):
Event: 661.872 Thread 0x000001d778b2dd50 Uncommon trap: trap_request=0xffffffde fr.pc=0x000001d765c16f0c relative=0x00000000000014cc
Event: 661.872 Thread 0x000001d778b2dd50 Uncommon trap: reason=class_check action=maybe_recompile pc=0x000001d765c16f0c method=java.io.DataOutputStream.writeShort(I)V @ 31 c2
Event: 661.872 Thread 0x000001d778b2dd50 DEOPT PACKING pc=0x000001d765c16f0c sp=0x000000068b2fe0d0
Event: 661.872 Thread 0x000001d778b2dd50 DEOPT UNPACKING pc=0x000001d764ca66a3 sp=0x000000068b2fe040 mode 2
Event: 661.877 Thread 0x000001d778b2dd50 Uncommon trap: trap_request=0xffffffde fr.pc=0x000001d765c16f0c relative=0x00000000000014cc
Event: 661.877 Thread 0x000001d778b2dd50 Uncommon trap: reason=class_check action=maybe_recompile pc=0x000001d765c16f0c method=java.io.DataOutputStream.writeShort(I)V @ 31 c2
Event: 661.877 Thread 0x000001d778b2dd50 DEOPT PACKING pc=0x000001d765c16f0c sp=0x000000068b2fdcd0
Event: 661.877 Thread 0x000001d778b2dd50 DEOPT UNPACKING pc=0x000001d764ca66a3 sp=0x000000068b2fdc40 mode 2
Event: 661.877 Thread 0x000001d778b2dd50 Uncommon trap: trap_request=0xffffffde fr.pc=0x000001d765c16f0c relative=0x00000000000014cc
Event: 661.877 Thread 0x000001d778b2dd50 Uncommon trap: reason=class_check action=maybe_recompile pc=0x000001d765c16f0c method=java.io.DataOutputStream.writeShort(I)V @ 31 c2
Event: 661.877 Thread 0x000001d778b2dd50 DEOPT PACKING pc=0x000001d765c16f0c sp=0x000000068b2fdcd0
Event: 661.877 Thread 0x000001d778b2dd50 DEOPT UNPACKING pc=0x000001d764ca66a3 sp=0x000000068b2fdc40 mode 2
Event: 661.878 Thread 0x000001d778b2dd50 Uncommon trap: trap_request=0xffffffde fr.pc=0x000001d765c16f0c relative=0x00000000000014cc
Event: 661.878 Thread 0x000001d778b2dd50 Uncommon trap: reason=class_check action=maybe_recompile pc=0x000001d765c16f0c method=java.io.DataOutputStream.writeShort(I)V @ 31 c2
Event: 661.878 Thread 0x000001d778b2dd50 DEOPT PACKING pc=0x000001d765c16f0c sp=0x000000068b2fdcd0
Event: 661.878 Thread 0x000001d778b2dd50 DEOPT UNPACKING pc=0x000001d764ca66a3 sp=0x000000068b2fdc40 mode 2
Event: 661.878 Thread 0x000001d778b2dd50 Uncommon trap: trap_request=0xffffffde fr.pc=0x000001d7657aaf70 relative=0x00000000000002d0
Event: 661.878 Thread 0x000001d778b2dd50 Uncommon trap: reason=class_check action=maybe_recompile pc=0x000001d7657aaf70 method=java.io.DataOutputStream.writeShort(I)V @ 31 c2
Event: 661.878 Thread 0x000001d778b2dd50 DEOPT PACKING pc=0x000001d7657aaf70 sp=0x000000068b2fdb00
Event: 661.878 Thread 0x000001d778b2dd50 DEOPT UNPACKING pc=0x000001d764ca66a3 sp=0x000000068b2fdab8 mode 2

Classes loaded (20 events):
Event: 306.517 Loading class java/util/stream/Nodes$CollectorTask$OfRef
Event: 306.517 Loading class java/util/stream/Nodes$CollectorTask
Event: 306.517 Loading class java/util/stream/AbstractTask
Event: 306.517 Loading class java/util/stream/AbstractTask done
Event: 306.519 Loading class java/util/stream/Nodes$CollectorTask done
Event: 306.519 Loading class java/util/stream/Nodes$CollectorTask$OfRef done
Event: 306.520 Loading class java/util/function/LongFunction
Event: 306.521 Loading class java/util/function/LongFunction done
Event: 306.521 Loading class java/util/stream/Nodes$ConcNode
Event: 306.521 Loading class java/util/stream/Nodes$AbstractConcNode
Event: 306.521 Loading class java/util/stream/Nodes$AbstractConcNode done
Event: 306.521 Loading class java/util/stream/Nodes$ConcNode done
Event: 306.529 Loading class java/io/ObjectOutputStream$BlockDataOutputStream
Event: 306.529 Loading class java/io/ObjectOutputStream$BlockDataOutputStream done
Event: 306.529 Loading class java/io/ObjectOutputStream$HandleTable
Event: 306.529 Loading class java/io/ObjectOutputStream$HandleTable done
Event: 306.529 Loading class java/io/ObjectOutputStream$ReplaceTable
Event: 306.529 Loading class java/io/ObjectOutputStream$ReplaceTable done
Event: 661.860 Loading class java/util/Collections$EmptyListIterator
Event: 661.860 Loading class java/util/Collections$EmptyListIterator done

Classes unloaded (7 events):
Event: 3.411 Thread 0x000001d76e919860 Unloading class 0x0000000100253000 'java/lang/invoke/LambdaForm$MH+0x0000000100253000'
Event: 3.411 Thread 0x000001d76e919860 Unloading class 0x0000000100252c00 'java/lang/invoke/LambdaForm$MH+0x0000000100252c00'
Event: 3.412 Thread 0x000001d76e919860 Unloading class 0x0000000100252800 'java/lang/invoke/LambdaForm$MH+0x0000000100252800'
Event: 3.412 Thread 0x000001d76e919860 Unloading class 0x0000000100252400 'java/lang/invoke/LambdaForm$MH+0x0000000100252400'
Event: 3.412 Thread 0x000001d76e919860 Unloading class 0x0000000100252000 'java/lang/invoke/LambdaForm$BMH+0x0000000100252000'
Event: 3.412 Thread 0x000001d76e919860 Unloading class 0x0000000100251c00 'java/lang/invoke/LambdaForm$DMH+0x0000000100251c00'
Event: 3.412 Thread 0x000001d76e919860 Unloading class 0x000000010024c400 'java/lang/invoke/LambdaForm$DMH+0x000000010024c400'

Classes redefined (0 events):
No events

Internal exceptions (20 events):
Event: 99.311 Thread 0x000001d775696740 Exception <a 'java/lang/ArrayIndexOutOfBoundsException'{0x00000000eac715e0}> (0x00000000eac715e0) 
thrown [s\src\hotspot\share\runtime\sharedRuntime.cpp, line 631]
Event: 99.311 Thread 0x000001d775696740 Exception <a 'java/lang/ArrayIndexOutOfBoundsException'{0x00000000eac75b90}> (0x00000000eac75b90) 
thrown [s\src\hotspot\share\runtime\sharedRuntime.cpp, line 631]
Event: 99.311 Thread 0x000001d775696740 Exception <a 'java/lang/ArrayIndexOutOfBoundsException'{0x00000000eac789e0}> (0x00000000eac789e0) 
thrown [s\src\hotspot\share\runtime\sharedRuntime.cpp, line 631]
Event: 99.312 Thread 0x000001d775696740 Exception <a 'java/lang/ArrayIndexOutOfBoundsException'{0x00000000eac940b0}> (0x00000000eac940b0) 
thrown [s\src\hotspot\share\runtime\sharedRuntime.cpp, line 631]
Event: 99.312 Thread 0x000001d775696740 Exception <a 'java/lang/ArrayIndexOutOfBoundsException'{0x00000000eac96f28}> (0x00000000eac96f28) 
thrown [s\src\hotspot\share\runtime\sharedRuntime.cpp, line 631]
Event: 99.312 Thread 0x000001d775696740 Exception <a 'java/lang/ArrayIndexOutOfBoundsException'{0x00000000eac9b578}> (0x00000000eac9b578) 
thrown [s\src\hotspot\share\runtime\sharedRuntime.cpp, line 631]
Event: 99.312 Thread 0x000001d775696740 Exception <a 'java/lang/ArrayIndexOutOfBoundsException'{0x00000000eac9e3c0}> (0x00000000eac9e3c0) 
thrown [s\src\hotspot\share\runtime\sharedRuntime.cpp, line 631]
Event: 99.312 Thread 0x000001d775696740 Exception <a 'java/lang/ArrayIndexOutOfBoundsException'{0x00000000eaca2cd0}> (0x00000000eaca2cd0) 
thrown [s\src\hotspot\share\runtime\sharedRuntime.cpp, line 631]
Event: 99.312 Thread 0x000001d775696740 Exception <a 'java/lang/ArrayIndexOutOfBoundsException'{0x00000000eaca5b20}> (0x00000000eaca5b20) 
thrown [s\src\hotspot\share\runtime\sharedRuntime.cpp, line 631]
Event: 99.312 Thread 0x000001d775696740 Exception <a 'java/lang/ArrayIndexOutOfBoundsException'{0x00000000eacaa128}> (0x00000000eacaa128) 
thrown [s\src\hotspot\share\runtime\sharedRuntime.cpp, line 631]
Event: 99.312 Thread 0x000001d775696740 Exception <a 'java/lang/ArrayIndexOutOfBoundsException'{0x00000000eacad1d8}> (0x00000000eacad1d8) 
thrown [s\src\hotspot\share\runtime\sharedRuntime.cpp, line 631]
Event: 99.312 Thread 0x000001d775696740 Exception <a 'java/lang/ArrayIndexOutOfBoundsException'{0x00000000eacb17e8}> (0x00000000eacb17e8) 
thrown [s\src\hotspot\share\runtime\sharedRuntime.cpp, line 631]
Event: 99.312 Thread 0x000001d775696740 Exception <a 'java/lang/ArrayIndexOutOfBoundsException'{0x00000000eacb4638}> (0x00000000eacb4638) 
thrown [s\src\hotspot\share\runtime\sharedRuntime.cpp, line 631]
Event: 99.984 Thread 0x000001d7761732a0 Implicit null exception at 0x000001d7655efba8 to 0x000001d7655f14ec
Event: 100.323 Thread 0x000001d7761732a0 Exception <a 'sun/nio/fs/WindowsException'{0x00000000ead1c828}> (0x00000000ead1c828) 
thrown [s\src\hotspot\share\prims\jni.cpp, line 516]
Event: 306.553 Thread 0x000001d778b300c0 Exception <a 'java/lang/NoSuchMethodError'{0x00000000eab79228}: 'java.lang.Object java.lang.invoke.DirectMethodHandle$Holder.newInvokeSpecial(java.lang.Object, java.lang.Object, java.lang.Object, java.lang.Object, java.lang.Object, java.lang.Object, java.lang.Object, java.lang.Object)'> (0x00000000eab79228) 
thrown [s\src\hotspot\share\interpreter\linkResolver.cpp, line 759]
Event: 306.554 Thread 0x000001d778b300c0 Exception <a 'java/lang/NoSuchMethodError'{0x00000000eab7dc40}: 'java.lang.Object java.lang.invoke.Invokers$Holder.linkToTargetMethod(java.lang.Object, java.lang.Object, java.lang.Object, java.lang.Object, java.lang.Object, java.lang.Object, java.lang.Object, java.lang.Object)'> (0x00000000eab7dc40) 
thrown [s\src\hotspot\share\interpreter\linkResolver.cpp, line 759]
Event: 661.864 Thread 0x000001d775697b80 Exception <a 'java/lang/NoSuchMethodError'{0x00000000eacf9028}: 'java.lang.Object java.lang.invoke.DirectMethodHandle$Holder.newInvokeSpecial(java.lang.Object, java.lang.Object, java.lang.Object, java.lang.Object, java.lang.Object, java.lang.Object, java.lang.Object, java.lang.Object, java.lang.Object, java.lang.Object)'> (0x00000000eacf9028) 
thrown [s\src\hotspot\share\interpreter\linkResolver.cpp, line 759]
Event: 661.864 Thread 0x000001d775697b80 Exception <a 'java/lang/NoSuchMethodError'{0x00000000eacfde40}: 'java.lang.Object java.lang.invoke.DirectMethodHandle$Holder.invokeSpecial(java.lang.Object, java.lang.Object, java.lang.Object, java.lang.Object, java.lang.Object, java.lang.Object, java.lang.Object, java.lang.Object, java.lang.Object, java.lang.Object, java.lang.Object)'> (0x00000000eacfde40) 
thrown [s\src\hotspot\share\interpreter\linkResolver.cpp, line 759]
Event: 661.865 Thread 0x000001d775697b80 Exception <a 'java/lang/NoSuchMethodError'{0x00000000ead025a0}: 'java.lang.Object java.lang.invoke.Invokers$Holder.linkToTargetMethod(java.lang.Object, java.lang.Object, java.lang.Object, java.lang.Object, java.lang.Object, java.lang.Object, java.lang.Object, java.lang.Object, java.lang.Object, java.lang.Object)'> (0x00000000ead025a0) 
thrown [s\src\hotspot\share\interpreter\linkResolver.cpp, line 759]

VM Operations (20 events):
Event: 306.633 Executing VM operation: HandshakeAllThreads
Event: 306.633 Executing VM operation: HandshakeAllThreads done
Event: 306.637 Executing VM operation: HandshakeAllThreads
Event: 306.637 Executing VM operation: HandshakeAllThreads done
Event: 306.751 Executing VM operation: ParallelGCFailedAllocation
Event: 306.754 Executing VM operation: ParallelGCFailedAllocation done
Event: 307.756 Executing VM operation: Cleanup
Event: 307.756 Executing VM operation: Cleanup done
Event: 361.029 Executing VM operation: HandshakeAllThreads
Event: 361.029 Executing VM operation: HandshakeAllThreads done
Event: 381.055 Executing VM operation: Cleanup
Event: 381.055 Executing VM operation: Cleanup done
Event: 421.269 Executing VM operation: HandshakeAllThreads
Event: 421.269 Executing VM operation: HandshakeAllThreads done
Event: 661.769 Executing VM operation: HandshakeAllThreads
Event: 661.770 Executing VM operation: HandshakeAllThreads done
Event: 661.770 Executing VM operation: Cleanup
Event: 661.770 Executing VM operation: Cleanup done
Event: 661.789 Executing VM operation: ParallelGCFailedAllocation
Event: 661.790 Executing VM operation: ParallelGCFailedAllocation done

Memory protections (0 events):
No events

Nmethod flushes (20 events):
Event: 306.656 Thread 0x000001d773c6d8a0 flushing  nmethod 0x000001d75ec3d790
Event: 306.657 Thread 0x000001d773c6d8a0 flushing  nmethod 0x000001d75ec51810
Event: 306.657 Thread 0x000001d773c6d8a0 flushing  nmethod 0x000001d75ec61e90
Event: 306.657 Thread 0x000001d773c6d8a0 flushing  nmethod 0x000001d75ecc1890
Event: 306.657 Thread 0x000001d773c6d8a0 flushing  nmethod 0x000001d75ecc4790
Event: 306.657 Thread 0x000001d773c6d8a0 flushing  nmethod 0x000001d75ecdc710
Event: 306.659 Thread 0x000001d773c6d8a0 flushing  nmethod 0x000001d75f0e5c90
Event: 306.659 Thread 0x000001d773c6d8a0 flushing  nmethod 0x000001d75f0e6010
Event: 306.659 Thread 0x000001d773c6d8a0 flushing  nmethod 0x000001d75f0f2290
Event: 306.659 Thread 0x000001d773c6d8a0 flushing  nmethod 0x000001d75f106990
Event: 306.659 Thread 0x000001d773c6d8a0 flushing  nmethod 0x000001d75f108690
Event: 306.659 Thread 0x000001d773c6d8a0 flushing  nmethod 0x000001d75f109810
Event: 306.659 Thread 0x000001d773c6d8a0 flushing  nmethod 0x000001d75f11a990
Event: 306.659 Thread 0x000001d773c6d8a0 flushing  nmethod 0x000001d75f11af10
Event: 306.659 Thread 0x000001d773c6d8a0 flushing  nmethod 0x000001d75f11b410
Event: 306.659 Thread 0x000001d773c6d8a0 flushing  nmethod 0x000001d75f11c510
Event: 306.659 Thread 0x000001d773c6d8a0 flushing  nmethod 0x000001d75f11db90
Event: 306.659 Thread 0x000001d773c6d8a0 flushing  nmethod 0x000001d75f11e710
Event: 306.660 Thread 0x000001d773c6d8a0 flushing  nmethod 0x000001d75f143d10
Event: 306.660 Thread 0x000001d773c6d8a0 flushing  nmethod 0x000001d75f163510

Events (20 events):
Event: 388.711 Thread 0x000001d776173cc0 Thread exited: 0x000001d776173cc0
Event: 400.338 Thread 0x000001d778b2e770 Thread exited: 0x000001d778b2e770
Event: 448.711 Thread 0x000001d7761746e0 Thread exited: 0x000001d7761746e0
Event: 460.350 Thread 0x000001d77616ebc0 Thread exited: 0x000001d77616ebc0
Event: 508.712 Thread 0x000001d7761741d0 Thread exited: 0x000001d7761741d0
Event: 520.350 Thread 0x000001d778b2c400 Thread exited: 0x000001d778b2c400
Event: 568.720 Thread 0x000001d776171e60 Thread exited: 0x000001d776171e60
Event: 661.732 Thread 0x000001d7784ee7d0 Thread added: 0x000001d778b2aab0
Event: 661.741 Thread 0x000001d7784ee7d0 Thread added: 0x000001d778b2a090
Event: 661.772 Thread 0x000001d773c696e0 Thread added: 0x000001d77b5d2330
Event: 661.791 Thread 0x000001d773c696e0 Thread added: 0x000001d77b5d1890
Event: 661.803 Thread 0x000001d775697b80 Thread added: 0x000001d778b2d330
Event: 661.832 Thread 0x000001d778b2d330 Thread exited: 0x000001d778b2d330
Event: 661.868 Thread 0x000001d775697b80 Thread added: 0x000001d778b2dd50
Event: 661.871 Thread 0x000001d778b2dd50 Thread added: 0x000001d778b2afc0
Event: 661.879 Thread 0x000001d778b2afc0 Thread added: 0x000001d778b2b4d0
Event: 661.879 Thread 0x000001d778b2afc0 Thread added: 0x000001d778b2c400
Event: 661.881 Thread 0x000001d778b2dd50 Thread added: 0x000001d778b2c910
Event: 661.890 Thread 0x000001d778b2dd50 Thread added: 0x000001d778b2ce20
Event: 661.900 Thread 0x000001d778b2dd50 Thread added: 0x000001d778b2e260


Dynamic libraries:
0x00007ff7ca220000 - 0x00007ff7ca22e000 	c:\Users\Hamza tabani\.vscode\extensions\redhat.java-1.36.0-win32-x64\jre\17.0.13-win32-x86_64\bin\java.exe
0x00007ff9e7930000 - 0x00007ff9e7b28000 	C:\Windows\SYSTEM32\ntdll.dll
0x00007ff9e69c0000 - 0x00007ff9e6a82000 	C:\Windows\System32\KERNEL32.DLL
0x00007ff9e5200000 - 0x00007ff9e54fe000 	C:\Windows\System32\KERNELBASE.dll
0x00007ff9e5000000 - 0x00007ff9e5100000 	C:\Windows\System32\ucrtbase.dll
0x00007ff96d3a0000 - 0x00007ff96d3b7000 	c:\Users\Hamza tabani\.vscode\extensions\redhat.java-1.36.0-win32-x64\jre\17.0.13-win32-x86_64\bin\jli.dll
0x00007ff9e6500000 - 0x00007ff9e669d000 	C:\Windows\System32\USER32.dll
0x00007ff9e4fd0000 - 0x00007ff9e4ff2000 	C:\Windows\System32\win32u.dll
0x00007ff9e66a0000 - 0x00007ff9e66cb000 	C:\Windows\System32\GDI32.dll
0x00007ff9e5660000 - 0x00007ff9e5777000 	C:\Windows\System32\gdi32full.dll
0x00007ff9e5500000 - 0x00007ff9e559d000 	C:\Windows\System32\msvcp_win.dll
0x00007ff968d30000 - 0x00007ff968d4e000 	c:\Users\Hamza tabani\.vscode\extensions\redhat.java-1.36.0-win32-x64\jre\17.0.13-win32-x86_64\bin\VCRUNTIME140.dll
0x00007ff9e4420000 - 0x00007ff9e46ba000 	C:\Windows\WinSxS\amd64_microsoft.windows.common-controls_6595b64144ccf1df_6.0.19041.4355_none_60b8b9eb71f62e16\COMCTL32.dll
0x00007ff9e6dc0000 - 0x00007ff9e6e5e000 	C:\Windows\System32\msvcrt.dll
0x00007ff9e6d90000 - 0x00007ff9e6dbf000 	C:\Windows\System32\IMM32.DLL
0x00007ff96e770000 - 0x00007ff96e77c000 	c:\Users\Hamza tabani\.vscode\extensions\redhat.java-1.36.0-win32-x64\jre\17.0.13-win32-x86_64\bin\vcruntime140_1.dll
0x00007ff956e90000 - 0x00007ff956f1d000 	c:\Users\Hamza tabani\.vscode\extensions\redhat.java-1.36.0-win32-x64\jre\17.0.13-win32-x86_64\bin\msvcp140.dll
0x00007ff956060000 - 0x00007ff956ccb000 	c:\Users\Hamza tabani\.vscode\extensions\redhat.java-1.36.0-win32-x64\jre\17.0.13-win32-x86_64\bin\server\jvm.dll
0x00007ff9e6e60000 - 0x00007ff9e6f12000 	C:\Windows\System32\ADVAPI32.dll
0x00007ff9e77d0000 - 0x00007ff9e7870000 	C:\Windows\System32\sechost.dll
0x00007ff9e66d0000 - 0x00007ff9e67f3000 	C:\Windows\System32\RPCRT4.dll
0x00007ff9e55a0000 - 0x00007ff9e55c7000 	C:\Windows\System32\bcrypt.dll
0x00007ff9e7870000 - 0x00007ff9e78db000 	C:\Windows\System32\WS2_32.dll
0x00007ff9e4e30000 - 0x00007ff9e4e7b000 	C:\Windows\SYSTEM32\POWRPROF.dll
0x00007ff9db210000 - 0x00007ff9db237000 	C:\Windows\SYSTEM32\WINMM.dll
0x00007ff9e1910000 - 0x00007ff9e191a000 	C:\Windows\SYSTEM32\VERSION.dll
0x00007ff9e4e10000 - 0x00007ff9e4e22000 	C:\Windows\SYSTEM32\UMPDC.dll
0x00007ff9e2020000 - 0x00007ff9e2032000 	C:\Windows\SYSTEM32\kernel.appcore.dll
0x00007ff96e3b0000 - 0x00007ff96e3ba000 	c:\Users\Hamza tabani\.vscode\extensions\redhat.java-1.36.0-win32-x64\jre\17.0.13-win32-x86_64\bin\jimage.dll
0x00007ff9e48d0000 - 0x00007ff9e4ab4000 	C:\Windows\SYSTEM32\DBGHELP.DLL
0x00007ff9e4890000 - 0x00007ff9e48c4000 	C:\Windows\SYSTEM32\dbgcore.DLL
0x00007ff9e55d0000 - 0x00007ff9e5652000 	C:\Windows\System32\bcryptPrimitives.dll
0x00007ff96cf50000 - 0x00007ff96cf5e000 	c:\Users\Hamza tabani\.vscode\extensions\redhat.java-1.36.0-win32-x64\jre\17.0.13-win32-x86_64\bin\instrument.dll
0x00007ff968d00000 - 0x00007ff968d25000 	c:\Users\Hamza tabani\.vscode\extensions\redhat.java-1.36.0-win32-x64\jre\17.0.13-win32-x86_64\bin\java.dll
0x00007ff968ce0000 - 0x00007ff968cf8000 	c:\Users\Hamza tabani\.vscode\extensions\redhat.java-1.36.0-win32-x64\jre\17.0.13-win32-x86_64\bin\zip.dll
0x00007ff9e5950000 - 0x00007ff9e60bf000 	C:\Windows\System32\SHELL32.dll
0x00007ff9e2320000 - 0x00007ff9e2ac4000 	C:\Windows\SYSTEM32\windows.storage.dll
0x00007ff9e6120000 - 0x00007ff9e6473000 	C:\Windows\System32\combase.dll
0x00007ff9e41b0000 - 0x00007ff9e41de000 	C:\Windows\SYSTEM32\Wldp.dll
0x00007ff9e6f80000 - 0x00007ff9e704d000 	C:\Windows\System32\OLEAUT32.dll
0x00007ff9e6a90000 - 0x00007ff9e6b3d000 	C:\Windows\System32\SHCORE.dll
0x00007ff9e6bf0000 - 0x00007ff9e6c45000 	C:\Windows\System32\shlwapi.dll
0x00007ff9e4f00000 - 0x00007ff9e4f24000 	C:\Windows\SYSTEM32\profapi.dll
0x00007ff968cc0000 - 0x00007ff968cd9000 	C:\Users\Hamza tabani\.vscode\extensions\redhat.java-1.36.0-win32-x64\jre\17.0.13-win32-x86_64\bin\net.dll
0x00007ff9de1d0000 - 0x00007ff9de2dd000 	C:\Windows\SYSTEM32\WINHTTP.dll
0x00007ff9e3f90000 - 0x00007ff9e3ffa000 	C:\Windows\system32\mswsock.dll
0x00007ff956e70000 - 0x00007ff956e86000 	C:\Users\Hamza tabani\.vscode\extensions\redhat.java-1.36.0-win32-x64\jre\17.0.13-win32-x86_64\bin\nio.dll
0x00007ff968cb0000 - 0x00007ff968cc0000 	c:\Users\Hamza tabani\.vscode\extensions\redhat.java-1.36.0-win32-x64\jre\17.0.13-win32-x86_64\bin\verify.dll
0x00007ff970140000 - 0x00007ff970185000 	C:\Users\Hamza tabani\AppData\Roaming\Code\User\globalStorage\redhat.java\1.36.0\config_win\org.eclipse.equinox.launcher\org.eclipse.equinox.launcher.win32.win32.x86_64_1.2.1100.v20240722-2106\eclipse_11904.dll
0x00007ff9e6890000 - 0x00007ff9e69bb000 	C:\Windows\System32\ole32.dll
0x00007ff9e4c70000 - 0x00007ff9e4c88000 	C:\Windows\SYSTEM32\CRYPTSP.dll
0x00007ff9e3930000 - 0x00007ff9e3964000 	C:\Windows\system32\rsaenh.dll
0x00007ff9e4e80000 - 0x00007ff9e4eae000 	C:\Windows\SYSTEM32\USERENV.dll
0x00007ff9e4120000 - 0x00007ff9e412c000 	C:\Windows\SYSTEM32\CRYPTBASE.dll
0x00007ff9e3c90000 - 0x00007ff9e3ccb000 	C:\Windows\SYSTEM32\IPHLPAPI.DLL
0x00007ff9e6c50000 - 0x00007ff9e6c58000 	C:\Windows\System32\NSI.dll
0x00007ff9decf0000 - 0x00007ff9ded07000 	C:\Windows\SYSTEM32\dhcpcsvc6.DLL
0x00007ff9dec50000 - 0x00007ff9dec6d000 	C:\Windows\SYSTEM32\dhcpcsvc.DLL
0x00007ff9e3cd0000 - 0x00007ff9e3d9a000 	C:\Windows\SYSTEM32\DNSAPI.dll
0x00007ff9700f0000 - 0x00007ff970139000 	C:\Users\Hamza tabani\AppData\Local\Temp\jna-84987212\jna15694372034765146950.dll
0x00007ff9e78e0000 - 0x00007ff9e78e8000 	C:\Windows\System32\PSAPI.DLL
0x00007ff96fab0000 - 0x00007ff96fad7000 	C:\Users\Hamza tabani\.gradle\native\c067742578af261105cb4f569cf0c3c89f3d7b1fecec35dd04571415982c5e48\windows-amd64\native-platform.dll
0x00007ff9c4690000 - 0x00007ff9c469a000 	C:\Users\Hamza tabani\.vscode\extensions\redhat.java-1.36.0-win32-x64\jre\17.0.13-win32-x86_64\bin\management.dll
0x00007ff9ab140000 - 0x00007ff9ab14b000 	C:\Users\Hamza tabani\.vscode\extensions\redhat.java-1.36.0-win32-x64\jre\17.0.13-win32-x86_64\bin\management_ext.dll
0x00007ff9ab120000 - 0x00007ff9ab129000 	C:\Users\Hamza tabani\.vscode\extensions\redhat.java-1.36.0-win32-x64\jre\17.0.13-win32-x86_64\bin\extnet.dll
0x00007ff9ab130000 - 0x00007ff9ab13e000 	C:\Users\Hamza tabani\.vscode\extensions\redhat.java-1.36.0-win32-x64\jre\17.0.13-win32-x86_64\bin\sunmscapi.dll
0x00007ff9e5780000 - 0x00007ff9e58dc000 	C:\Windows\System32\CRYPT32.dll
0x00007ff9e4300000 - 0x00007ff9e4327000 	C:\Windows\SYSTEM32\ncrypt.dll
0x00007ff9e42c0000 - 0x00007ff9e42fb000 	C:\Windows\SYSTEM32\NTASN1.dll
0x00007ff9700d0000 - 0x00007ff9700d7000 	C:\Windows\system32\wshunix.dll
0x00007ff9e4c30000 - 0x00007ff9e4c63000 	C:\Windows\SYSTEM32\ntmarta.dll

dbghelp: loaded successfully - version: 4.0.5 - missing functions: none
symbol engine: initialized successfully - sym options: 0x614 - pdb path: .;c:\Users\Hamza tabani\.vscode\extensions\redhat.java-1.36.0-win32-x64\jre\17.0.13-win32-x86_64\bin;C:\Windows\SYSTEM32;C:\Windows\WinSxS\amd64_microsoft.windows.common-controls_6595b64144ccf1df_6.0.19041.4355_none_60b8b9eb71f62e16;c:\Users\Hamza tabani\.vscode\extensions\redhat.java-1.36.0-win32-x64\jre\17.0.13-win32-x86_64\bin\server;C:\Users\Hamza tabani\AppData\Roaming\Code\User\globalStorage\redhat.java\1.36.0\config_win\org.eclipse.equinox.launcher\org.eclipse.equinox.launcher.win32.win32.x86_64_1.2.1100.v20240722-2106;C:\Users\Hamza tabani\AppData\Local\Temp\jna-84987212;C:\Users\Hamza tabani\.gradle\native\c067742578af261105cb4f569cf0c3c89f3d7b1fecec35dd04571415982c5e48\windows-amd64

VM Arguments:
jvm_args: --add-modules=ALL-SYSTEM --add-opens=java.base/java.util=ALL-UNNAMED --add-opens=java.base/java.lang=ALL-UNNAMED --add-opens=java.base/sun.nio.fs=ALL-UNNAMED -Declipse.application=org.eclipse.jdt.ls.core.id1 -Dosgi.bundles.defaultStartLevel=4 -Declipse.product=org.eclipse.jdt.ls.core.product -Djava.import.generatesMetadataFilesAtProjectRoot=false -DDetectVMInstallationsJob.disabled=true -Dfile.encoding=utf8 -XX:+UseParallelGC -XX:GCTimeRatio=4 -XX:AdaptiveSizePolicyWeight=90 -Dsun.zip.disableMemoryMapping=true -Xmx1G -Xms100m -Xlog:disable -javaagent:c:\Users\Hamza tabani\.vscode\extensions\redhat.java-1.36.0-win32-x64\lombok\lombok-1.18.35.jar -XX:+HeapDumpOnOutOfMemoryError -XX:HeapDumpPath=c:\Users\Hamza tabani\AppData\Roaming\Code\User\workspaceStorage\41065a442eb313e6afaef37c2d4b0ce6\redhat.java -Daether.dependencyCollector.impl=bf 
java_command: c:\Users\Hamza tabani\.vscode\extensions\redhat.java-1.36.0-win32-x64\server\plugins\org.eclipse.equinox.launcher_1.6.900.v20240613-2009.jar -configuration c:\Users\Hamza tabani\AppData\Roaming\Code\User\globalStorage\redhat.java\1.36.0\config_win -data c:\Users\Hamza tabani\AppData\Roaming\Code\User\workspaceStorage\41065a442eb313e6afaef37c2d4b0ce6\redhat.java\jdt_ws --pipe=\\.\pipe\lsp-2af0c03dab2642ef172a2f206ff880bd-sock
java_class_path (initial): c:\Users\Hamza tabani\.vscode\extensions\redhat.java-1.36.0-win32-x64\server\plugins\org.eclipse.equinox.launcher_1.6.900.v20240613-2009.jar
Launcher Type: SUN_STANDARD

[Global flags]
    uintx AdaptiveSizePolicyWeight                 = 90                                        {product} {command line}
     intx CICompilerCount                          = 4                                         {product} {ergonomic}
    uintx GCTimeRatio                              = 4                                         {product} {command line}
     bool HeapDumpOnOutOfMemoryError               = true                                   {manageable} {command line}
    ccstr HeapDumpPath                             = c:\Users\Hamza tabani\AppData\Roaming\Code\User\workspaceStorage\41065a442eb313e6afaef37c2d4b0ce6\redhat.java         {manageable} {command line}
   size_t InitialHeapSize                          = 104857600                                 {product} {command line}
   size_t MaxHeapSize                              = 1073741824                                {product} {command line}
   size_t MaxNewSize                               = 357564416                                 {product} {ergonomic}
   size_t MinHeapDeltaBytes                        = 524288                                    {product} {ergonomic}
   size_t MinHeapSize                              = 104857600                                 {product} {command line}
   size_t NewSize                                  = 34603008                                  {product} {ergonomic}
    uintx NonNMethodCodeHeapSize                   = 5839372                                {pd product} {ergonomic}
    uintx NonProfiledCodeHeapSize                  = 122909434                              {pd product} {ergonomic}
   size_t OldSize                                  = 70254592                                  {product} {ergonomic}
    uintx ProfiledCodeHeapSize                     = 122909434                              {pd product} {ergonomic}
    uintx ReservedCodeCacheSize                    = 251658240                              {pd product} {ergonomic}
     bool SegmentedCodeCache                       = true                                      {product} {ergonomic}
   size_t SoftMaxHeapSize                          = 1073741824                             {manageable} {ergonomic}
     bool UseCompressedClassPointers               = true                           {product lp64_product} {ergonomic}
     bool UseCompressedOops                        = true                           {product lp64_product} {ergonomic}
     bool UseLargePagesIndividualAllocation        = false                                  {pd product} {ergonomic}
     bool UseParallelGC                            = true                                      {product} {command line}

Logging:
Log output configuration:
 #0: stdout all=off uptime,level,tags
 #1: stderr all=off uptime,level,tags

Environment Variables:
JAVA_HOME=C:\Program Files\Java\jdk-17
PATH=C:\Program Files\Common Files\Oracle\Java\javapath;C:\Windows\system32;C:\Windows;C:\Windows\System32\Wbem;C:\Windows\System32\WindowsPowerShell\v1.0\;C:\Windows\System32\OpenSSH\;C:\ProgramData\chocolatey\bin;C:\Program Files\nodejs\;C:\Users\Hamza tabani\AppData\Local\Android\Sdk\platform-tools;C:\Program Files\OpenJDK\jdk-20.0.2\bin;C:\Program Files (x86)\ATI Technologies\ATI.ACE\Core-Static;C:\Program Files\MongoDB\mongosh-2.3.1-win32-x64\bin;C:\Users\Hamza tabani\AppData\Local\Android\Sdk\tools;C:\Users\Hamza tabani\AppData\Local\Microsoft\WindowsApps;C:\Users\Hamza tabani\AppData\Local\Programs\Microsoft VS Code\bin;C:\Users\Hamza tabani\AppData\Local\Programs\Git\cmd;C:\Users\Hamza tabani\AppData\Roaming\npm
USERNAME=Hamza tabani
OS=Windows_NT
PROCESSOR_IDENTIFIER=Intel64 Family 6 Model 60 Stepping 3, GenuineIntel
TMP=C:\Users\HAMZAT~1\AppData\Local\Temp
TEMP=C:\Users\HAMZAT~1\AppData\Local\Temp



Periodic native trim disabled


---------------  S Y S T E M  ---------------

OS:
 Windows 10 , 64 bit Build 19041 (10.0.19041.4957)
OS uptime: 0 days 0:16 hours
Hyper-V role detected

CPU: total 8 (initial active 8) (4 cores per cpu, 2 threads per core) family 6 model 60 stepping 3 microcode 0x27, cx8, cmov, fxsr, ht, mmx, sse, sse2, sse3, ssse3, sse4.1, sse4.2, popcnt, lzcnt, tsc, tscinvbit, avx, avx2, erms, clmul, bmi1, bmi2, fma, vzeroupper, clflush, hv
Processor Information for all 8 processors :
  Max Mhz: 3601, Current Mhz: 3601, Mhz Limit: 3601

Memory: 4k page, system-wide physical 16321M (5062M free)
TotalPageFile size 20161M (AvailPageFile size 9179M)
current process WorkingSet (physical memory assigned to process): 692M, peak: 950M
current process commit charge ("private bytes"): 599M, peak: 875M

vm_info: OpenJDK 64-Bit Server VM (17.0.13+11) for windows-amd64 JRE (17.0.13+11), built on Oct 16 2024 00:10:08 by "admin" with MS VC++ 17.7 (VS2022)

END.
