#
# A fatal error has been detected by the Java Runtime Environment:
#
#  EXCEPTION_ACCESS_VIOLATION (0xc0000005) at pc=0x00007ff95606c5c8, pid=11392, tid=2516
#
# JRE version: OpenJDK Runtime Environment Temurin-17.0.13+11 (17.0.13+11) (build 17.0.13+11)
# Java VM: OpenJDK 64-Bit Server VM Temurin-17.0.13+11 (17.0.13+11, mixed mode, tiered, compressed oops, compressed class ptrs, parallel gc, windows-amd64)
# Problematic frame:
# V  [jvm.dll+0xc5c8]
#
# No core dump will be written. Minidumps are not enabled by default on client versions of Windows
#
# If you would like to submit a bug report, please visit:
#   https://github.com/adoptium/adoptium-support/issues
#

---------------  S U M M A R Y ------------

Command Line: --add-modules=ALL-SYSTEM --add-opens=java.base/java.util=ALL-UNNAMED --add-opens=java.base/java.lang=ALL-UNNAMED --add-opens=java.base/sun.nio.fs=ALL-UNNAMED -Declipse.application=org.eclipse.jdt.ls.core.id1 -Dosgi.bundles.defaultStartLevel=4 -Declipse.product=org.eclipse.jdt.ls.core.product -Djava.import.generatesMetadataFilesAtProjectRoot=false -DDetectVMInstallationsJob.disabled=true -Dfile.encoding=utf8 -XX:+UseParallelGC -XX:GCTimeRatio=4 -XX:AdaptiveSizePolicyWeight=90 -Dsun.zip.disableMemoryMapping=true -Xmx1G -Xms100m -Xlog:disable -javaagent:c:\Users\Hamza tabani\.vscode\extensions\redhat.java-1.36.0-win32-x64\lombok\lombok-1.18.35.jar -XX:+HeapDumpOnOutOfMemoryError -XX:HeapDumpPath=c:\Users\Hamza tabani\AppData\Roaming\Code\User\workspaceStorage\41065a442eb313e6afaef37c2d4b0ce6\redhat.java -Daether.dependencyCollector.impl=bf c:\Users\Hamza tabani\.vscode\extensions\redhat.java-1.36.0-win32-x64\server\plugins\org.eclipse.equinox.launcher_1.6.900.v20240613-2009.jar -configuration c:\Users\Hamza tabani\AppData\Roaming\Code\User\globalStorage\redhat.java\1.36.0\config_win -data c:\Users\Hamza tabani\AppData\Roaming\Code\User\workspaceStorage\41065a442eb313e6afaef37c2d4b0ce6\redhat.java\jdt_ws --pipe=\\.\pipe\lsp-bdfd2e9ea7f2e5e4e98bb7ec2533888e-sock

Host: Intel(R) Core(TM) i7-4790 CPU @ 3.60GHz, 8 cores, 15G,  Windows 10 , 64 bit Build 19041 (10.0.19041.4957)
Time: Fri Nov  8 01:46:48 2024 Pakistan Standard Time elapsed time: 43.930484 seconds (0d 0h 0m 43s)

---------------  T H R E A D  ---------------

Current thread (0x000001f5044c9dc0):  GCTaskThread "GC Thread#4" [stack: 0x00000008b8500000,0x00000008b8600000] [id=2516]

Stack: [0x00000008b8500000,0x00000008b8600000],  sp=0x00000008b85ff898,  free space=1022k
Native frames: (J=compiled Java code, j=interpreted, Vv=VM code, C=native code)
V  [jvm.dll+0xc5c8]


siginfo: EXCEPTION_ACCESS_VIOLATION (0xc0000005), reading address 0x0000000000000008


Registers:
RAX=0x0000000000000001, RBX=0x00000000c0877968, RCX=0x0000000000000003, RDX=0x00000000c0877968
RSP=0x00000008b85ff898, RBP=0x00000008b85ff990, RSI=0x00000000c12edfdc, RDI=0x000001f57d826840
R8 =0x0000000000000000, R9 =0x00000000000043bc, R10=0x0000000000000047, R11=0x0000000000000003
R12=0x00007ff956b95840, R13=0x0000000000000000, R14=0x0000000100060830, R15=0x00000000c12edfc0
RIP=0x00007ff95606c5c8, EFLAGS=0x0000000000010246


Register to memory mapping:

RIP=0x00007ff95606c5c8 jvm.dll
RAX=0x0000000000000001 is an unknown value
RBX=0x00000000c0877968 is pointing into object: java.lang.String 
{0x00000000c0877960} - klass: 'java/lang/String'
 - string: "severity"
RCX=0x0000000000000003 is an unknown value
RDX=0x00000000c0877968 is pointing into object: java.lang.String 
{0x00000000c0877960} - klass: 'java/lang/String'
 - string: "severity"
RSP=0x00000008b85ff898 points into unknown readable memory: 0x00007ff956716f52 | 52 6f 71 56 f9 7f 00 00
RBP=0x00000008b85ff990 points into unknown readable memory: 0x00007ff956a16448 | 48 64 a1 56 f9 7f 00 00
RSI=0x00000000c12edfdc is pointing into object: java.util.HashMap$Node 
{0x00000000c12edfc0} - klass: 'java/util/HashMap$Node'
 - ---- fields (total size 4 words):
 - final 'hash' 'I' @12  1478314720 (581d4ae0)
 - final 'key' 'Ljava/lang/Object;' @16  
[error occurred during error reporting (printing register info), id 0xc0000005, EXCEPTION_ACCESS_VIOLATION (0xc0000005) at pc=0x00007ff9566cf503]

Top of Stack: (sp=0x00000008b85ff898)
0x00000008b85ff898:   00007ff956716f52 00000000c12edfb0
0x00000008b85ff8a8:   0000000000000002 00000008b85ff990
0x00000008b85ff8b8:   00007ff956715c49 000001f57d826840
0x00000008b85ff8c8:   00007ff956714702 00000000c0877968
0x00000008b85ff8d8:   00007ff956716f7d 00000000c12ede18
0x00000008b85ff8e8:   0000000000000004 0000000100060828
0x00000008b85ff8f8:   00007ff956714f7e 00000000c12edfd0
0x00000008b85ff908:   00007ff956716494 00000000c12ede10
0x00000008b85ff918:   00007ff956b95840 00007ff956980b90
0x00000008b85ff928:   00007ff956a16448 0000000000007fdf
0x00000008b85ff938:   00007ff9567167a4 0000000000000010
0x00000008b85ff948:   000001f57d826840 000000000000000c
0x00000008b85ff958:   00007ff956716f7d 00000000c0b07ee0
0x00000008b85ff968:   0000000000000008 00000008b85ffa30
0x00000008b85ff978:   00007ff956715c49 000001f57d826840
0x00000008b85ff988:   00007ff956714711 00007ff956a16448
0x00000008b85ff998:   000001f569a6b4b0 0000000000000003
0x00000008b85ff9a8:   000001f57d826840 0000000000000000
0x00000008b85ff9b8:   0000000000000000 00000008b73fe968
0x00000008b85ff9c8:   0000000000000002 00007ff956a16448
0x00000008b85ff9d8:   0000000000000010 00000000c99fd908
0x00000008b85ff9e8:   000001f57d826840 00000000c99b8988
0x00000008b85ff9f8:   00007ff95671da91 000001f57d826840
0x00000008b85ffa08:   00007ff956b95840 00000000c99b8988
0x00000008b85ffa18:   00007ff956b95840 00000000c997c978
0x00000008b85ffa28:   000000000000e800 00007ff956a16448
0x00000008b85ffa38:   000001f569a6b4b0 0000000000000003
0x00000008b85ffa48:   000001f57d826840 0000000000000020
0x00000008b85ffa58:   000001f57eb6ac00 00000008b73fe928
0x00000008b85ffa68:   00000008b73fe820 0000000000000000
0x00000008b85ffa78:   00007ff95671eb0a 0000000000000005
0x00000008b85ffa88:   00000008b85ffb00 00000000c0b07e88 

Instructions: (pc=0x00007ff95606c5c8)
0x00007ff95606c4c8:   cc cc cc cc cc cc cc cc 48 8b 01 c3 cc cc cc cc
0x00007ff95606c4d8:   cc cc cc cc cc cc cc cc 4c 8b 01 4c 8b c9 48 8b
0x00007ff95606c4e8:   0d e3 f6 b6 00 ba 44 60 08 00 e9 a9 f1 ff ff cc
0x00007ff95606c4f8:   cc cc cc cc cc cc cc cc 48 89 5c 24 08 57 48 83
0x00007ff95606c508:   ec 20 48 8b 39 48 8b d9 48 85 3d 71 e4 bb 00 75
0x00007ff95606c518:   0e 48 8b c7 48 8b 5c 24 30 48 83 c4 20 5f c3 48
0x00007ff95606c528:   8b cf e8 91 ea 85 00 48 8b d0 48 85 c0 74 20 48
0x00007ff95606c538:   8b c7 f0 48 0f b1 13 74 16 48 85 05 40 e4 bb 00
0x00007ff95606c548:   74 0d 48 8b c8 f0 48 0f b1 13 48 3b c1 75 ea 48
0x00007ff95606c558:   8b 5c 24 30 48 8b c2 48 83 c4 20 5f c3 cc cc cc
0x00007ff95606c568:   cc cc cc cc cc cc cc cc 4c 8b 01 4c 8b c9 48 8b
0x00007ff95606c578:   0d 53 f6 b6 00 ba 64 60 08 00 e9 19 f1 ff ff cc
0x00007ff95606c588:   cc cc cc cc cc cc cc cc 8b 05 72 3d b1 00 c3 cc
0x00007ff95606c598:   cc cc cc cc cc cc cc cc 0f b6 05 f1 fe b7 00 48
0x00007ff95606c5a8:   8b d1 84 c0 74 16 44 8b 41 08 8b 0d 50 3d b1 00
0x00007ff95606c5b8:   49 d3 e0 4c 03 05 3e 3d b1 00 eb 04 4c 8b 41 08
0x00007ff95606c5c8:   45 8b 48 08 45 85 c9 7e 0e 41 f6 c1 01 75 53 41
0x00007ff95606c5d8:   c1 f9 03 41 8b c1 c3 79 49 84 c0 41 b8 0c 00 00
0x00007ff95606c5e8:   00 8b 05 55 4c b1 00 b9 10 00 00 00 41 0f 45 c8
0x00007ff95606c5f8:   ff c8 48 98 48 63 14 11 41 8b c9 83 e1 3f 48 d3
0x00007ff95606c608:   e2 41 8b c9 48 c1 f9 10 44 0f b6 c1 48 8d 0c 10
0x00007ff95606c618:   48 f7 d0 4c 03 c1 48 c1 e8 03 49 c1 e8 03 41 23
0x00007ff95606c628:   c0 c3 49 8b 00 49 8b c8 48 ff a0 00 01 00 00 cc
0x00007ff95606c638:   cc cc cc cc cc cc cc cc 8b 44 24 30 45 03 c9 44
0x00007ff95606c648:   2b 4c 24 28 83 c0 0b 44 03 ca 45 03 c8 41 03 c1
0x00007ff95606c658:   c3 cc cc cc cc cc cc cc 4c 8b ca 48 8b d1 45 8b
0x00007ff95606c668:   41 08 45 85 c0 7e 0e 41 f6 c0 01 75 56 41 c1 f8
0x00007ff95606c678:   03 41 8b c0 c3 79 4c 80 3d 12 fe b7 00 00 b8 0c
0x00007ff95606c688:   00 00 00 b9 10 00 00 00 0f 45 c8 8b 05 ab 4b b1
0x00007ff95606c698:   00 ff c8 48 98 48 63 14 11 41 8b c8 83 e1 3f 48
0x00007ff95606c6a8:   d3 e2 41 8b c8 48 c1 f9 10 44 0f b6 c1 48 8d 0c
0x00007ff95606c6b8:   10 48 f7 d0 4c 03 c1 48 c1 e8 03 49 c1 e8 03 41 


Stack slot to memory mapping:
stack at sp + 0 slots: 0x00007ff956716f52 jvm.dll
stack at sp + 1 slots: 0x00000000c12edfb0 is an oop: java.lang.Integer 
{0x00000000c12edfb0} - klass: 'java/lang/Integer'
 - ---- fields (total size 2 words):
 - private final 'value' 'I' @12  30428 (76dc)
stack at sp + 2 slots: 0x0000000000000002 is an unknown value
stack at sp + 3 slots: 0x00000008b85ff990 points into unknown readable memory: 0x00007ff956a16448 | 48 64 a1 56 f9 7f 00 00
stack at sp + 4 slots: 0x00007ff956715c49 jvm.dll
stack at sp + 5 slots: 0x000001f57d826840 points into unknown readable memory: 0x000001f569b1a2d0 | d0 a2 b1 69 f5 01 00 00
stack at sp + 6 slots: 0x00007ff956714702 jvm.dll
stack at sp + 7 slots: 0x00000000c0877968 is pointing into object: java.lang.String 
{0x00000000c0877960} - klass: 'java/lang/String'
 - string: "severity"


---------------  P R O C E S S  ---------------

Threads class SMR info:
_java_thread_list=0x000001f5046feaa0, length=51, elements={
0x000001f569a5e9a0, 0x000001f57eb66750, 0x000001f57eb67eb0, 0x000001f57d8fb370,
0x000001f57d8fe100, 0x000001f57eb84900, 0x000001f57eb8d2a0, 0x000001f57eb8ede0,
0x000001f57eb91f50, 0x000001f57eb9b7d0, 0x000001f57ec9e7f0, 0x000001f57eeafec0,
0x000001f504a435e0, 0x000001f504980ce0, 0x000001f50479c4e0, 0x000001f5049a1f50,
0x000001f505002910, 0x000001f504aeaf70, 0x000001f504aea550, 0x000001f504aeb480,
0x000001f504aeb990, 0x000001f504aec8c0, 0x000001f504aecdd0, 0x000001f504aea040,
0x000001f5061b1fb0, 0x000001f5061b24c0, 0x000001f5061b3900, 0x000001f5061b5760,
0x000001f5061b6180, 0x000001f5061b6690, 0x000001f5061b5c70, 0x000001f5061b84f0,
0x000001f5061b6ba0, 0x000001f5061b4d40, 0x000001f5061b7fe0, 0x000001f5061b29d0,
0x000001f5061b7ad0, 0x000001f5061b2ee0, 0x000001f5061b4320, 0x000001f5061b75c0,
0x000001f5061b33f0, 0x000001f5061b5250, 0x000001f5061b4830, 0x000001f5061b1590,
0x000001f511eb4850, 0x000001f511eb9950, 0x000001f511eb8000, 0x000001f511eb2f00,
0x000001f511eb61a0, 0x000001f511eb8f30, 0x000001f511eb29f0
}

Java Threads: ( => current thread )
  0x000001f569a5e9a0 JavaThread "main" [_thread_blocked, id=7184, stack(0x00000008b7100000,0x00000008b7200000)]
  0x000001f57eb66750 JavaThread "Reference Handler" daemon [_thread_blocked, id=12656, stack(0x00000008b7400000,0x00000008b7500000)]
  0x000001f57eb67eb0 JavaThread "Finalizer" daemon [_thread_blocked, id=11712, stack(0x00000008b7500000,0x00000008b7600000)]
  0x000001f57d8fb370 JavaThread "Signal Dispatcher" daemon [_thread_blocked, id=11364, stack(0x00000008b7600000,0x00000008b7700000)]
  0x000001f57d8fe100 JavaThread "Attach Listener" daemon [_thread_blocked, id=572, stack(0x00000008b7700000,0x00000008b7800000)]
  0x000001f57eb84900 JavaThread "Service Thread" daemon [_thread_blocked, id=8312, stack(0x00000008b7800000,0x00000008b7900000)]
  0x000001f57eb8d2a0 JavaThread "Monitor Deflation Thread" daemon [_thread_blocked, id=11564, stack(0x00000008b7900000,0x00000008b7a00000)]
  0x000001f57eb8ede0 JavaThread "C2 CompilerThread0" daemon [_thread_blocked, id=8852, stack(0x00000008b7a00000,0x00000008b7b00000)]
  0x000001f57eb91f50 JavaThread "C1 CompilerThread0" daemon [_thread_blocked, id=11276, stack(0x00000008b7b00000,0x00000008b7c00000)]
  0x000001f57eb9b7d0 JavaThread "Sweeper thread" daemon [_thread_blocked, id=4244, stack(0x00000008b7c00000,0x00000008b7d00000)]
  0x000001f57ec9e7f0 JavaThread "Common-Cleaner" daemon [_thread_blocked, id=11604, stack(0x00000008b7d00000,0x00000008b7e00000)]
  0x000001f57eeafec0 JavaThread "Notification Thread" daemon [_thread_blocked, id=14072, stack(0x00000008b7f00000,0x00000008b8000000)]
  0x000001f504a435e0 JavaThread "Active Thread: Equinox Container: 4826930e-6c97-4708-a48d-82a2ed17b465" [_thread_blocked, id=14232, stack(0x00000008b8800000,0x00000008b8900000)]
  0x000001f504980ce0 JavaThread "Refresh Thread: Equinox Container: 4826930e-6c97-4708-a48d-82a2ed17b465" daemon [_thread_blocked, id=13740, stack(0x00000008b8900000,0x00000008b8a00000)]
  0x000001f50479c4e0 JavaThread "Framework Event Dispatcher: Equinox Container: 4826930e-6c97-4708-a48d-82a2ed17b465" daemon [_thread_blocked, id=13352, stack(0x00000008b8a00000,0x00000008b8b00000)]
  0x000001f5049a1f50 JavaThread "Start Level: Equinox Container: 4826930e-6c97-4708-a48d-82a2ed17b465" daemon [_thread_blocked, id=6572, stack(0x00000008b8b00000,0x00000008b8c00000)]
  0x000001f505002910 JavaThread "Bundle File Closer" daemon [_thread_blocked, id=7376, stack(0x00000008b8d00000,0x00000008b8e00000)]
  0x000001f504aeaf70 JavaThread "SCR Component Actor" daemon [_thread_blocked, id=1764, stack(0x00000008b8e00000,0x00000008b8f00000)]
  0x000001f504aea550 JavaThread "Worker-JM" [_thread_blocked, id=13856, stack(0x00000008b9000000,0x00000008b9100000)]
  0x000001f504aeb480 JavaThread "JNA Cleaner" daemon [_thread_blocked, id=7904, stack(0x00000008b8100000,0x00000008b8200000)]
  0x000001f504aeb990 JavaThread "Worker-0: Java indexing... " [_thread_blocked, id=848, stack(0x00000008b9200000,0x00000008b9300000)]
  0x000001f504aec8c0 JavaThread "Worker-1: Refreshing workspace" [_thread_blocked, id=13640, stack(0x00000008b9300000,0x00000008b9400000)]
  0x000001f504aecdd0 JavaThread "Worker-2" [_thread_blocked, id=2944, stack(0x00000008b9400000,0x00000008b9500000)]
  0x000001f504aea040 JavaThread "Java indexing" daemon [_thread_blocked, id=2044, stack(0x00000008b9500000,0x00000008b9600000)]
  0x000001f5061b1fb0 JavaThread "Worker-3" [_thread_blocked, id=4100, stack(0x00000008b9800000,0x00000008b9900000)]
  0x000001f5061b24c0 JavaThread "Worker-4" [_thread_blocked, id=13812, stack(0x00000008b9900000,0x00000008b9a00000)]
  0x000001f5061b3900 JavaThread "Thread-2" daemon [_thread_in_native, id=13556, stack(0x00000008b9a00000,0x00000008b9b00000)]
  0x000001f5061b5760 JavaThread "Thread-3" daemon [_thread_in_native, id=3136, stack(0x00000008b9b00000,0x00000008b9c00000)]
  0x000001f5061b6180 JavaThread "Thread-4" daemon [_thread_in_native, id=3160, stack(0x00000008b9c00000,0x00000008b9d00000)]
  0x000001f5061b6690 JavaThread "Thread-5" daemon [_thread_in_native, id=13884, stack(0x00000008b9d00000,0x00000008b9e00000)]
  0x000001f5061b5c70 JavaThread "Thread-6" daemon [_thread_in_native, id=13912, stack(0x00000008b9e00000,0x00000008b9f00000)]
  0x000001f5061b84f0 JavaThread "Thread-7" daemon [_thread_in_native, id=13240, stack(0x00000008b9f00000,0x00000008ba000000)]
  0x000001f5061b6ba0 JavaThread "Thread-8" daemon [_thread_in_native, id=13232, stack(0x00000008ba000000,0x00000008ba100000)]
  0x000001f5061b4d40 JavaThread "Thread-9" daemon [_thread_in_native, id=14108, stack(0x00000008ba100000,0x00000008ba200000)]
  0x000001f5061b7fe0 JavaThread "Thread-10" daemon [_thread_in_native, id=13956, stack(0x00000008ba200000,0x00000008ba300000)]
  0x000001f5061b29d0 JavaThread "pool-2-thread-1" [_thread_blocked, id=3012, stack(0x00000008ba300000,0x00000008ba400000)]
  0x000001f5061b7ad0 JavaThread "Worker-5" [_thread_blocked, id=12660, stack(0x00000008ba400000,0x00000008ba500000)]
  0x000001f5061b2ee0 JavaThread "Worker-6" [_thread_blocked, id=14132, stack(0x00000008ba500000,0x00000008ba600000)]
  0x000001f5061b4320 JavaThread "WorkspaceEventsHandler" [_thread_blocked, id=11508, stack(0x00000008ba600000,0x00000008ba700000)]
  0x000001f5061b75c0 JavaThread "pool-1-thread-1" [_thread_blocked, id=12296, stack(0x00000008ba700000,0x00000008ba800000)]
  0x000001f5061b33f0 JavaThread "Worker-7: Initialize Workspace" [_thread_blocked, id=5940, stack(0x00000008ba800000,0x00000008ba900000)]
  0x000001f5061b5250 JavaThread "Worker-8" [_thread_blocked, id=1940, stack(0x00000008ba900000,0x00000008baa00000)]
  0x000001f5061b4830 JavaThread "Worker-9" [_thread_blocked, id=13088, stack(0x00000008baa00000,0x00000008bab00000)]
  0x000001f5061b1590 JavaThread "Timer-0" [_thread_blocked, id=1060, stack(0x00000008bab00000,0x00000008bac00000)]
  0x000001f511eb4850 JavaThread "Exec process" [_thread_blocked, id=12756, stack(0x00000008b9100000,0x00000008b9200000)]
  0x000001f511eb9950 JavaThread "Exec process Thread 2" [_thread_blocked, id=12408, stack(0x00000008bad00000,0x00000008bae00000)]
  0x000001f511eb8000 JavaThread "Exec process Thread 3" [_thread_blocked, id=13528, stack(0x00000008bae00000,0x00000008baf00000)]
  0x000001f511eb2f00 JavaThread "Timer-1" [_thread_blocked, id=992, stack(0x00000008bac00000,0x00000008bad00000)]
  0x000001f511eb61a0 JavaThread "Connection worker" [_thread_in_native, id=9660, stack(0x00000008baf00000,0x00000008bb000000)]
  0x000001f511eb8f30 JavaThread "pool-3-thread-1" [_thread_blocked, id=5188, stack(0x00000008bb000000,0x00000008bb100000)]
  0x000001f511eb29f0 JavaThread "Forward input" [_thread_blocked, id=14280, stack(0x00000008bb100000,0x00000008bb200000)]

Other Threads:
  0x000001f569b1e4e0 VMThread "VM Thread" [stack: 0x00000008b7300000,0x00000008b7400000] [id=4736]
  0x000001f50404cfd0 WatcherThread [stack: 0x00000008b8000000,0x00000008b8100000] [id=10128]
  0x000001f569a74e20 GCTaskThread "GC Thread#0" [stack: 0x00000008b7200000,0x00000008b7300000] [id=13060]
  0x000001f5044c9170 GCTaskThread "GC Thread#1" [stack: 0x00000008b8200000,0x00000008b8300000] [id=7672]
  0x000001f5044c9840 GCTaskThread "GC Thread#2" [stack: 0x00000008b8300000,0x00000008b8400000] [id=14140]
  0x000001f5044c9b00 GCTaskThread "GC Thread#3" [stack: 0x00000008b8400000,0x00000008b8500000] [id=14176]
=>0x000001f5044c9dc0 GCTaskThread "GC Thread#4" [stack: 0x00000008b8500000,0x00000008b8600000] [id=2516]
  0x000001f5044ca080 GCTaskThread "GC Thread#5" [stack: 0x00000008b8600000,0x00000008b8700000] [id=5256]
  0x000001f5045bbc20 GCTaskThread "GC Thread#6" [stack: 0x00000008b8700000,0x00000008b8800000] [id=7688]
  0x000001f5049a1a70 GCTaskThread "GC Thread#7" [stack: 0x00000008b8c00000,0x00000008b8d00000] [id=13708]

Threads with active compile tasks:

VM state: at safepoint (normal execution)

VM Mutex/Monitor currently owned by a thread:  ([mutex/lock_event])
[0x000001f569a5b0f0] Threads_lock - owner thread: 0x000001f569b1e4e0
[0x000001f569a5a490] Heap_lock - owner thread: 0x000001f504aea040

Heap address: 0x00000000c0000000, size: 1024 MB, Compressed Oops mode: 32-bit

CDS archive(s) not mapped
Compressed class space mapped at: 0x0000000100000000-0x0000000140000000, reserved size: 1073741824
Narrow klass base: 0x0000000000000000, Narrow klass shift: 3, Narrow klass range: 0x140000000

GC Precious Log:
 CPUs: 8 total, 8 available
 Memory: 16321M
 Large Page Support: Disabled
 NUMA Support: Disabled
 Compressed Oops: Enabled (32-bit)
 Alignments: Space 512K, Generation 512K, Heap 2M
 Heap Min Capacity: 100M
 Heap Initial Capacity: 100M
 Heap Max Capacity: 1G
 Pre-touch: Disabled
 Parallel Workers: 8

Heap:
 PSYoungGen      total 20992K, used 20765K [0x00000000eab00000, 0x00000000ed400000, 0x0000000100000000)
  eden space 9728K, 100% used [0x00000000eab00000,0x00000000eb480000,0x00000000eb480000)
  from space 11264K, 97% used [0x00000000eb480000,0x00000000ebf47648,0x00000000ebf80000)
  to   space 15360K, 0% used [0x00000000ec500000,0x00000000ec500000,0x00000000ed400000)
 ParOldGen       total 392704K, used 390307K [0x00000000c0000000, 0x00000000d7f80000, 0x00000000eab00000)
  object space 392704K, 99% used [0x00000000c0000000,0x00000000d7d28f68,0x00000000d7f80000)
 Metaspace       used 66672K, committed 67776K, reserved 1114112K
  class space    used 7622K, committed 8128K, reserved 1048576K

Card table byte_map: [0x000001f569420000,0x000001f569630000] _byte_map_base: 0x000001f568e20000

Marking Bits: (ParMarkBitMap*) 0x00007ff956c06940
 Begin Bits: [0x000001f57b700000, 0x000001f57c700000)
 End Bits:   [0x000001f57c700000, 0x000001f57d700000)

Polling page: 0x000001f567bf0000

Metaspace:

Usage:
  Non-class:     57.67 MB used.
      Class:      7.44 MB used.
       Both:     65.11 MB used.

Virtual space:
  Non-class space:       64.00 MB reserved,      58.25 MB ( 91%) committed,  1 nodes.
      Class space:        1.00 GB reserved,       7.94 MB ( <1%) committed,  1 nodes.
             Both:        1.06 GB reserved,      66.19 MB (  6%) committed. 

Chunk freelists:
   Non-Class:  4.94 MB
       Class:  8.07 MB
        Both:  13.01 MB

MaxMetaspaceSize: unlimited
CompressedClassSpaceSize: 1.00 GB
Initial GC threshold: 21.00 MB
Current GC threshold: 110.31 MB
CDS: off
MetaspaceReclaimPolicy: balanced
 - commit_granule_bytes: 65536.
 - commit_granule_words: 8192.
 - virtual_space_node_default_size: 8388608.
 - enlarge_chunks_in_place: 1.
 - new_chunks_are_fully_committed: 0.
 - uncommit_free_chunks: 1.
 - use_allocation_guard: 0.
 - handle_deallocations: 1.


Internal statistics:

num_allocs_failed_limit: 6.
num_arena_births: 666.
num_arena_deaths: 14.
num_vsnodes_births: 2.
num_vsnodes_deaths: 0.
num_space_committed: 1059.
num_space_uncommitted: 0.
num_chunks_returned_to_freelist: 20.
num_chunks_taken_from_freelist: 3256.
num_chunk_merges: 10.
num_chunk_splits: 2056.
num_chunks_enlarged: 1268.
num_inconsistent_stats: 0.

CodeHeap 'non-profiled nmethods': size=120000Kb used=7000Kb max_used=7000Kb free=112999Kb
 bounds [0x000001f5741d0000, 0x000001f5748b0000, 0x000001f57b700000]
CodeHeap 'profiled nmethods': size=120000Kb used=14169Kb max_used=14997Kb free=105830Kb
 bounds [0x000001f56c700000, 0x000001f56d640000, 0x000001f573c30000]
CodeHeap 'non-nmethods': size=5760Kb used=1339Kb max_used=1404Kb free=4420Kb
 bounds [0x000001f573c30000, 0x000001f573ea0000, 0x000001f5741d0000]
 total_blobs=8164 nmethods=7488 adapters=590
 compilation: enabled
              stopped_count=0, restarted_count=0
 full_count=0

Compilation events (20 events):
Event: 42.440 Thread 0x000001f57eb91f50 9567       3       java.util.concurrent.ThreadPoolExecutor$Worker::tryAcquire (20 bytes)
Event: 42.440 Thread 0x000001f57eb91f50 nmethod 9567 0x000001f56d1e3510 code [0x000001f56d1e36c0, 0x000001f56d1e38c8]
Event: 42.634 Thread 0x000001f57eb91f50 9568       3       org.gradle.internal.logging.events.OutputEvent::<init> (5 bytes)
Event: 42.634 Thread 0x000001f57eb91f50 nmethod 9568 0x000001f56d26f990 code [0x000001f56d26fb20, 0x000001f56d26fc78]
Event: 42.833 Thread 0x000001f57eb91f50 9569       3       java.util.concurrent.ThreadPoolExecutor$Worker::lock (6 bytes)
Event: 42.833 Thread 0x000001f57eb91f50 nmethod 9569 0x000001f56d26f610 code [0x000001f56d26f7a0, 0x000001f56d26f8e8]
Event: 42.833 Thread 0x000001f57eb91f50 9570       3       java.util.concurrent.ThreadPoolExecutor::beforeExecute (1 bytes)
Event: 42.833 Thread 0x000001f57eb91f50 nmethod 9570 0x000001f56d26f190 code [0x000001f56d26f320, 0x000001f56d26f438]
Event: 43.533 Thread 0x000001f57eb91f50 9571       3       org.gradle.internal.time.MonotonicClock::getCurrentTime (70 bytes)
Event: 43.533 Thread 0x000001f57eb91f50 nmethod 9571 0x000001f56d294490 code [0x000001f56d294680, 0x000001f56d294a38]
Event: 43.533 Thread 0x000001f57eb91f50 9572       3       org.gradle.internal.time.MonotonicClock::syncIsDue (28 bytes)
Event: 43.533 Thread 0x000001f57eb91f50 nmethod 9572 0x000001f56d294010 code [0x000001f56d2941c0, 0x000001f56d2943a8]
Event: 43.533 Thread 0x000001f57eb91f50 9573       3       java.util.concurrent.locks.AbstractQueuedSynchronizer$ConditionNode::<init> (5 bytes)
Event: 43.534 Thread 0x000001f57eb91f50 nmethod 9573 0x000001f56d293b90 code [0x000001f56d293d40, 0x000001f56d293ef8]
Event: 43.633 Thread 0x000001f57eb91f50 9574   !   3       java.util.concurrent.ThreadPoolExecutor::getTask (177 bytes)
Event: 43.634 Thread 0x000001f57eb91f50 nmethod 9574 0x000001f56ca39610 code [0x000001f56ca398a0, 0x000001f56ca3a6d8]
Event: 43.710 Thread 0x000001f57eb8ede0 9575 %     4       org.eclipse.jdt.internal.core.index.DiskIndex::computeDocumentNames @ 40 (607 bytes)
Event: 43.749 Thread 0x000001f57eb8ede0 nmethod 9575% 0x000001f5748a3a90 code [0x000001f5748a3d00, 0x000001f5748a5400]
Event: 43.833 Thread 0x000001f57eb91f50 9576       3       java.util.concurrent.ThreadPoolExecutor::afterExecute (1 bytes)
Event: 43.833 Thread 0x000001f57eb91f50 nmethod 9576 0x000001f56d3dfe10 code [0x000001f56d3dffa0, 0x000001f56d3e00b8]

GC Heap History (20 events):
Event: 41.981 GC heap after
{Heap after GC invocations=1437 (full 26):
 PSYoungGen      total 21504K, used 12707K [0x00000000eab00000, 0x00000000ece00000, 0x0000000100000000)
  eden space 8704K, 0% used [0x00000000eab00000,0x00000000eab00000,0x00000000eb380000)
  from space 12800K, 99% used [0x00000000ec180000,0x00000000ecde8fa8,0x00000000ece00000)
  to   space 13312K, 0% used [0x00000000eb400000,0x00000000eb400000,0x00000000ec100000)
 ParOldGen       total 392704K, used 353901K [0x00000000c0000000, 0x00000000d7f80000, 0x00000000eab00000)
  object space 392704K, 90% used [0x00000000c0000000,0x00000000d599b508,0x00000000d7f80000)
 Metaspace       used 66667K, committed 67776K, reserved 1114112K
  class space    used 7622K, committed 8128K, reserved 1048576K
}
Event: 42.140 GC heap before
{Heap before GC invocations=1438 (full 26):
 PSYoungGen      total 21504K, used 21309K [0x00000000eab00000, 0x00000000ece00000, 0x0000000100000000)
  eden space 8704K, 98% used [0x00000000eab00000,0x00000000eb3667f0,0x00000000eb380000)
  from space 12800K, 99% used [0x00000000ec180000,0x00000000ecde8fa8,0x00000000ece00000)
  to   space 13312K, 0% used [0x00000000eb400000,0x00000000eb400000,0x00000000ec100000)
 ParOldGen       total 392704K, used 353901K [0x00000000c0000000, 0x00000000d7f80000, 0x00000000eab00000)
  object space 392704K, 90% used [0x00000000c0000000,0x00000000d599b508,0x00000000d7f80000)
 Metaspace       used 66667K, committed 67776K, reserved 1114112K
  class space    used 7622K, committed 8128K, reserved 1048576K
}
Event: 42.150 GC heap after
{Heap after GC invocations=1438 (full 26):
 PSYoungGen      total 22016K, used 13300K [0x00000000eab00000, 0x00000000edf80000, 0x0000000100000000)
  eden space 8704K, 0% used [0x00000000eab00000,0x00000000eab00000,0x00000000eb380000)
  from space 13312K, 99% used [0x00000000eb400000,0x00000000ec0fd258,0x00000000ec100000)
  to   space 22528K, 0% used [0x00000000ec980000,0x00000000ec980000,0x00000000edf80000)
 ParOldGen       total 392704K, used 361391K [0x00000000c0000000, 0x00000000d7f80000, 0x00000000eab00000)
  object space 392704K, 92% used [0x00000000c0000000,0x00000000d60ebe20,0x00000000d7f80000)
 Metaspace       used 66667K, committed 67776K, reserved 1114112K
  class space    used 7622K, committed 8128K, reserved 1048576K
}
Event: 42.359 GC heap before
{Heap before GC invocations=1439 (full 26):
 PSYoungGen      total 22016K, used 22004K [0x00000000eab00000, 0x00000000edf80000, 0x0000000100000000)
  eden space 8704K, 100% used [0x00000000eab00000,0x00000000eb380000,0x00000000eb380000)
  from space 13312K, 99% used [0x00000000eb400000,0x00000000ec0fd258,0x00000000ec100000)
  to   space 22528K, 0% used [0x00000000ec980000,0x00000000ec980000,0x00000000edf80000)
 ParOldGen       total 392704K, used 361391K [0x00000000c0000000, 0x00000000d7f80000, 0x00000000eab00000)
  object space 392704K, 92% used [0x00000000c0000000,0x00000000d60ebe20,0x00000000d7f80000)
 Metaspace       used 66667K, committed 67776K, reserved 1114112K
  class space    used 7622K, committed 8128K, reserved 1048576K
}
Event: 42.371 GC heap after
{Heap after GC invocations=1439 (full 26):
 PSYoungGen      total 29696K, used 20753K [0x00000000eab00000, 0x00000000ede00000, 0x0000000100000000)
  eden space 8704K, 0% used [0x00000000eab00000,0x00000000eab00000,0x00000000eb380000)
  from space 20992K, 98% used [0x00000000ec980000,0x00000000eddc47e8,0x00000000ede00000)
  to   space 21504K, 0% used [0x00000000eb400000,0x00000000eb400000,0x00000000ec900000)
 ParOldGen       total 392704K, used 362671K [0x00000000c0000000, 0x00000000d7f80000, 0x00000000eab00000)
  object space 392704K, 92% used [0x00000000c0000000,0x00000000d622be20,0x00000000d7f80000)
 Metaspace       used 66667K, committed 67776K, reserved 1114112K
  class space    used 7622K, committed 8128K, reserved 1048576K
}
Event: 42.589 GC heap before
{Heap before GC invocations=1440 (full 26):
 PSYoungGen      total 29696K, used 29201K [0x00000000eab00000, 0x00000000ede00000, 0x0000000100000000)
  eden space 8704K, 97% used [0x00000000eab00000,0x00000000eb33ffa8,0x00000000eb380000)
  from space 20992K, 98% used [0x00000000ec980000,0x00000000eddc47e8,0x00000000ede00000)
  to   space 21504K, 0% used [0x00000000eb400000,0x00000000eb400000,0x00000000ec900000)
 ParOldGen       total 392704K, used 362671K [0x00000000c0000000, 0x00000000d7f80000, 0x00000000eab00000)
  object space 392704K, 92% used [0x00000000c0000000,0x00000000d622be20,0x00000000d7f80000)
 Metaspace       used 66668K, committed 67776K, reserved 1114112K
  class space    used 7622K, committed 8128K, reserved 1048576K
}
Event: 42.598 GC heap after
{Heap after GC invocations=1440 (full 26):
 PSYoungGen      total 30208K, used 21484K [0x00000000eab00000, 0x00000000eee80000, 0x0000000100000000)
  eden space 8704K, 0% used [0x00000000eab00000,0x00000000eab00000,0x00000000eb380000)
  from space 21504K, 99% used [0x00000000eb400000,0x00000000ec8fb0e0,0x00000000ec900000)
  to   space 30208K, 0% used [0x00000000ed100000,0x00000000ed100000,0x00000000eee80000)
 ParOldGen       total 392704K, used 369900K [0x00000000c0000000, 0x00000000d7f80000, 0x00000000eab00000)
  object space 392704K, 94% used [0x00000000c0000000,0x00000000d693b010,0x00000000d7f80000)
 Metaspace       used 66668K, committed 67776K, reserved 1114112K
  class space    used 7622K, committed 8128K, reserved 1048576K
}
Event: 42.797 GC heap before
{Heap before GC invocations=1441 (full 26):
 PSYoungGen      total 30208K, used 30188K [0x00000000eab00000, 0x00000000eee80000, 0x0000000100000000)
  eden space 8704K, 100% used [0x00000000eab00000,0x00000000eb380000,0x00000000eb380000)
  from space 21504K, 99% used [0x00000000eb400000,0x00000000ec8fb0e0,0x00000000ec900000)
  to   space 30208K, 0% used [0x00000000ed100000,0x00000000ed100000,0x00000000eee80000)
 ParOldGen       total 392704K, used 369900K [0x00000000c0000000, 0x00000000d7f80000, 0x00000000eab00000)
  object space 392704K, 94% used [0x00000000c0000000,0x00000000d693b010,0x00000000d7f80000)
 Metaspace       used 66668K, committed 67776K, reserved 1114112K
  class space    used 7622K, committed 8128K, reserved 1048576K
}
Event: 42.811 GC heap after
{Heap after GC invocations=1441 (full 26):
 PSYoungGen      total 34304K, used 25297K [0x00000000eab00000, 0x00000000eea00000, 0x0000000100000000)
  eden space 8704K, 0% used [0x00000000eab00000,0x00000000eab00000,0x00000000eb380000)
  from space 25600K, 98% used [0x00000000ed100000,0x00000000ee9b46d8,0x00000000eea00000)
  to   space 26624K, 0% used [0x00000000eb600000,0x00000000eb600000,0x00000000ed000000)
 ParOldGen       total 392704K, used 371013K [0x00000000c0000000, 0x00000000d7f80000, 0x00000000eab00000)
  object space 392704K, 94% used [0x00000000c0000000,0x00000000d6a51420,0x00000000d7f80000)
 Metaspace       used 66668K, committed 67776K, reserved 1114112K
  class space    used 7622K, committed 8128K, reserved 1048576K
}
Event: 43.567 GC heap before
{Heap before GC invocations=1442 (full 26):
 PSYoungGen      total 34304K, used 34001K [0x00000000eab00000, 0x00000000eea00000, 0x0000000100000000)
  eden space 8704K, 100% used [0x00000000eab00000,0x00000000eb380000,0x00000000eb380000)
  from space 25600K, 98% used [0x00000000ed100000,0x00000000ee9b46d8,0x00000000eea00000)
  to   space 26624K, 0% used [0x00000000eb600000,0x00000000eb600000,0x00000000ed000000)
 ParOldGen       total 392704K, used 371013K [0x00000000c0000000, 0x00000000d7f80000, 0x00000000eab00000)
  object space 392704K, 94% used [0x00000000c0000000,0x00000000d6a51420,0x00000000d7f80000)
 Metaspace       used 66669K, committed 67776K, reserved 1114112K
  class space    used 7622K, committed 8128K, reserved 1048576K
}
Event: 43.577 GC heap after
{Heap after GC invocations=1442 (full 26):
 PSYoungGen      total 35328K, used 26594K [0x00000000eab00000, 0x00000000eec80000, 0x0000000100000000)
  eden space 8704K, 0% used [0x00000000eab00000,0x00000000eab00000,0x00000000eb380000)
  from space 26624K, 99% used [0x00000000eb600000,0x00000000ecff8900,0x00000000ed000000)
  to   space 29184K, 0% used [0x00000000ed000000,0x00000000ed000000,0x00000000eec80000)
 ParOldGen       total 392704K, used 372676K [0x00000000c0000000, 0x00000000d7f80000, 0x00000000eab00000)
  object space 392704K, 94% used [0x00000000c0000000,0x00000000d6bf1118,0x00000000d7f80000)
 Metaspace       used 66669K, committed 67776K, reserved 1114112K
  class space    used 7622K, committed 8128K, reserved 1048576K
}
Event: 43.685 GC heap before
{Heap before GC invocations=1443 (full 26):
 PSYoungGen      total 35328K, used 35298K [0x00000000eab00000, 0x00000000eec80000, 0x0000000100000000)
  eden space 8704K, 100% used [0x00000000eab00000,0x00000000eb380000,0x00000000eb380000)
  from space 26624K, 99% used [0x00000000eb600000,0x00000000ecff8900,0x00000000ed000000)
  to   space 29184K, 0% used [0x00000000ed000000,0x00000000ed000000,0x00000000eec80000)
 ParOldGen       total 392704K, used 372676K [0x00000000c0000000, 0x00000000d7f80000, 0x00000000eab00000)
  object space 392704K, 94% used [0x00000000c0000000,0x00000000d6bf1118,0x00000000d7f80000)
 Metaspace       used 66672K, committed 67776K, reserved 1114112K
  class space    used 7622K, committed 8128K, reserved 1048576K
}
Event: 43.696 GC heap after
{Heap after GC invocations=1443 (full 26):
 PSYoungGen      total 31232K, used 22204K [0x00000000eab00000, 0x00000000ee600000, 0x0000000100000000)
  eden space 8704K, 0% used [0x00000000eab00000,0x00000000eab00000,0x00000000eb380000)
  from space 22528K, 98% used [0x00000000ed000000,0x00000000ee5af3d8,0x00000000ee600000)
  to   space 24576K, 0% used [0x00000000eb600000,0x00000000eb600000,0x00000000ece00000)
 ParOldGen       total 392704K, used 378293K [0x00000000c0000000, 0x00000000d7f80000, 0x00000000eab00000)
  object space 392704K, 96% used [0x00000000c0000000,0x00000000d716d638,0x00000000d7f80000)
 Metaspace       used 66672K, committed 67776K, reserved 1114112K
  class space    used 7622K, committed 8128K, reserved 1048576K
}
Event: 43.765 GC heap before
{Heap before GC invocations=1444 (full 26):
 PSYoungGen      total 31232K, used 30908K [0x00000000eab00000, 0x00000000ee600000, 0x0000000100000000)
  eden space 8704K, 100% used [0x00000000eab00000,0x00000000eb380000,0x00000000eb380000)
  from space 22528K, 98% used [0x00000000ed000000,0x00000000ee5af3d8,0x00000000ee600000)
  to   space 24576K, 0% used [0x00000000eb600000,0x00000000eb600000,0x00000000ece00000)
 ParOldGen       total 392704K, used 378293K [0x00000000c0000000, 0x00000000d7f80000, 0x00000000eab00000)
  object space 392704K, 96% used [0x00000000c0000000,0x00000000d716d638,0x00000000d7f80000)
 Metaspace       used 66672K, committed 67776K, reserved 1114112K
  class space    used 7622K, committed 8128K, reserved 1048576K
}
Event: 43.777 GC heap after
{Heap after GC invocations=1444 (full 26):
 PSYoungGen      total 30720K, used 21884K [0x00000000eab00000, 0x00000000edf80000, 0x0000000100000000)
  eden space 8704K, 0% used [0x00000000eab00000,0x00000000eab00000,0x00000000eb380000)
  from space 22016K, 99% used [0x00000000eb600000,0x00000000ecb5f088,0x00000000ecb80000)
  to   space 20480K, 0% used [0x00000000ecb80000,0x00000000ecb80000,0x00000000edf80000)
 ParOldGen       total 392704K, used 378293K [0x00000000c0000000, 0x00000000d7f80000, 0x00000000eab00000)
  object space 392704K, 96% used [0x00000000c0000000,0x00000000d716d638,0x00000000d7f80000)
 Metaspace       used 66672K, committed 67776K, reserved 1114112K
  class space    used 7622K, committed 8128K, reserved 1048576K
}
Event: 43.835 GC heap before
{Heap before GC invocations=1445 (full 26):
 PSYoungGen      total 30720K, used 30588K [0x00000000eab00000, 0x00000000edf80000, 0x0000000100000000)
  eden space 8704K, 100% used [0x00000000eab00000,0x00000000eb380000,0x00000000eb380000)
  from space 22016K, 99% used [0x00000000eb600000,0x00000000ecb5f088,0x00000000ecb80000)
  to   space 20480K, 0% used [0x00000000ecb80000,0x00000000ecb80000,0x00000000edf80000)
 ParOldGen       total 392704K, used 378293K [0x00000000c0000000, 0x00000000d7f80000, 0x00000000eab00000)
  object space 392704K, 96% used [0x00000000c0000000,0x00000000d716d638,0x00000000d7f80000)
 Metaspace       used 66672K, committed 67776K, reserved 1114112K
  class space    used 7622K, committed 8128K, reserved 1048576K
}
Event: 43.845 GC heap after
{Heap after GC invocations=1445 (full 26):
 PSYoungGen      total 30208K, used 20463K [0x00000000eab00000, 0x00000000ee080000, 0x0000000100000000)
  eden space 9728K, 0% used [0x00000000eab00000,0x00000000eab00000,0x00000000eb480000)
  from space 20480K, 99% used [0x00000000ecb80000,0x00000000edf7bee8,0x00000000edf80000)
  to   space 22528K, 0% used [0x00000000eb480000,0x00000000eb480000,0x00000000eca80000)
 ParOldGen       total 392704K, used 379814K [0x00000000c0000000, 0x00000000d7f80000, 0x00000000eab00000)
  object space 392704K, 96% used [0x00000000c0000000,0x00000000d72e9bb0,0x00000000d7f80000)
 Metaspace       used 66672K, committed 67776K, reserved 1114112K
  class space    used 7622K, committed 8128K, reserved 1048576K
}
Event: 43.871 GC heap before
{Heap before GC invocations=1446 (full 26):
 PSYoungGen      total 30208K, used 30191K [0x00000000eab00000, 0x00000000ee080000, 0x0000000100000000)
  eden space 9728K, 100% used [0x00000000eab00000,0x00000000eb480000,0x00000000eb480000)
  from space 20480K, 99% used [0x00000000ecb80000,0x00000000edf7bee8,0x00000000edf80000)
  to   space 22528K, 0% used [0x00000000eb480000,0x00000000eb480000,0x00000000eca80000)
 ParOldGen       total 392704K, used 379814K [0x00000000c0000000, 0x00000000d7f80000, 0x00000000eab00000)
  object space 392704K, 96% used [0x00000000c0000000,0x00000000d72e9bb0,0x00000000d7f80000)
 Metaspace       used 66672K, committed 67776K, reserved 1114112K
  class space    used 7622K, committed 8128K, reserved 1048576K
}
Event: 43.881 GC heap after
{Heap after GC invocations=1446 (full 26):
 PSYoungGen      total 20992K, used 11037K [0x00000000eab00000, 0x00000000ed400000, 0x0000000100000000)
  eden space 9728K, 0% used [0x00000000eab00000,0x00000000eab00000,0x00000000eb480000)
  from space 11264K, 97% used [0x00000000eb480000,0x00000000ebf47648,0x00000000ebf80000)
  to   space 15360K, 0% used [0x00000000ec500000,0x00000000ec500000,0x00000000ed400000)
 ParOldGen       total 392704K, used 390307K [0x00000000c0000000, 0x00000000d7f80000, 0x00000000eab00000)
  object space 392704K, 99% used [0x00000000c0000000,0x00000000d7d28f68,0x00000000d7f80000)
 Metaspace       used 66672K, committed 67776K, reserved 1114112K
  class space    used 7622K, committed 8128K, reserved 1048576K
}
Event: 43.901 GC heap before
{Heap before GC invocations=1447 (full 27):
 PSYoungGen      total 20992K, used 20765K [0x00000000eab00000, 0x00000000ed400000, 0x0000000100000000)
  eden space 9728K, 100% used [0x00000000eab00000,0x00000000eb480000,0x00000000eb480000)
  from space 11264K, 97% used [0x00000000eb480000,0x00000000ebf47648,0x00000000ebf80000)
  to   space 15360K, 0% used [0x00000000ec500000,0x00000000ec500000,0x00000000ed400000)
 ParOldGen       total 392704K, used 390307K [0x00000000c0000000, 0x00000000d7f80000, 0x00000000eab00000)
  object space 392704K, 99% used [0x00000000c0000000,0x00000000d7d28f68,0x00000000d7f80000)
 Metaspace       used 66672K, committed 67776K, reserved 1114112K
  class space    used 7622K, committed 8128K, reserved 1048576K
}

Dll operation events (15 events):
Event: 0.008 Loaded shared library c:\Users\Hamza tabani\.vscode\extensions\redhat.java-1.36.0-win32-x64\jre\17.0.13-win32-x86_64\bin\java.dll
Event: 0.129 Loaded shared library c:\Users\Hamza tabani\.vscode\extensions\redhat.java-1.36.0-win32-x64\jre\17.0.13-win32-x86_64\bin\zip.dll
Event: 0.131 Loaded shared library C:\Users\Hamza tabani\.vscode\extensions\redhat.java-1.36.0-win32-x64\jre\17.0.13-win32-x86_64\bin\instrument.dll
Event: 0.140 Loaded shared library C:\Users\Hamza tabani\.vscode\extensions\redhat.java-1.36.0-win32-x64\jre\17.0.13-win32-x86_64\bin\net.dll
Event: 0.142 Loaded shared library C:\Users\Hamza tabani\.vscode\extensions\redhat.java-1.36.0-win32-x64\jre\17.0.13-win32-x86_64\bin\nio.dll
Event: 0.147 Loaded shared library C:\Users\Hamza tabani\.vscode\extensions\redhat.java-1.36.0-win32-x64\jre\17.0.13-win32-x86_64\bin\zip.dll
Event: 0.164 Loaded shared library C:\Users\Hamza tabani\.vscode\extensions\redhat.java-1.36.0-win32-x64\jre\17.0.13-win32-x86_64\bin\jimage.dll
Event: 0.221 Loaded shared library c:\Users\Hamza tabani\.vscode\extensions\redhat.java-1.36.0-win32-x64\jre\17.0.13-win32-x86_64\bin\verify.dll
Event: 1.083 Loaded shared library C:\Users\Hamza tabani\AppData\Roaming\Code\User\globalStorage\redhat.java\1.36.0\config_win\org.eclipse.equinox.launcher\org.eclipse.equinox.launcher.win32.win32.x86_64_1.2.1100.v20240722-2106\eclipse_11904.dll
Event: 2.682 Loaded shared library C:\Users\Hamza tabani\AppData\Local\Temp\jna-84987212\jna11195615746725253752.dll
Event: 9.853 Loaded shared library C:\Users\Hamza tabani\.gradle\native\c067742578af261105cb4f569cf0c3c89f3d7b1fecec35dd04571415982c5e48\windows-amd64\native-platform.dll
Event: 18.641 Loaded shared library C:\Users\Hamza tabani\.vscode\extensions\redhat.java-1.36.0-win32-x64\jre\17.0.13-win32-x86_64\bin\management.dll
Event: 18.644 Loaded shared library C:\Users\Hamza tabani\.vscode\extensions\redhat.java-1.36.0-win32-x64\jre\17.0.13-win32-x86_64\bin\management_ext.dll
Event: 19.718 Loaded shared library C:\Users\Hamza tabani\.vscode\extensions\redhat.java-1.36.0-win32-x64\jre\17.0.13-win32-x86_64\bin\extnet.dll
Event: 22.238 Loaded shared library C:\Users\Hamza tabani\.vscode\extensions\redhat.java-1.36.0-win32-x64\jre\17.0.13-win32-x86_64\bin\sunmscapi.dll

Deoptimization events (20 events):
Event: 41.175 Thread 0x000001f504aea040 Uncommon trap: trap_request=0xffffff45 fr.pc=0x000001f5746d6650 relative=0x00000000000008d0
Event: 41.175 Thread 0x000001f504aea040 Uncommon trap: reason=unstable_if action=reinterpret pc=0x000001f5746d6650 method=java.lang.String.equals(Ljava/lang/Object;)Z @ 33 c2
Event: 41.175 Thread 0x000001f504aea040 DEOPT PACKING pc=0x000001f5746d6650 sp=0x00000008b95fef10
Event: 41.175 Thread 0x000001f504aea040 DEOPT UNPACKING pc=0x000001f573c866a3 sp=0x00000008b95fedf0 mode 2
Event: 41.177 Thread 0x000001f504aea040 Uncommon trap: trap_request=0xffffff45 fr.pc=0x000001f57480d498 relative=0x0000000000001318
Event: 41.177 Thread 0x000001f504aea040 Uncommon trap: reason=unstable_if action=reinterpret pc=0x000001f57480d498 method=java.lang.String.equals(Ljava/lang/Object;)Z @ 33 c2
Event: 41.177 Thread 0x000001f504aea040 DEOPT PACKING pc=0x000001f57480d498 sp=0x00000008b95fefa0
Event: 41.177 Thread 0x000001f504aea040 DEOPT UNPACKING pc=0x000001f573c866a3 sp=0x00000008b95fee20 mode 2
Event: 41.183 Thread 0x000001f504aea040 Uncommon trap: trap_request=0xffffff45 fr.pc=0x000001f5747e6718 relative=0x00000000000015f8
Event: 41.183 Thread 0x000001f504aea040 Uncommon trap: reason=unstable_if action=reinterpret pc=0x000001f5747e6718 method=java.lang.String.compareTo(Ljava/lang/String;)I @ 22 c2
Event: 41.183 Thread 0x000001f504aea040 DEOPT PACKING pc=0x000001f5747e6718 sp=0x00000008b95fee70
Event: 41.183 Thread 0x000001f504aea040 DEOPT UNPACKING pc=0x000001f573c866a3 sp=0x00000008b95fed90 mode 2
Event: 41.185 Thread 0x000001f504aea040 Uncommon trap: trap_request=0xffffff45 fr.pc=0x000001f5746d9220 relative=0x0000000000001de0
Event: 41.185 Thread 0x000001f504aea040 Uncommon trap: reason=unstable_if action=reinterpret pc=0x000001f5746d9220 method=java.lang.String.compareTo(Ljava/lang/String;)I @ 22 c2
Event: 41.185 Thread 0x000001f504aea040 DEOPT PACKING pc=0x000001f5746d9220 sp=0x00000008b95fee50
Event: 41.185 Thread 0x000001f504aea040 DEOPT UNPACKING pc=0x000001f573c866a3 sp=0x00000008b95fed00 mode 2
Event: 41.187 Thread 0x000001f504aea040 Uncommon trap: trap_request=0xffffff45 fr.pc=0x000001f5743273b0 relative=0x00000000000001b0
Event: 41.187 Thread 0x000001f504aea040 Uncommon trap: reason=unstable_if action=reinterpret pc=0x000001f5743273b0 method=java.lang.String.compareTo(Ljava/lang/String;)I @ 22 c2
Event: 41.187 Thread 0x000001f504aea040 DEOPT PACKING pc=0x000001f5743273b0 sp=0x00000008b95fecd0
Event: 41.187 Thread 0x000001f504aea040 DEOPT UNPACKING pc=0x000001f573c866a3 sp=0x00000008b95fec40 mode 2

Classes loaded (20 events):
Event: 30.998 Loading class sun/util/locale/provider/TimeZoneNameProviderImpl done
Event: 30.998 Loading class sun/util/cldr/CLDRTimeZoneNameProviderImpl done
Event: 30.999 Loading class sun/util/locale/provider/BaseLocaleDataMetaInfo
Event: 30.999 Loading class sun/util/locale/provider/BaseLocaleDataMetaInfo done
Event: 31.001 Loading class sun/util/resources/cldr/TimeZoneNames
Event: 31.001 Loading class sun/util/resources/TimeZoneNamesBundle
Event: 31.001 Loading class sun/util/resources/OpenListResourceBundle
Event: 31.001 Loading class sun/util/resources/OpenListResourceBundle done
Event: 31.001 Loading class sun/util/resources/TimeZoneNamesBundle done
Event: 31.001 Loading class sun/util/resources/cldr/TimeZoneNames done
Event: 31.001 Loading class sun/util/resources/cldr/TimeZoneNames_en
Event: 31.003 Loading class sun/util/resources/cldr/TimeZoneNames_en done
Event: 31.003 Loading class sun/util/resources/cldr/TimeZoneNames_en_US
Event: 31.003 Loading class sun/util/resources/cldr/TimeZoneNames_en_US done
Event: 31.005 Loading class sun/util/cldr/CLDRBaseLocaleDataMetaInfo$TZCanonicalIDMapHolder
Event: 31.006 Loading class sun/util/cldr/CLDRBaseLocaleDataMetaInfo$TZCanonicalIDMapHolder done
Event: 31.007 Loading class sun/util/resources/TimeZoneNames
Event: 31.011 Loading class sun/util/resources/TimeZoneNames done
Event: 31.011 Loading class sun/util/resources/TimeZoneNames_en
Event: 31.011 Loading class sun/util/resources/TimeZoneNames_en done

Classes unloaded (7 events):
Event: 2.465 Thread 0x000001f569b1e4e0 Unloading class 0x0000000100254000 'java/lang/invoke/LambdaForm$MH+0x0000000100254000'
Event: 2.465 Thread 0x000001f569b1e4e0 Unloading class 0x0000000100253c00 'java/lang/invoke/LambdaForm$MH+0x0000000100253c00'
Event: 2.465 Thread 0x000001f569b1e4e0 Unloading class 0x0000000100253800 'java/lang/invoke/LambdaForm$MH+0x0000000100253800'
Event: 2.465 Thread 0x000001f569b1e4e0 Unloading class 0x0000000100253400 'java/lang/invoke/LambdaForm$MH+0x0000000100253400'
Event: 2.465 Thread 0x000001f569b1e4e0 Unloading class 0x0000000100253000 'java/lang/invoke/LambdaForm$BMH+0x0000000100253000'
Event: 2.465 Thread 0x000001f569b1e4e0 Unloading class 0x0000000100252c00 'java/lang/invoke/LambdaForm$DMH+0x0000000100252c00'
Event: 2.465 Thread 0x000001f569b1e4e0 Unloading class 0x0000000100250400 'java/lang/invoke/LambdaForm$DMH+0x0000000100250400'

Classes redefined (0 events):
No events

Internal exceptions (20 events):
Event: 32.900 Thread 0x000001f504aea040 Exception <a 'sun/nio/fs/WindowsException'{0x00000000eab570e8}> (0x00000000eab570e8) 
thrown [s\src\hotspot\share\prims\jni.cpp, line 516]
Event: 33.181 Thread 0x000001f504aea040 Exception <a 'sun/nio/fs/WindowsException'{0x00000000eacb4c88}> (0x00000000eacb4c88) 
thrown [s\src\hotspot\share\prims\jni.cpp, line 516]
Event: 33.238 Thread 0x000001f504aea040 Exception <a 'sun/nio/fs/WindowsException'{0x00000000eacef4d0}> (0x00000000eacef4d0) 
thrown [s\src\hotspot\share\prims\jni.cpp, line 516]
Event: 33.311 Thread 0x000001f504aea040 Exception <a 'sun/nio/fs/WindowsException'{0x00000000eab5ae88}> (0x00000000eab5ae88) 
thrown [s\src\hotspot\share\prims\jni.cpp, line 516]
Event: 33.359 Thread 0x000001f504aea040 Exception <a 'sun/nio/fs/WindowsException'{0x00000000eab8fac0}> (0x00000000eab8fac0) 
thrown [s\src\hotspot\share\prims\jni.cpp, line 516]
Event: 33.414 Thread 0x000001f504aea040 Exception <a 'sun/nio/fs/WindowsException'{0x00000000eabd1d78}> (0x00000000eabd1d78) 
thrown [s\src\hotspot\share\prims\jni.cpp, line 516]
Event: 33.447 Thread 0x000001f504aea040 Exception <a 'sun/nio/fs/WindowsException'{0x00000000eaba5510}> (0x00000000eaba5510) 
thrown [s\src\hotspot\share\prims\jni.cpp, line 516]
Event: 33.495 Thread 0x000001f504aea040 Exception <a 'sun/nio/fs/WindowsException'{0x00000000eac0a748}> (0x00000000eac0a748) 
thrown [s\src\hotspot\share\prims\jni.cpp, line 516]
Event: 33.546 Thread 0x000001f504aea040 Exception <a 'sun/nio/fs/WindowsException'{0x00000000eac54f58}> (0x00000000eac54f58) 
thrown [s\src\hotspot\share\prims\jni.cpp, line 516]
Event: 33.611 Thread 0x000001f504aea040 Exception <a 'sun/nio/fs/WindowsException'{0x00000000eab7fb08}> (0x00000000eab7fb08) 
thrown [s\src\hotspot\share\prims\jni.cpp, line 516]
Event: 34.081 Thread 0x000001f504aea040 Exception <a 'sun/nio/fs/WindowsException'{0x00000000eac248a8}> (0x00000000eac248a8) 
thrown [s\src\hotspot\share\prims\jni.cpp, line 516]
Event: 34.473 Thread 0x000001f504aea040 Exception <a 'sun/nio/fs/WindowsException'{0x00000000eacde430}> (0x00000000eacde430) 
thrown [s\src\hotspot\share\prims\jni.cpp, line 516]
Event: 34.536 Thread 0x000001f504aea040 Exception <a 'sun/nio/fs/WindowsException'{0x00000000eac28180}> (0x00000000eac28180) 
thrown [s\src\hotspot\share\prims\jni.cpp, line 516]
Event: 34.575 Thread 0x000001f504aea040 Exception <a 'sun/nio/fs/WindowsException'{0x00000000eac4d710}> (0x00000000eac4d710) 
thrown [s\src\hotspot\share\prims\jni.cpp, line 516]
Event: 34.743 Thread 0x000001f504aea040 Exception <a 'sun/nio/fs/WindowsException'{0x00000000ead59ef8}> (0x00000000ead59ef8) 
thrown [s\src\hotspot\share\prims\jni.cpp, line 516]
Event: 34.818 Thread 0x000001f504aea040 Exception <a 'sun/nio/fs/WindowsException'{0x00000000eab5ed00}> (0x00000000eab5ed00) 
thrown [s\src\hotspot\share\prims\jni.cpp, line 516]
Event: 34.906 Thread 0x000001f504aea040 Exception <a 'sun/nio/fs/WindowsException'{0x00000000eabfcca8}> (0x00000000eabfcca8) 
thrown [s\src\hotspot\share\prims\jni.cpp, line 516]
Event: 43.647 Thread 0x000001f504aea040 Exception <a 'sun/nio/fs/WindowsException'{0x00000000eab53f88}> (0x00000000eab53f88) 
thrown [s\src\hotspot\share\prims\jni.cpp, line 516]
Event: 43.736 Thread 0x000001f504aea040 Exception <a 'sun/nio/fs/WindowsException'{0x00000000eb043498}> (0x00000000eb043498) 
thrown [s\src\hotspot\share\prims\jni.cpp, line 516]
Event: 43.807 Thread 0x000001f504aea040 Exception <a 'sun/nio/fs/WindowsException'{0x00000000eb167230}> (0x00000000eb167230) 
thrown [s\src\hotspot\share\prims\jni.cpp, line 516]

VM Operations (20 events):
Event: 41.981 Executing VM operation: ParallelGCFailedAllocation done
Event: 42.140 Executing VM operation: ParallelGCFailedAllocation
Event: 42.150 Executing VM operation: ParallelGCFailedAllocation done
Event: 42.359 Executing VM operation: ParallelGCFailedAllocation
Event: 42.371 Executing VM operation: ParallelGCFailedAllocation done
Event: 42.589 Executing VM operation: ParallelGCFailedAllocation
Event: 42.598 Executing VM operation: ParallelGCFailedAllocation done
Event: 42.797 Executing VM operation: ParallelGCFailedAllocation
Event: 42.811 Executing VM operation: ParallelGCFailedAllocation done
Event: 43.567 Executing VM operation: ParallelGCFailedAllocation
Event: 43.577 Executing VM operation: ParallelGCFailedAllocation done
Event: 43.685 Executing VM operation: ParallelGCFailedAllocation
Event: 43.696 Executing VM operation: ParallelGCFailedAllocation done
Event: 43.765 Executing VM operation: ParallelGCFailedAllocation
Event: 43.777 Executing VM operation: ParallelGCFailedAllocation done
Event: 43.835 Executing VM operation: ParallelGCFailedAllocation
Event: 43.845 Executing VM operation: ParallelGCFailedAllocation done
Event: 43.871 Executing VM operation: ParallelGCFailedAllocation
Event: 43.881 Executing VM operation: ParallelGCFailedAllocation done
Event: 43.901 Executing VM operation: ParallelGCFailedAllocation

Memory protections (0 events):
No events

Nmethod flushes (20 events):
Event: 18.999 Thread 0x000001f57eb9b7d0 flushing  nmethod 0x000001f56d487190
Event: 18.999 Thread 0x000001f57eb9b7d0 flushing osr nmethod 0x000001f56d48b710
Event: 18.999 Thread 0x000001f57eb9b7d0 flushing  nmethod 0x000001f56d4a0710
Event: 18.999 Thread 0x000001f57eb9b7d0 flushing  nmethod 0x000001f56d4a3890
Event: 18.999 Thread 0x000001f57eb9b7d0 flushing  nmethod 0x000001f56d4d2910
Event: 18.999 Thread 0x000001f57eb9b7d0 flushing  nmethod 0x000001f56d4f5e90
Event: 18.999 Thread 0x000001f57eb9b7d0 flushing  nmethod 0x000001f56d563290
Event: 18.999 Thread 0x000001f57eb9b7d0 flushing  nmethod 0x000001f56d56eb10
Event: 18.999 Thread 0x000001f57eb9b7d0 flushing  nmethod 0x000001f56d57ba90
Event: 18.999 Thread 0x000001f57eb9b7d0 flushing  nmethod 0x000001f56d57bf90
Event: 18.999 Thread 0x000001f57eb9b7d0 flushing  nmethod 0x000001f56d584a10
Event: 18.999 Thread 0x000001f57eb9b7d0 flushing  nmethod 0x000001f56d58c590
Event: 18.999 Thread 0x000001f57eb9b7d0 flushing  nmethod 0x000001f56d590010
Event: 18.999 Thread 0x000001f57eb9b7d0 flushing  nmethod 0x000001f56d5a5610
Event: 18.999 Thread 0x000001f57eb9b7d0 flushing  nmethod 0x000001f56d5b5610
Event: 18.999 Thread 0x000001f57eb9b7d0 flushing  nmethod 0x000001f56d5c3710
Event: 18.999 Thread 0x000001f57eb9b7d0 flushing  nmethod 0x000001f56d5d1810
Event: 34.943 Thread 0x000001f57eb9b7d0 flushing  nmethod 0x000001f56c719910
Event: 34.944 Thread 0x000001f57eb9b7d0 flushing  nmethod 0x000001f56c978c90
Event: 34.950 Thread 0x000001f57eb9b7d0 flushing  nmethod 0x000001f56d0c9f90

Events (20 events):
Event: 19.632 Thread 0x000001f511eb61a0 Thread added: 0x000001f511eb8f30
Event: 19.738 Thread 0x000001f5063c1c70 Thread exited: 0x000001f5063c1c70
Event: 19.763 Thread 0x000001f504980240 Thread exited: 0x000001f504980240
Event: 19.895 Thread 0x000001f511eb61a0 Thread added: 0x000001f511eb8510
Event: 19.900 Thread 0x000001f511eb8510 Thread added: 0x000001f511eb6bc0
Event: 19.901 Thread 0x000001f511eb8510 Thread added: 0x000001f511eb70d0
Event: 19.905 Thread 0x000001f511eb6bc0 Thread exited: 0x000001f511eb6bc0
Event: 22.186 Thread 0x000001f511eb70d0 Thread exited: 0x000001f511eb70d0
Event: 22.186 Thread 0x000001f511eb8510 Thread exited: 0x000001f511eb8510
Event: 22.330 Thread 0x000001f511eb61a0 Thread added: 0x000001f511eb9e60
Event: 22.331 Thread 0x000001f511eb61a0 Thread added: 0x000001f511eb29f0
Event: 22.337 Thread 0x000001f511eb9e60 Thread exited: 0x000001f511eb9e60
Event: 30.937 Thread 0x000001f57eb91f50 Thread added: 0x000001f5063c1c70
Event: 30.965 Thread 0x000001f5063c1c70 Thread added: 0x000001f504156090
Event: 31.338 Thread 0x000001f504156090 Thread exited: 0x000001f504156090
Event: 31.437 Thread 0x000001f5063c1c70 Thread exited: 0x000001f5063c1c70
Event: 35.952 Thread 0x000001f57eb91f50 Thread added: 0x000001f511501c20
Event: 36.038 Thread 0x000001f57eb8ede0 Thread added: 0x000001f504156090
Event: 36.298 Thread 0x000001f504156090 Thread exited: 0x000001f504156090
Event: 36.547 Thread 0x000001f511501c20 Thread exited: 0x000001f511501c20


Dynamic libraries:
0x00007ff7ca220000 - 0x00007ff7ca22e000 	c:\Users\Hamza tabani\.vscode\extensions\redhat.java-1.36.0-win32-x64\jre\17.0.13-win32-x86_64\bin\java.exe
0x00007ff9e7930000 - 0x00007ff9e7b28000 	C:\Windows\SYSTEM32\ntdll.dll
0x00007ff9e69c0000 - 0x00007ff9e6a82000 	C:\Windows\System32\KERNEL32.DLL
0x00007ff9e5200000 - 0x00007ff9e54fe000 	C:\Windows\System32\KERNELBASE.dll
0x00007ff9e5000000 - 0x00007ff9e5100000 	C:\Windows\System32\ucrtbase.dll
0x00007ff96d3a0000 - 0x00007ff96d3b7000 	c:\Users\Hamza tabani\.vscode\extensions\redhat.java-1.36.0-win32-x64\jre\17.0.13-win32-x86_64\bin\jli.dll
0x00007ff9e6500000 - 0x00007ff9e669d000 	C:\Windows\System32\USER32.dll
0x00007ff9e4fd0000 - 0x00007ff9e4ff2000 	C:\Windows\System32\win32u.dll
0x00007ff9e66a0000 - 0x00007ff9e66cb000 	C:\Windows\System32\GDI32.dll
0x00007ff9e5660000 - 0x00007ff9e5777000 	C:\Windows\System32\gdi32full.dll
0x00007ff9e5500000 - 0x00007ff9e559d000 	C:\Windows\System32\msvcp_win.dll
0x00007ff968d30000 - 0x00007ff968d4e000 	c:\Users\Hamza tabani\.vscode\extensions\redhat.java-1.36.0-win32-x64\jre\17.0.13-win32-x86_64\bin\VCRUNTIME140.dll
0x00007ff9e4420000 - 0x00007ff9e46ba000 	C:\Windows\WinSxS\amd64_microsoft.windows.common-controls_6595b64144ccf1df_6.0.19041.4355_none_60b8b9eb71f62e16\COMCTL32.dll
0x00007ff9e6dc0000 - 0x00007ff9e6e5e000 	C:\Windows\System32\msvcrt.dll
0x00007ff9e6d90000 - 0x00007ff9e6dbf000 	C:\Windows\System32\IMM32.DLL
0x00007ff96e770000 - 0x00007ff96e77c000 	c:\Users\Hamza tabani\.vscode\extensions\redhat.java-1.36.0-win32-x64\jre\17.0.13-win32-x86_64\bin\vcruntime140_1.dll
0x00007ff956e90000 - 0x00007ff956f1d000 	c:\Users\Hamza tabani\.vscode\extensions\redhat.java-1.36.0-win32-x64\jre\17.0.13-win32-x86_64\bin\msvcp140.dll
0x00007ff956060000 - 0x00007ff956ccb000 	c:\Users\Hamza tabani\.vscode\extensions\redhat.java-1.36.0-win32-x64\jre\17.0.13-win32-x86_64\bin\server\jvm.dll
0x00007ff9e6e60000 - 0x00007ff9e6f12000 	C:\Windows\System32\ADVAPI32.dll
0x00007ff9e77d0000 - 0x00007ff9e7870000 	C:\Windows\System32\sechost.dll
0x00007ff9e66d0000 - 0x00007ff9e67f3000 	C:\Windows\System32\RPCRT4.dll
0x00007ff9e55a0000 - 0x00007ff9e55c7000 	C:\Windows\System32\bcrypt.dll
0x00007ff9e7870000 - 0x00007ff9e78db000 	C:\Windows\System32\WS2_32.dll
0x00007ff9e4e30000 - 0x00007ff9e4e7b000 	C:\Windows\SYSTEM32\POWRPROF.dll
0x00007ff9db210000 - 0x00007ff9db237000 	C:\Windows\SYSTEM32\WINMM.dll
0x00007ff9e1910000 - 0x00007ff9e191a000 	C:\Windows\SYSTEM32\VERSION.dll
0x00007ff9e4e10000 - 0x00007ff9e4e22000 	C:\Windows\SYSTEM32\UMPDC.dll
0x00007ff9e2020000 - 0x00007ff9e2032000 	C:\Windows\SYSTEM32\kernel.appcore.dll
0x00007ff96e3b0000 - 0x00007ff96e3ba000 	c:\Users\Hamza tabani\.vscode\extensions\redhat.java-1.36.0-win32-x64\jre\17.0.13-win32-x86_64\bin\jimage.dll
0x00007ff9e48d0000 - 0x00007ff9e4ab4000 	C:\Windows\SYSTEM32\DBGHELP.DLL
0x00007ff9e4890000 - 0x00007ff9e48c4000 	C:\Windows\SYSTEM32\dbgcore.DLL
0x00007ff9e55d0000 - 0x00007ff9e5652000 	C:\Windows\System32\bcryptPrimitives.dll
0x00007ff96cf50000 - 0x00007ff96cf5e000 	c:\Users\Hamza tabani\.vscode\extensions\redhat.java-1.36.0-win32-x64\jre\17.0.13-win32-x86_64\bin\instrument.dll
0x00007ff968d00000 - 0x00007ff968d25000 	c:\Users\Hamza tabani\.vscode\extensions\redhat.java-1.36.0-win32-x64\jre\17.0.13-win32-x86_64\bin\java.dll
0x00007ff968ce0000 - 0x00007ff968cf8000 	c:\Users\Hamza tabani\.vscode\extensions\redhat.java-1.36.0-win32-x64\jre\17.0.13-win32-x86_64\bin\zip.dll
0x00007ff9e5950000 - 0x00007ff9e60bf000 	C:\Windows\System32\SHELL32.dll
0x00007ff9e2320000 - 0x00007ff9e2ac4000 	C:\Windows\SYSTEM32\windows.storage.dll
0x00007ff9e6120000 - 0x00007ff9e6473000 	C:\Windows\System32\combase.dll
0x00007ff9e41b0000 - 0x00007ff9e41de000 	C:\Windows\SYSTEM32\Wldp.dll
0x00007ff9e6f80000 - 0x00007ff9e704d000 	C:\Windows\System32\OLEAUT32.dll
0x00007ff9e6a90000 - 0x00007ff9e6b3d000 	C:\Windows\System32\SHCORE.dll
0x00007ff9e6bf0000 - 0x00007ff9e6c45000 	C:\Windows\System32\shlwapi.dll
0x00007ff9e4f00000 - 0x00007ff9e4f24000 	C:\Windows\SYSTEM32\profapi.dll
0x00007ff968cc0000 - 0x00007ff968cd9000 	C:\Users\Hamza tabani\.vscode\extensions\redhat.java-1.36.0-win32-x64\jre\17.0.13-win32-x86_64\bin\net.dll
0x00007ff9de1d0000 - 0x00007ff9de2dd000 	C:\Windows\SYSTEM32\WINHTTP.dll
0x00007ff9e3f90000 - 0x00007ff9e3ffa000 	C:\Windows\system32\mswsock.dll
0x00007ff956e70000 - 0x00007ff956e86000 	C:\Users\Hamza tabani\.vscode\extensions\redhat.java-1.36.0-win32-x64\jre\17.0.13-win32-x86_64\bin\nio.dll
0x00007ff968cb0000 - 0x00007ff968cc0000 	c:\Users\Hamza tabani\.vscode\extensions\redhat.java-1.36.0-win32-x64\jre\17.0.13-win32-x86_64\bin\verify.dll
0x00007ff96e720000 - 0x00007ff96e765000 	C:\Users\Hamza tabani\AppData\Roaming\Code\User\globalStorage\redhat.java\1.36.0\config_win\org.eclipse.equinox.launcher\org.eclipse.equinox.launcher.win32.win32.x86_64_1.2.1100.v20240722-2106\eclipse_11904.dll
0x00007ff9e6890000 - 0x00007ff9e69bb000 	C:\Windows\System32\ole32.dll
0x00007ff9e4c70000 - 0x00007ff9e4c88000 	C:\Windows\SYSTEM32\CRYPTSP.dll
0x00007ff9e3930000 - 0x00007ff9e3964000 	C:\Windows\system32\rsaenh.dll
0x00007ff9e4e80000 - 0x00007ff9e4eae000 	C:\Windows\SYSTEM32\USERENV.dll
0x00007ff9e4120000 - 0x00007ff9e412c000 	C:\Windows\SYSTEM32\CRYPTBASE.dll
0x00007ff9e3c90000 - 0x00007ff9e3ccb000 	C:\Windows\SYSTEM32\IPHLPAPI.DLL
0x00007ff9e6c50000 - 0x00007ff9e6c58000 	C:\Windows\System32\NSI.dll
0x00007ff9decf0000 - 0x00007ff9ded07000 	C:\Windows\SYSTEM32\dhcpcsvc6.DLL
0x00007ff9dec50000 - 0x00007ff9dec6d000 	C:\Windows\SYSTEM32\dhcpcsvc.DLL
0x00007ff9e3cd0000 - 0x00007ff9e3d9a000 	C:\Windows\SYSTEM32\DNSAPI.dll
0x00007ff96e6d0000 - 0x00007ff96e719000 	C:\Users\Hamza tabani\AppData\Local\Temp\jna-84987212\jna11195615746725253752.dll
0x00007ff9e78e0000 - 0x00007ff9e78e8000 	C:\Windows\System32\PSAPI.DLL
0x00007ff96fab0000 - 0x00007ff96fad7000 	C:\Users\Hamza tabani\.gradle\native\c067742578af261105cb4f569cf0c3c89f3d7b1fecec35dd04571415982c5e48\windows-amd64\native-platform.dll
0x00007ff9c4690000 - 0x00007ff9c469a000 	C:\Users\Hamza tabani\.vscode\extensions\redhat.java-1.36.0-win32-x64\jre\17.0.13-win32-x86_64\bin\management.dll
0x00007ff9ab140000 - 0x00007ff9ab14b000 	C:\Users\Hamza tabani\.vscode\extensions\redhat.java-1.36.0-win32-x64\jre\17.0.13-win32-x86_64\bin\management_ext.dll
0x00007ff9ab120000 - 0x00007ff9ab129000 	C:\Users\Hamza tabani\.vscode\extensions\redhat.java-1.36.0-win32-x64\jre\17.0.13-win32-x86_64\bin\extnet.dll
0x00007ff9ab130000 - 0x00007ff9ab13e000 	C:\Users\Hamza tabani\.vscode\extensions\redhat.java-1.36.0-win32-x64\jre\17.0.13-win32-x86_64\bin\sunmscapi.dll
0x00007ff9e5780000 - 0x00007ff9e58dc000 	C:\Windows\System32\CRYPT32.dll
0x00007ff9e4300000 - 0x00007ff9e4327000 	C:\Windows\SYSTEM32\ncrypt.dll
0x00007ff9e42c0000 - 0x00007ff9e42fb000 	C:\Windows\SYSTEM32\NTASN1.dll
0x00007ff9700d0000 - 0x00007ff9700d7000 	C:\Windows\system32\wshunix.dll

dbghelp: loaded successfully - version: 4.0.5 - missing functions: none
symbol engine: initialized successfully - sym options: 0x614 - pdb path: .;c:\Users\Hamza tabani\.vscode\extensions\redhat.java-1.36.0-win32-x64\jre\17.0.13-win32-x86_64\bin;C:\Windows\SYSTEM32;C:\Windows\WinSxS\amd64_microsoft.windows.common-controls_6595b64144ccf1df_6.0.19041.4355_none_60b8b9eb71f62e16;c:\Users\Hamza tabani\.vscode\extensions\redhat.java-1.36.0-win32-x64\jre\17.0.13-win32-x86_64\bin\server;C:\Users\Hamza tabani\AppData\Roaming\Code\User\globalStorage\redhat.java\1.36.0\config_win\org.eclipse.equinox.launcher\org.eclipse.equinox.launcher.win32.win32.x86_64_1.2.1100.v20240722-2106;C:\Users\Hamza tabani\AppData\Local\Temp\jna-84987212;C:\Users\Hamza tabani\.gradle\native\c067742578af261105cb4f569cf0c3c89f3d7b1fecec35dd04571415982c5e48\windows-amd64

VM Arguments:
jvm_args: --add-modules=ALL-SYSTEM --add-opens=java.base/java.util=ALL-UNNAMED --add-opens=java.base/java.lang=ALL-UNNAMED --add-opens=java.base/sun.nio.fs=ALL-UNNAMED -Declipse.application=org.eclipse.jdt.ls.core.id1 -Dosgi.bundles.defaultStartLevel=4 -Declipse.product=org.eclipse.jdt.ls.core.product -Djava.import.generatesMetadataFilesAtProjectRoot=false -DDetectVMInstallationsJob.disabled=true -Dfile.encoding=utf8 -XX:+UseParallelGC -XX:GCTimeRatio=4 -XX:AdaptiveSizePolicyWeight=90 -Dsun.zip.disableMemoryMapping=true -Xmx1G -Xms100m -Xlog:disable -javaagent:c:\Users\Hamza tabani\.vscode\extensions\redhat.java-1.36.0-win32-x64\lombok\lombok-1.18.35.jar -XX:+HeapDumpOnOutOfMemoryError -XX:HeapDumpPath=c:\Users\Hamza tabani\AppData\Roaming\Code\User\workspaceStorage\41065a442eb313e6afaef37c2d4b0ce6\redhat.java -Daether.dependencyCollector.impl=bf 
java_command: c:\Users\Hamza tabani\.vscode\extensions\redhat.java-1.36.0-win32-x64\server\plugins\org.eclipse.equinox.launcher_1.6.900.v20240613-2009.jar -configuration c:\Users\Hamza tabani\AppData\Roaming\Code\User\globalStorage\redhat.java\1.36.0\config_win -data c:\Users\Hamza tabani\AppData\Roaming\Code\User\workspaceStorage\41065a442eb313e6afaef37c2d4b0ce6\redhat.java\jdt_ws --pipe=\\.\pipe\lsp-bdfd2e9ea7f2e5e4e98bb7ec2533888e-sock
java_class_path (initial): c:\Users\Hamza tabani\.vscode\extensions\redhat.java-1.36.0-win32-x64\server\plugins\org.eclipse.equinox.launcher_1.6.900.v20240613-2009.jar
Launcher Type: SUN_STANDARD

[Global flags]
    uintx AdaptiveSizePolicyWeight                 = 90                                        {product} {command line}
     intx CICompilerCount                          = 4                                         {product} {ergonomic}
    uintx GCTimeRatio                              = 4                                         {product} {command line}
     bool HeapDumpOnOutOfMemoryError               = true                                   {manageable} {command line}
    ccstr HeapDumpPath                             = c:\Users\Hamza tabani\AppData\Roaming\Code\User\workspaceStorage\41065a442eb313e6afaef37c2d4b0ce6\redhat.java         {manageable} {command line}
   size_t InitialHeapSize                          = 104857600                                 {product} {command line}
   size_t MaxHeapSize                              = 1073741824                                {product} {command line}
   size_t MaxNewSize                               = 357564416                                 {product} {ergonomic}
   size_t MinHeapDeltaBytes                        = 524288                                    {product} {ergonomic}
   size_t MinHeapSize                              = 104857600                                 {product} {command line}
   size_t NewSize                                  = 34603008                                  {product} {ergonomic}
    uintx NonNMethodCodeHeapSize                   = 5839372                                {pd product} {ergonomic}
    uintx NonProfiledCodeHeapSize                  = 122909434                              {pd product} {ergonomic}
   size_t OldSize                                  = 70254592                                  {product} {ergonomic}
    uintx ProfiledCodeHeapSize                     = 122909434                              {pd product} {ergonomic}
    uintx ReservedCodeCacheSize                    = 251658240                              {pd product} {ergonomic}
     bool SegmentedCodeCache                       = true                                      {product} {ergonomic}
   size_t SoftMaxHeapSize                          = 1073741824                             {manageable} {ergonomic}
     bool UseCompressedClassPointers               = true                           {product lp64_product} {ergonomic}
     bool UseCompressedOops                        = true                           {product lp64_product} {ergonomic}
     bool UseLargePagesIndividualAllocation        = false                                  {pd product} {ergonomic}
     bool UseParallelGC                            = true                                      {product} {command line}

Logging:
Log output configuration:
 #0: stdout all=off uptime,level,tags
 #1: stderr all=off uptime,level,tags

Environment Variables:
JAVA_HOME=C:\Program Files\Java\jdk-17
PATH=C:\Program Files\Common Files\Oracle\Java\javapath;C:\Windows\system32;C:\Windows;C:\Windows\System32\Wbem;C:\Windows\System32\WindowsPowerShell\v1.0\;C:\Windows\System32\OpenSSH\;C:\ProgramData\chocolatey\bin;C:\Program Files\nodejs\;C:\Users\Hamza tabani\AppData\Local\Android\Sdk\platform-tools;C:\Program Files\OpenJDK\jdk-20.0.2\bin;C:\Program Files (x86)\ATI Technologies\ATI.ACE\Core-Static;C:\Program Files\MongoDB\mongosh-2.3.1-win32-x64\bin;C:\Users\Hamza tabani\AppData\Local\Android\Sdk\tools;C:\Users\Hamza tabani\AppData\Local\Microsoft\WindowsApps;C:\Users\Hamza tabani\AppData\Local\Programs\Microsoft VS Code\bin;C:\Users\Hamza tabani\AppData\Local\Programs\Git\cmd;C:\Users\Hamza tabani\AppData\Roaming\npm
USERNAME=Hamza tabani
OS=Windows_NT
PROCESSOR_IDENTIFIER=Intel64 Family 6 Model 60 Stepping 3, GenuineIntel
TMP=C:\Users\HAMZAT~1\AppData\Local\Temp
TEMP=C:\Users\HAMZAT~1\AppData\Local\Temp



Periodic native trim disabled


---------------  S Y S T E M  ---------------

OS:
 Windows 10 , 64 bit Build 19041 (10.0.19041.4957)
OS uptime: 0 days 0:05 hours
Hyper-V role detected

CPU: total 8 (initial active 8) (4 cores per cpu, 2 threads per core) family 6 model 60 stepping 3 microcode 0x27, cx8, cmov, fxsr, ht, mmx, sse, sse2, sse3, ssse3, sse4.1, sse4.2, popcnt, lzcnt, tsc, tscinvbit, avx, avx2, erms, clmul, bmi1, bmi2, fma, vzeroupper, clflush, hv
Processor Information for all 8 processors :
  Max Mhz: 3601, Current Mhz: 3601, Mhz Limit: 3601

Memory: 4k page, system-wide physical 16321M (6133M free)
TotalPageFile size 20161M (AvailPageFile size 10423M)
current process WorkingSet (physical memory assigned to process): 738M, peak: 749M
current process commit charge ("private bytes"): 649M, peak: 673M

vm_info: OpenJDK 64-Bit Server VM (17.0.13+11) for windows-amd64 JRE (17.0.13+11), built on Oct 16 2024 00:10:08 by "admin" with MS VC++ 17.7 (VS2022)

END.
