#
# A fatal error has been detected by the Java Runtime Environment:
#
#  EXCEPTION_ACCESS_VIOLATION (0xc0000005) at pc=0x00007ffdde0f43d0, pid=8000, tid=15376
#
# JRE version: Java(TM) SE Runtime Environment (17.0.12+8) (build 17.0.12+8-LTS-286)
# Java VM: Java HotSpot(TM) 64-Bit Server VM (17.0.12+8-LTS-286, mixed mode, sharing, tiered, compressed oops, compressed class ptrs, g1 gc, windows-amd64)
# Problematic frame:
# V  [jvm.dll+0x5843d0]
#
# No core dump will be written. Minidumps are not enabled by default on client versions of Windows
#
# If you would like to submit a bug report, please visit:
#   https://bugreport.java.com/bugreport/crash.jsp
#

---------------  S U M M A R Y ------------

Command Line: org.jetbrains.kotlin.cli.jvm.K2JVMCompiler @D:\Muhammad Hamza Tabani\Apps\Texas-Source-main\node_modules\react-native-screens\android\build\20241109_1125437368739157493.compiler.options

Host: Intel(R) Core(TM) i7-4790 CPU @ 3.60GHz, 8 cores, 15G,  Windows 10 , 64 bit Build 19041 (10.0.19041.4957)
Time: Sat Nov  9 00:27:02 2024 Pakistan Standard Time elapsed time: 6.199094 seconds (0d 0h 0m 6s)

---------------  T H R E A D  ---------------

Current thread (0x0000025fb6d99490):  JavaThread "C2 CompilerThread0" daemon [_thread_in_native, id=15376, stack(0x000000ccb7f00000,0x000000ccb8000000)]


Current CompileTask:
C2:   6199 3777       4       org.jetbrains.kotlin.com.intellij.psi.impl.source.CharTableImpl::intern (71 bytes)

Stack: [0x000000ccb7f00000,0x000000ccb8000000],  sp=0x000000ccb7ffa0a0,  free space=1000k
Native frames: (J=compiled Java code, j=interpreted, Vv=VM code, C=native code)
V  [jvm.dll+0x5843d0]
V  [jvm.dll+0x5843e1]
V  [jvm.dll+0x5843f5]
V  [jvm.dll+0x5843f5]
V  [jvm.dll+0x5843f5]
V  [jvm.dll+0x5843f5]
V  [jvm.dll+0x5843f5]
V  [jvm.dll+0x5843e1]
V  [jvm.dll+0x581ff6]
V  [jvm.dll+0x21f422]
V  [jvm.dll+0x21f81f]
V  [jvm.dll+0x218aa0]
V  [jvm.dll+0x215b65]
V  [jvm.dll+0x1a2960]
V  [jvm.dll+0x22610b]
V  [jvm.dll+0x2242ab]
V  [jvm.dll+0x79075c]
V  [jvm.dll+0x78abea]
V  [jvm.dll+0x678f35]
C  [ucrtbase.dll+0x21bb2]
C  [KERNEL32.DLL+0x17374]
C  [ntdll.dll+0x4cc91]


siginfo: EXCEPTION_ACCESS_VIOLATION (0xc0000005), reading address 0x0000000000000018


Registers:
RAX=0x0000025ffe396fb8, RBX=0x0000025fb6d98840, RCX=0x0000000000000008, RDX=0x000000ccb7ffa2f8
RSP=0x000000ccb7ffa0a0, RBP=0x000000ccb7ffa3a0, RSI=0x0000000000000050, RDI=0x0000000000000008
R8 =0x000000ccb7ffa338, R9 =0x0000025ffd8dc3f0, R10=0x00007ffe5b120000, R11=0x0000000000000000
R12=0x0000000000000020, R13=0x0000025f91fddf40, R14=0x000000ccb7ffa338, R15=0x000000ccb7ffa2f8
RIP=0x00007ffdde0f43d0, EFLAGS=0x0000000000010206


Register to memory mapping:

RIP=0x00007ffdde0f43d0 jvm.dll
RAX=0x0000025ffe396fb8 points into unknown readable memory: 0x00007ffdde4ab8e8 | e8 b8 4a de fd 7f 00 00
RBX=0x0000025fb6d98840 points into unknown readable memory: 0x0000000000000006 | 06 00 00 00 00 00 00 00
RCX=0x0000000000000008 is an unknown value
RDX=0x000000ccb7ffa2f8 is pointing into the stack for thread: 0x0000025fb6d99490
RSP=0x000000ccb7ffa0a0 is pointing into the stack for thread: 0x0000025fb6d99490
RBP=0x000000ccb7ffa3a0 is pointing into the stack for thread: 0x0000025fb6d99490
RSI=0x0000000000000050 is an unknown value
RDI=0x0000000000000008 is an unknown value
R8 =0x000000ccb7ffa338 is pointing into the stack for thread: 0x0000025fb6d99490
R9 =0x0000025ffd8dc3f0 points into unknown readable memory: 0x0000000000000000 | 00 00 00 00 00 00 00 00
R10=0x00007ffe5b120000 VCRUNTIME140.dll
R11=0x0 is NULL
R12=0x0000000000000020 is an unknown value
R13=0x0000025f91fddf40 points into unknown readable memory: 0x00007ffdde467bf0 | f0 7b 46 de fd 7f 00 00
R14=0x000000ccb7ffa338 is pointing into the stack for thread: 0x0000025fb6d99490
R15=0x000000ccb7ffa2f8 is pointing into the stack for thread: 0x0000025fb6d99490


Top of Stack: (sp=0x000000ccb7ffa0a0)
0x000000ccb7ffa0a0:   0000000000000048 000000cc00000001
0x000000ccb7ffa0b0:   0000000000000000 0000000000000000
0x000000ccb7ffa0c0:   000000ccb7ffa2f8 000000ccb7ffa338
0x000000ccb7ffa0d0:   0000025ffe3e7fc0 00007ffdde0f43e1
0x000000ccb7ffa0e0:   0000025ffd8dc3f0 000000000000008f
0x000000ccb7ffa0f0:   0000025ffc042be0 00007ffe6dd547b1
0x000000ccb7ffa100:   000000ccb7ffa2f8 000000ccb7ffa338
0x000000ccb7ffa110:   0000025ffe3e75e0 00007ffdde0f43f5
0x000000ccb7ffa120:   0000000000000000 0000000000003c10
0x000000ccb7ffa130:   0000025fff18aee0 00007ffe6b706b2d
0x000000ccb7ffa140:   000000ccb7ffa2f8 000000ccb7ffa338
0x000000ccb7ffa150:   0000025ffe3e8060 00007ffdde0f43f5
0x000000ccb7ffa160:   0000025ffc042be0 00007ffdddc1ba9d
0x000000ccb7ffa170:   0000025ffc042be0 0000025f00000000
0x000000ccb7ffa180:   000000ccb7ffa2f8 000000ccb7ffa338
0x000000ccb7ffa190:   0000025ffe3e81a0 00007ffdde0f43f5 

Instructions: (pc=0x00007ffdde0f43d0)
0x00007ffdde0f42d0:   0f 10 15 69 da 33 00 3d a7 00 00 00 75 1a f3 0f
0x00007ffdde0f42e0:   10 43 38 f2 0f 10 0d 75 37 33 00 0f 5a c0 f2 0f
0x00007ffdde0f42f0:   5c c8 66 0f 2f ca 73 12 f3 0f 10 43 38 0f 5a c0
0x00007ffdde0f4300:   66 0f 2f c2 0f 82 86 00 00 00 41 80 4e 5a 02 eb
0x00007ffdde0f4310:   7f 83 e1 3f 80 f9 27 75 16 41 80 bf 80 00 00 00
0x00007ffdde0f4320:   00 74 0c 41 80 4e 5a 02 41 c6 46 70 00 eb 61 49
0x00007ffdde0f4330:   8b 07 49 8d 5f 28 49 8b cf ff 10 3d 15 01 00 00
0x00007ffdde0f4340:   75 52 49 8b 5e 60 48 85 db 75 25 33 d2 8d 4b 20
0x00007ffdde0f4350:   e8 8b c3 14 00 48 85 c0 74 10 8d 53 04 48 8b c8
0x00007ffdde0f4360:   e8 fb eb c2 ff 48 8b d8 eb 02 33 db 49 89 5e 60
0x00007ffdde0f4370:   8b 73 18 8d 46 01 89 43 18 3b 73 08 72 0a 8b d6
0x00007ffdde0f4380:   48 8b cb e8 68 4a 0d 00 48 8b 43 10 4c 89 3c f0
0x00007ffdde0f4390:   49 8d 5f 28 8b 0b 48 8b 85 98 09 00 00 83 0c 88
0x00007ffdde0f43a0:   01 8b 84 24 a0 00 00 00 48 8b 9c 24 90 00 00 00
0x00007ffdde0f43b0:   48 83 c4 50 41 5f 41 5e 41 5d 41 5c 5f 5e 5d c3
0x00007ffdde0f43c0:   40 57 41 56 41 57 48 83 ec 20 48 8b f9 4d 8b f0
0x00007ffdde0f43d0:   48 8b 49 10 4c 8b fa 48 85 c9 74 05 e8 df ff ff
0x00007ffdde0f43e0:   ff 48 8b 4f 08 48 85 c9 74 0b 4d 8b c6 49 8b d7
0x00007ffdde0f43f0:   e8 cb ff ff ff 48 8b 47 18 8b 48 2c 81 e1 ff 03
0x00007ffdde0f4400:   00 00 81 f9 60 03 00 00 0f 84 e0 01 00 00 0f b6
0x00007ffdde0f4410:   47 5a a8 04 0f 85 d4 01 00 00 48 83 3f 00 0f 84
0x00007ffdde0f4420:   ca 01 00 00 a8 01 0f 85 c2 01 00 00 48 89 5c 24
0x00007ffdde0f4430:   40 48 8b cf 48 89 6c 24 48 40 32 ed 48 89 74 24
0x00007ffdde0f4440:   50 33 f6 4c 89 64 24 58 45 32 e4 e8 30 e1 fe ff
0x00007ffdde0f4450:   48 8b d8 48 3b 47 18 0f 84 12 01 00 00 0f 1f 00
0x00007ffdde0f4460:   8b 43 2c 83 e0 07 3c 07 75 14 48 8b 03 48 8b cb
0x00007ffdde0f4470:   ff 90 d8 00 00 00 84 c0 0f 85 ea 00 00 00 48 8b
0x00007ffdde0f4480:   03 48 8b cb ff 10 48 8b 57 28 8b 4b 28 3d 15 01
0x00007ffdde0f4490:   00 00 75 31 3b 4a 28 73 0d 48 8b 42 30 4c 8b 04
0x00007ffdde0f44a0:   c8 4d 85 c0 75 07 4c 8b 82 90 09 00 00 4c 3b c7
0x00007ffdde0f44b0:   0f 84 ad 00 00 00 48 85 f6 48 8b c3 48 0f 45 c6
0x00007ffdde0f44c0:   48 8b f0 eb 4b 3b 4a 28 73 0d 48 8b 42 30 4c 8b 


Stack slot to memory mapping:
stack at sp + 0 slots: 0x0000000000000048 is an unknown value
stack at sp + 1 slots: 0x000000cc00000001 is an unknown value
stack at sp + 2 slots: 0x0 is NULL
stack at sp + 3 slots: 0x0 is NULL
stack at sp + 4 slots: 0x000000ccb7ffa2f8 is pointing into the stack for thread: 0x0000025fb6d99490
stack at sp + 5 slots: 0x000000ccb7ffa338 is pointing into the stack for thread: 0x0000025fb6d99490
stack at sp + 6 slots: 0x0000025ffe3e7fc0 points into unknown readable memory: 0x0000025ffe356500 | 00 65 35 fe 5f 02 00 00
stack at sp + 7 slots: 0x00007ffdde0f43e1 jvm.dll


---------------  P R O C E S S  ---------------

Threads class SMR info:
_java_thread_list=0x0000025ffeb93770, length=14, elements={
0x0000025f91fcbcb0, 0x0000025fb6d7f1e0, 0x0000025fb6d80060, 0x0000025fb6d95990,
0x0000025fb6d96b60, 0x0000025fb6d97520, 0x0000025fb6d97ee0, 0x0000025fb6d99490,
0x0000025fb6dae930, 0x0000025ffc0599a0, 0x0000025ffc11bc30, 0x0000025ffc129bc0,
0x0000025ffedee0d0, 0x0000025ffda24320
}

Java Threads: ( => current thread )
  0x0000025f91fcbcb0 JavaThread "main" [_thread_in_Java, id=17320, stack(0x000000ccb7200000,0x000000ccb7300000)]
  0x0000025fb6d7f1e0 JavaThread "Reference Handler" daemon [_thread_blocked, id=11524, stack(0x000000ccb7900000,0x000000ccb7a00000)]
  0x0000025fb6d80060 JavaThread "Finalizer" daemon [_thread_blocked, id=17324, stack(0x000000ccb7a00000,0x000000ccb7b00000)]
  0x0000025fb6d95990 JavaThread "Signal Dispatcher" daemon [_thread_blocked, id=12144, stack(0x000000ccb7b00000,0x000000ccb7c00000)]
  0x0000025fb6d96b60 JavaThread "Attach Listener" daemon [_thread_blocked, id=15980, stack(0x000000ccb7c00000,0x000000ccb7d00000)]
  0x0000025fb6d97520 JavaThread "Service Thread" daemon [_thread_blocked, id=14092, stack(0x000000ccb7d00000,0x000000ccb7e00000)]
  0x0000025fb6d97ee0 JavaThread "Monitor Deflation Thread" daemon [_thread_blocked, id=2708, stack(0x000000ccb7e00000,0x000000ccb7f00000)]
=>0x0000025fb6d99490 JavaThread "C2 CompilerThread0" daemon [_thread_in_native, id=15376, stack(0x000000ccb7f00000,0x000000ccb8000000)]
  0x0000025fb6dae930 JavaThread "C1 CompilerThread0" daemon [_thread_in_vm, id=412, stack(0x000000ccb8000000,0x000000ccb8100000)]
  0x0000025ffc0599a0 JavaThread "Sweeper thread" daemon [_thread_blocked, id=10572, stack(0x000000ccb8100000,0x000000ccb8200000)]
  0x0000025ffc11bc30 JavaThread "Notification Thread" daemon [_thread_blocked, id=15280, stack(0x000000ccb8200000,0x000000ccb8300000)]
  0x0000025ffc129bc0 JavaThread "Common-Cleaner" daemon [_thread_blocked, id=3800, stack(0x000000ccb8400000,0x000000ccb8500000)]
  0x0000025ffedee0d0 JavaThread "C2 CompilerThread1" daemon [_thread_in_native, id=4656, stack(0x000000ccb8a00000,0x000000ccb8b00000)]
  0x0000025ffda24320 JavaThread "C2 CompilerThread2" daemon [_thread_new, id=13360, stack(0x0000000000000000,0x0000000000000000)]

Other Threads:
  0x0000025fb6d79660 VMThread "VM Thread" [stack: 0x000000ccb7800000,0x000000ccb7900000] [id=7564]
  0x0000025ffc11ed30 WatcherThread [stack: 0x000000ccb8300000,0x000000ccb8400000] [id=16064]
  0x0000025f920388b0 GCTaskThread "GC Thread#0" [stack: 0x000000ccb7300000,0x000000ccb7400000] [id=15888]
  0x0000025ffc5ccc40 GCTaskThread "GC Thread#1" [stack: 0x000000ccb8500000,0x000000ccb8600000] [id=6796]
  0x0000025ffc5cd310 GCTaskThread "GC Thread#2" [stack: 0x000000ccb8600000,0x000000ccb8700000] [id=14052]
  0x0000025ffc5d1ed0 GCTaskThread "GC Thread#3" [stack: 0x000000ccb8700000,0x000000ccb8800000] [id=16772]
  0x0000025ffc5d2190 GCTaskThread "GC Thread#4" [stack: 0x000000ccb8800000,0x000000ccb8900000] [id=10840]
  0x0000025ffc5d3070 GCTaskThread "GC Thread#5" [stack: 0x000000ccb8900000,0x000000ccb8a00000] [id=15684]
  0x0000025ffcbfed00 GCTaskThread "GC Thread#6" [stack: 0x000000ccb8b00000,0x000000ccb8c00000] [id=3140]
  0x0000025ffccc0370 GCTaskThread "GC Thread#7" [stack: 0x000000ccb8c00000,0x000000ccb8d00000] [id=16192]
  0x0000025f92049710 ConcurrentGCThread "G1 Main Marker" [stack: 0x000000ccb7400000,0x000000ccb7500000] [id=16548]
  0x0000025f9204b140 ConcurrentGCThread "G1 Conc#0" [stack: 0x000000ccb7500000,0x000000ccb7600000] [id=9348]
  0x0000025ffcf98600 ConcurrentGCThread "G1 Conc#1" [stack: 0x000000ccb8d00000,0x000000ccb8e00000] [id=16524]
  0x0000025fb6c334e0 ConcurrentGCThread "G1 Refine#0" [stack: 0x000000ccb7600000,0x000000ccb7700000] [id=11908]
  0x0000025fb6c33f10 ConcurrentGCThread "G1 Service" [stack: 0x000000ccb7700000,0x000000ccb7800000] [id=5160]

Threads with active compile tasks:
C2 CompilerThread0     6255 3777       4       org.jetbrains.kotlin.com.intellij.psi.impl.source.CharTableImpl::intern (71 bytes)
C1 CompilerThread0     6255 3814       2       org.jetbrains.kotlin.com.intellij.psi.impl.source.tree.TreeElement::setTreeParent (46 bytes)
C2 CompilerThread1     6255 3783   !   4       jdk.internal.loader.Resource::getBytes (244 bytes)

VM state: not at safepoint (normal execution)

VM Mutex/Monitor currently owned by a thread: None

Heap address: 0x0000000700e00000, size: 4082 MB, Compressed Oops mode: Zero based, Oop shift amount: 3

CDS archive(s) mapped at: [0x0000025fb7000000-0x0000025fb7bd0000-0x0000025fb7bd0000), size 12386304, SharedBaseAddress: 0x0000025fb7000000, ArchiveRelocationMode: 1.
Compressed class space mapped at: 0x0000025fb8000000-0x0000025ff8000000, reserved size: 1073741824
Narrow klass base: 0x0000025fb7000000, Narrow klass shift: 0, Narrow klass range: 0x100000000

GC Precious Log:
 CPUs: 8 total, 8 available
 Memory: 16321M
 Large Page Support: Disabled
 NUMA Support: Disabled
 Compressed Oops: Enabled (Zero based)
 Heap Region Size: 2M
 Heap Min Capacity: 8M
 Heap Initial Capacity: 256M
 Heap Max Capacity: 4082M
 Pre-touch: Disabled
 Parallel Workers: 8
 Concurrent Workers: 2
 Concurrent Refinement Workers: 8
 Periodic GC: Disabled

Heap:
 garbage-first heap   total 102400K, used 45500K [0x0000000700e00000, 0x0000000800000000)
  region size 2048K, 12 young (24576K), 2 survivors (4096K)
 Metaspace       used 39822K, committed 40064K, reserved 1114112K
  class space    used 4968K, committed 5120K, reserved 1048576K

Heap Regions: E=young(eden), S=young(survivor), O=old, HS=humongous(starts), HC=humongous(continues), CS=collection set, F=free, OA=open archive, CA=closed archive, TAMS=top-at-mark-start (previous, next)
|   0|0x0000000700e00000, 0x0000000701000000, 0x0000000701000000|100%|HS|  |TAMS 0x0000000701000000, 0x0000000700e00000| Complete 
|   1|0x0000000701000000, 0x0000000701200000, 0x0000000701200000|100%|HC|  |TAMS 0x0000000701200000, 0x0000000701000000| Complete 
|   2|0x0000000701200000, 0x0000000701400000, 0x0000000701400000|100%| O|  |TAMS 0x0000000701400000, 0x0000000701200000| Untracked 
|   3|0x0000000701400000, 0x0000000701600000, 0x0000000701600000|100%|HS|  |TAMS 0x0000000701600000, 0x0000000701400000| Complete 
|   4|0x0000000701600000, 0x0000000701800000, 0x0000000701800000|100%| O|  |TAMS 0x0000000701800000, 0x0000000701600000| Untracked 
|   5|0x0000000701800000, 0x0000000701a00000, 0x0000000701a00000|100%| O|  |TAMS 0x0000000701a00000, 0x0000000701800000| Untracked 
|   6|0x0000000701a00000, 0x0000000701c00000, 0x0000000701c00000|100%| O|  |TAMS 0x0000000701c00000, 0x0000000701a00000| Untracked 
|   7|0x0000000701c00000, 0x0000000701e00000, 0x0000000701e00000|100%| O|  |TAMS 0x0000000701e00000, 0x0000000701c00000| Untracked 
|   8|0x0000000701e00000, 0x0000000702000000, 0x0000000702000000|100%| O|  |TAMS 0x0000000702000000, 0x0000000701e00000| Untracked 
|   9|0x0000000702000000, 0x0000000702200000, 0x0000000702200000|100%| O|  |TAMS 0x000000070212bc00, 0x0000000702000000| Untracked 
|  10|0x0000000702200000, 0x0000000702400000, 0x0000000702400000|100%| O|  |TAMS 0x0000000702200000, 0x0000000702200000| Untracked 
|  11|0x0000000702400000, 0x000000070246f200, 0x0000000702600000| 21%| O|  |TAMS 0x0000000702400000, 0x0000000702400000| Complete 
|  12|0x0000000702600000, 0x0000000702600000, 0x0000000702800000|  0%| F|  |TAMS 0x0000000702600000, 0x0000000702600000| Untracked 
|  13|0x0000000702800000, 0x0000000702800000, 0x0000000702a00000|  0%| F|  |TAMS 0x0000000702800000, 0x0000000702800000| Untracked 
|  14|0x0000000702a00000, 0x0000000702a00000, 0x0000000702c00000|  0%| F|  |TAMS 0x0000000702a00000, 0x0000000702a00000| Untracked 
|  15|0x0000000702c00000, 0x0000000702c00000, 0x0000000702e00000|  0%| F|  |TAMS 0x0000000702c00000, 0x0000000702c00000| Untracked 
|  16|0x0000000702e00000, 0x0000000702e00000, 0x0000000703000000|  0%| F|  |TAMS 0x0000000702e00000, 0x0000000702e00000| Untracked 
|  17|0x0000000703000000, 0x0000000703200000, 0x0000000703200000|100%| S|CS|TAMS 0x0000000703000000, 0x0000000703000000| Complete 
|  18|0x0000000703200000, 0x0000000703400000, 0x0000000703400000|100%| S|CS|TAMS 0x0000000703200000, 0x0000000703200000| Complete 
|  19|0x0000000703400000, 0x0000000703400000, 0x0000000703600000|  0%| F|  |TAMS 0x0000000703400000, 0x0000000703400000| Untracked 
|  20|0x0000000703600000, 0x0000000703600000, 0x0000000703800000|  0%| F|  |TAMS 0x0000000703600000, 0x0000000703600000| Untracked 
|  21|0x0000000703800000, 0x0000000703800000, 0x0000000703a00000|  0%| F|  |TAMS 0x0000000703800000, 0x0000000703800000| Untracked 
|  22|0x0000000703a00000, 0x0000000703a00000, 0x0000000703c00000|  0%| F|  |TAMS 0x0000000703a00000, 0x0000000703a00000| Untracked 
|  23|0x0000000703c00000, 0x0000000703c00000, 0x0000000703e00000|  0%| F|  |TAMS 0x0000000703c00000, 0x0000000703c00000| Untracked 
|  24|0x0000000703e00000, 0x0000000703e00000, 0x0000000704000000|  0%| F|  |TAMS 0x0000000703e00000, 0x0000000703e00000| Untracked 
|  25|0x0000000704000000, 0x0000000704000000, 0x0000000704200000|  0%| F|  |TAMS 0x0000000704000000, 0x0000000704000000| Untracked 
|  26|0x0000000704200000, 0x0000000704200000, 0x0000000704400000|  0%| F|  |TAMS 0x0000000704200000, 0x0000000704200000| Untracked 
|  27|0x0000000704400000, 0x0000000704400000, 0x0000000704600000|  0%| F|  |TAMS 0x0000000704400000, 0x0000000704400000| Untracked 
|  28|0x0000000704600000, 0x0000000704600000, 0x0000000704800000|  0%| F|  |TAMS 0x0000000704600000, 0x0000000704600000| Untracked 
|  29|0x0000000704800000, 0x0000000704800000, 0x0000000704a00000|  0%| F|  |TAMS 0x0000000704800000, 0x0000000704800000| Untracked 
|  30|0x0000000704a00000, 0x0000000704a00000, 0x0000000704c00000|  0%| F|  |TAMS 0x0000000704a00000, 0x0000000704a00000| Untracked 
|  31|0x0000000704c00000, 0x0000000704c00000, 0x0000000704e00000|  0%| F|  |TAMS 0x0000000704c00000, 0x0000000704c00000| Untracked 
|  32|0x0000000704e00000, 0x0000000704e00000, 0x0000000705000000|  0%| F|  |TAMS 0x0000000704e00000, 0x0000000704e00000| Untracked 
|  33|0x0000000705000000, 0x0000000705000000, 0x0000000705200000|  0%| F|  |TAMS 0x0000000705000000, 0x0000000705000000| Untracked 
|  34|0x0000000705200000, 0x0000000705200000, 0x0000000705400000|  0%| F|  |TAMS 0x0000000705200000, 0x0000000705200000| Untracked 
|  35|0x0000000705400000, 0x0000000705400000, 0x0000000705600000|  0%| F|  |TAMS 0x0000000705400000, 0x0000000705400000| Untracked 
|  36|0x0000000705600000, 0x0000000705600000, 0x0000000705800000|  0%| F|  |TAMS 0x0000000705600000, 0x0000000705600000| Untracked 
|  37|0x0000000705800000, 0x0000000705800000, 0x0000000705a00000|  0%| F|  |TAMS 0x0000000705800000, 0x0000000705800000| Untracked 
|  38|0x0000000705a00000, 0x0000000705a00000, 0x0000000705c00000|  0%| F|  |TAMS 0x0000000705a00000, 0x0000000705a00000| Untracked 
|  39|0x0000000705c00000, 0x0000000705c00000, 0x0000000705e00000|  0%| F|  |TAMS 0x0000000705c00000, 0x0000000705c00000| Untracked 
|  40|0x0000000705e00000, 0x0000000705f00800, 0x0000000706000000| 50%| E|  |TAMS 0x0000000705e00000, 0x0000000705e00000| Complete 
|  41|0x0000000706000000, 0x0000000706200000, 0x0000000706200000|100%| E|CS|TAMS 0x0000000706000000, 0x0000000706000000| Complete 
|  42|0x0000000706200000, 0x0000000706400000, 0x0000000706400000|100%| E|CS|TAMS 0x0000000706200000, 0x0000000706200000| Complete 
|  43|0x0000000706400000, 0x0000000706600000, 0x0000000706600000|100%| E|CS|TAMS 0x0000000706400000, 0x0000000706400000| Complete 
|  44|0x0000000706600000, 0x0000000706800000, 0x0000000706800000|100%| E|CS|TAMS 0x0000000706600000, 0x0000000706600000| Complete 
|  45|0x0000000706800000, 0x0000000706a00000, 0x0000000706a00000|100%| E|CS|TAMS 0x0000000706800000, 0x0000000706800000| Complete 
|  46|0x0000000706a00000, 0x0000000706c00000, 0x0000000706c00000|100%| E|CS|TAMS 0x0000000706a00000, 0x0000000706a00000| Complete 
|  47|0x0000000706c00000, 0x0000000706e00000, 0x0000000706e00000|100%| E|CS|TAMS 0x0000000706c00000, 0x0000000706c00000| Complete 
|  48|0x0000000706e00000, 0x0000000707000000, 0x0000000707000000|100%| E|CS|TAMS 0x0000000706e00000, 0x0000000706e00000| Complete 
| 127|0x0000000710c00000, 0x0000000710e00000, 0x0000000710e00000|100%| E|CS|TAMS 0x0000000710c00000, 0x0000000710c00000| Complete 

Card table byte_map: [0x0000025fab2f0000,0x0000025fabaf0000] _byte_map_base: 0x0000025fa7ae9000

Marking Bits (Prev, Next): (CMBitMap*) 0x0000025f92038ed0, (CMBitMap*) 0x0000025f92038f10
 Prev Bits: [0x0000025fac2f0000, 0x0000025fb02b8000)
 Next Bits: [0x0000025fb02c0000, 0x0000025fb4288000)

Polling page: 0x0000025f920a0000

Metaspace:

Usage:
  Non-class:     34.04 MB used.
      Class:      4.85 MB used.
       Both:     38.89 MB used.

Virtual space:
  Non-class space:       64.00 MB reserved,      34.12 MB ( 53%) committed,  1 nodes.
      Class space:        1.00 GB reserved,       5.00 MB ( <1%) committed,  1 nodes.
             Both:        1.06 GB reserved,      39.12 MB (  4%) committed. 

Chunk freelists:
   Non-Class:  12.33 MB
       Class:  11.03 MB
        Both:  23.36 MB

MaxMetaspaceSize: unlimited
CompressedClassSpaceSize: 1.00 GB
Initial GC threshold: 21.00 MB
Current GC threshold: 59.00 MB
CDS: on
MetaspaceReclaimPolicy: balanced
 - commit_granule_bytes: 65536.
 - commit_granule_words: 8192.
 - virtual_space_node_default_size: 8388608.
 - enlarge_chunks_in_place: 1.
 - new_chunks_are_fully_committed: 0.
 - uncommit_free_chunks: 1.
 - use_allocation_guard: 0.
 - handle_deallocations: 1.


Internal statistics:

num_allocs_failed_limit: 6.
num_arena_births: 192.
num_arena_deaths: 0.
num_vsnodes_births: 2.
num_vsnodes_deaths: 0.
num_space_committed: 624.
num_space_uncommitted: 0.
num_chunks_returned_to_freelist: 6.
num_chunks_taken_from_freelist: 1562.
num_chunk_merges: 6.
num_chunk_splits: 1279.
num_chunks_enlarged: 1153.
num_inconsistent_stats: 0.

CodeHeap 'non-profiled nmethods': size=120000Kb used=1932Kb max_used=1932Kb free=118067Kb
 bounds [0x0000025fa2b30000, 0x0000025fa2da0000, 0x0000025faa060000]
CodeHeap 'profiled nmethods': size=120000Kb used=8139Kb max_used=8139Kb free=111860Kb
 bounds [0x0000025f9b060000, 0x0000025f9b860000, 0x0000025fa2590000]
CodeHeap 'non-nmethods': size=5760Kb used=1264Kb max_used=1309Kb free=4496Kb
 bounds [0x0000025fa2590000, 0x0000025fa2800000, 0x0000025fa2b30000]
 total_blobs=4376 nmethods=3800 adapters=488
 compilation: enabled
              stopped_count=0, restarted_count=0
 full_count=0

Compilation events (20 events):
Event: 6.118 Thread 0x0000025fb6dae930 nmethod 3774 0x0000025f9b83d910 code [0x0000025f9b83db20, 0x0000025f9b83e1d8]
Event: 6.119 Thread 0x0000025fb6d99490 nmethod 3769 0x0000025fa2d0ee10 code [0x0000025fa2d0efc0, 0x0000025fa2d0f278]
Event: 6.119 Thread 0x0000025fb6d99490 3777       4       org.jetbrains.kotlin.com.intellij.psi.impl.source.CharTableImpl::intern (71 bytes)
Event: 6.155 Thread 0x0000025ffedee0d0 3771       4       java.lang.StringConcatHelper::prepend (37 bytes)
Event: 6.159 Thread 0x0000025ffedee0d0 nmethod 3771 0x0000025fa2d0f510 code [0x0000025fa2d0f6a0, 0x0000025fa2d0f908]
Event: 6.159 Thread 0x0000025ffedee0d0 3775       4       org.jetbrains.kotlin.parsing.SemanticWhitespaceAwarePsiBuilderImpl::newlineBeforeCurrentToken (190 bytes)
Event: 6.167 Thread 0x0000025fb6dae930 3778       3       jdk.internal.jimage.ImageLocation::verifyName (161 bytes)
Event: 6.173 Thread 0x0000025fb6dae930 nmethod 3778 0x0000025f9b83e410 code [0x0000025f9b83e740, 0x0000025f9b83fd58]
Event: 6.173 Thread 0x0000025fb6dae930 3779       3       java.util.WeakHashMap::isEmpty (13 bytes)
Event: 6.173 Thread 0x0000025fb6dae930 nmethod 3779 0x0000025f9b840690 code [0x0000025f9b840840, 0x0000025f9b840aa8]
Event: 6.173 Thread 0x0000025fb6dae930 3780       3       java.util.WeakHashMap::size (18 bytes)
Event: 6.174 Thread 0x0000025fb6dae930 nmethod 3780 0x0000025f9b840b90 code [0x0000025f9b840d40, 0x0000025f9b840f08]
Event: 6.182 Thread 0x0000025ffedee0d0 nmethod 3775 0x0000025fa2d0fa90 code [0x0000025fa2d0fce0, 0x0000025fa2d10790]
Event: 6.182 Thread 0x0000025ffedee0d0 3781       4       java.lang.ClassLoader::checkName (37 bytes)
Event: 6.184 Thread 0x0000025ffedee0d0 nmethod 3781 0x0000025fa2d11390 code [0x0000025fa2d11520, 0x0000025fa2d11748]
Event: 6.184 Thread 0x0000025ffedee0d0 3776       4       org.jetbrains.kotlin.com.intellij.lang.impl.PsiBuilderImpl::rawTokenTypeStart (38 bytes)
Event: 6.185 Thread 0x0000025ffedee0d0 nmethod 3776 0x0000025fa2d11990 code [0x0000025fa2d11b00, 0x0000025fa2d11bf8]
Event: 6.187 Thread 0x0000025ffedee0d0 3782       4       java.security.SecureClassLoader$CodeSourceKey::equals (60 bytes)
Event: 6.190 Thread 0x0000025ffedee0d0 nmethod 3782 0x0000025fa2d11d10 code [0x0000025fa2d11ea0, 0x0000025fa2d12198]
Event: 6.191 Thread 0x0000025ffedee0d0 3783   !   4       jdk.internal.loader.Resource::getBytes (244 bytes)

GC Heap History (14 events):
Event: 0.901 GC heap before
{Heap before GC invocations=0 (full 0):
 garbage-first heap   total 262144K, used 24576K [0x0000000700e00000, 0x0000000800000000)
  region size 2048K, 11 young (22528K), 0 survivors (0K)
 Metaspace       used 6594K, committed 6784K, reserved 1114112K
  class space    used 683K, committed 768K, reserved 1048576K
}
Event: 0.904 GC heap after
{Heap after GC invocations=1 (full 0):
 garbage-first heap   total 262144K, used 6879K [0x0000000700e00000, 0x0000000800000000)
  region size 2048K, 2 young (4096K), 2 survivors (4096K)
 Metaspace       used 6594K, committed 6784K, reserved 1114112K
  class space    used 683K, committed 768K, reserved 1048576K
}
Event: 1.902 GC heap before
{Heap before GC invocations=1 (full 0):
 garbage-first heap   total 262144K, used 45791K [0x0000000700e00000, 0x0000000800000000)
  region size 2048K, 20 young (40960K), 2 survivors (4096K)
 Metaspace       used 15305K, committed 15552K, reserved 1114112K
  class space    used 2013K, committed 2112K, reserved 1048576K
}
Event: 1.907 GC heap after
{Heap after GC invocations=2 (full 0):
 garbage-first heap   total 262144K, used 12892K [0x0000000700e00000, 0x0000000800000000)
  region size 2048K, 3 young (6144K), 3 survivors (6144K)
 Metaspace       used 15305K, committed 15552K, reserved 1114112K
  class space    used 2013K, committed 2112K, reserved 1048576K
}
Event: 2.503 GC heap before
{Heap before GC invocations=2 (full 0):
 garbage-first heap   total 262144K, used 41564K [0x0000000700e00000, 0x0000000800000000)
  region size 2048K, 18 young (36864K), 3 survivors (6144K)
 Metaspace       used 21345K, committed 21504K, reserved 1114112K
  class space    used 2876K, committed 2944K, reserved 1048576K
}
Event: 2.509 GC heap after
{Heap after GC invocations=3 (full 0):
 garbage-first heap   total 262144K, used 14670K [0x0000000700e00000, 0x0000000800000000)
  region size 2048K, 5 young (10240K), 5 survivors (10240K)
 Metaspace       used 21345K, committed 21504K, reserved 1114112K
  class space    used 2876K, committed 2944K, reserved 1048576K
}
Event: 3.086 GC heap before
{Heap before GC invocations=4 (full 0):
 garbage-first heap   total 61440K, used 41294K [0x0000000700e00000, 0x0000000800000000)
  region size 2048K, 18 young (36864K), 5 survivors (10240K)
 Metaspace       used 26151K, committed 26368K, reserved 1114112K
  class space    used 3316K, committed 3392K, reserved 1048576K
}
Event: 3.099 GC heap after
{Heap after GC invocations=5 (full 0):
 garbage-first heap   total 61440K, used 18429K [0x0000000700e00000, 0x0000000800000000)
  region size 2048K, 2 young (4096K), 2 survivors (4096K)
 Metaspace       used 26151K, committed 26368K, reserved 1114112K
  class space    used 3316K, committed 3392K, reserved 1048576K
}
Event: 3.135 GC heap before
{Heap before GC invocations=5 (full 0):
 garbage-first heap   total 61440K, used 18429K [0x0000000700e00000, 0x0000000800000000)
  region size 2048K, 3 young (6144K), 2 survivors (4096K)
 Metaspace       used 26457K, committed 26688K, reserved 1114112K
  class space    used 3357K, committed 3456K, reserved 1048576K
}
Event: 3.140 GC heap after
{Heap after GC invocations=6 (full 0):
 garbage-first heap   total 61440K, used 18699K [0x0000000700e00000, 0x0000000800000000)
  region size 2048K, 1 young (2048K), 1 survivors (2048K)
 Metaspace       used 26457K, committed 26688K, reserved 1114112K
  class space    used 3357K, committed 3456K, reserved 1048576K
}
Event: 4.188 GC heap before
{Heap before GC invocations=6 (full 0):
 garbage-first heap   total 61440K, used 41227K [0x0000000700e00000, 0x0000000800000000)
  region size 2048K, 13 young (26624K), 1 survivors (2048K)
 Metaspace       used 31987K, committed 32192K, reserved 1114112K
  class space    used 3958K, committed 4032K, reserved 1048576K
}
Event: 4.200 GC heap after
{Heap after GC invocations=7 (full 0):
 garbage-first heap   total 61440K, used 21125K [0x0000000700e00000, 0x0000000800000000)
  region size 2048K, 2 young (4096K), 2 survivors (4096K)
 Metaspace       used 31987K, committed 32192K, reserved 1114112K
  class space    used 3958K, committed 4032K, reserved 1048576K
}
Event: 5.074 GC heap before
{Heap before GC invocations=7 (full 0):
 garbage-first heap   total 61440K, used 43653K [0x0000000700e00000, 0x0000000800000000)
  region size 2048K, 13 young (26624K), 2 survivors (4096K)
 Metaspace       used 35789K, committed 35968K, reserved 1114112K
  class space    used 4373K, committed 4480K, reserved 1048576K
}
Event: 5.091 GC heap after
{Heap after GC invocations=8 (full 0):
 garbage-first heap   total 161792K, used 27068K [0x0000000700e00000, 0x0000000800000000)
  region size 2048K, 2 young (4096K), 2 survivors (4096K)
 Metaspace       used 35789K, committed 35968K, reserved 1114112K
  class space    used 4373K, committed 4480K, reserved 1048576K
}

Deoptimization events (20 events):
Event: 6.104 Thread 0x0000025f91fcbcb0 Uncommon trap: trap_request=0xffffffc6 fr.pc=0x0000025fa2cae234 relative=0x0000000000000ab4
Event: 6.104 Thread 0x0000025f91fcbcb0 Uncommon trap: reason=bimorphic_or_optimized_type_check action=maybe_recompile pc=0x0000025fa2cae234 method=java.util.HashMap.putVal(ILjava/lang/Object;Ljava/lang/Object;ZZ)Ljava/lang/Object; @ 91 c2
Event: 6.104 Thread 0x0000025f91fcbcb0 DEOPT PACKING pc=0x0000025fa2cae234 sp=0x000000ccb72fcfd0
Event: 6.104 Thread 0x0000025f91fcbcb0 DEOPT UNPACKING pc=0x0000025fa25e23a3 sp=0x000000ccb72fcf60 mode 2
Event: 6.104 Thread 0x0000025f91fcbcb0 Uncommon trap: trap_request=0xffffffc6 fr.pc=0x0000025fa2cae234 relative=0x0000000000000ab4
Event: 6.104 Thread 0x0000025f91fcbcb0 Uncommon trap: reason=bimorphic_or_optimized_type_check action=maybe_recompile pc=0x0000025fa2cae234 method=java.util.HashMap.putVal(ILjava/lang/Object;Ljava/lang/Object;ZZ)Ljava/lang/Object; @ 91 c2
Event: 6.104 Thread 0x0000025f91fcbcb0 DEOPT PACKING pc=0x0000025fa2cae234 sp=0x000000ccb72fcfd0
Event: 6.104 Thread 0x0000025f91fcbcb0 DEOPT UNPACKING pc=0x0000025fa25e23a3 sp=0x000000ccb72fcf60 mode 2
Event: 6.104 Thread 0x0000025f91fcbcb0 Uncommon trap: trap_request=0xffffffc6 fr.pc=0x0000025fa2cae234 relative=0x0000000000000ab4
Event: 6.104 Thread 0x0000025f91fcbcb0 Uncommon trap: reason=bimorphic_or_optimized_type_check action=maybe_recompile pc=0x0000025fa2cae234 method=java.util.HashMap.putVal(ILjava/lang/Object;Ljava/lang/Object;ZZ)Ljava/lang/Object; @ 91 c2
Event: 6.104 Thread 0x0000025f91fcbcb0 DEOPT PACKING pc=0x0000025fa2cae234 sp=0x000000ccb72fcfd0
Event: 6.104 Thread 0x0000025f91fcbcb0 DEOPT UNPACKING pc=0x0000025fa25e23a3 sp=0x000000ccb72fcf60 mode 2
Event: 6.115 Thread 0x0000025f91fcbcb0 Uncommon trap: trap_request=0xffffffde fr.pc=0x0000025fa2c47cec relative=0x00000000000002ac
Event: 6.115 Thread 0x0000025f91fcbcb0 Uncommon trap: reason=class_check action=maybe_recompile pc=0x0000025fa2c47cec method=org.jetbrains.kotlin.com.intellij.psi.impl.source.tree.TreeElement.rawRemoveUpToWithoutNotifications(Lorg/jetbrains/kotlin/com/intellij/psi/impl/source/tree/TreeElement;
Event: 6.115 Thread 0x0000025f91fcbcb0 DEOPT PACKING pc=0x0000025fa2c47cec sp=0x000000ccb72fd2a0
Event: 6.115 Thread 0x0000025f91fcbcb0 DEOPT UNPACKING pc=0x0000025fa25e23a3 sp=0x000000ccb72fd240 mode 2
Event: 6.118 Thread 0x0000025f91fcbcb0 Uncommon trap: trap_request=0xffffffde fr.pc=0x0000025fa2c47cec relative=0x00000000000002ac
Event: 6.118 Thread 0x0000025f91fcbcb0 Uncommon trap: reason=class_check action=maybe_recompile pc=0x0000025fa2c47cec method=org.jetbrains.kotlin.com.intellij.psi.impl.source.tree.TreeElement.rawRemoveUpToWithoutNotifications(Lorg/jetbrains/kotlin/com/intellij/psi/impl/source/tree/TreeElement;
Event: 6.118 Thread 0x0000025f91fcbcb0 DEOPT PACKING pc=0x0000025fa2c47cec sp=0x000000ccb72fd2a0
Event: 6.118 Thread 0x0000025f91fcbcb0 DEOPT UNPACKING pc=0x0000025fa25e23a3 sp=0x000000ccb72fd240 mode 2

Classes unloaded (0 events):
No events

Classes redefined (0 events):
No events

Internal exceptions (20 events):
Event: 1.183 Thread 0x0000025f91fcbcb0 Exception <a 'java/lang/NoSuchMethodError'{0x000000070fe58b48}: 'void java.lang.invoke.DirectMethodHandle$Holder.invokeStaticInit(java.lang.Object, java.lang.Object)'> (0x000000070fe58b48) 
thrown [s\open\src\hotspot\share\interpreter\linkResolver.cpp, line 759]
Event: 1.294 Thread 0x0000025f91fcbcb0 Exception <a 'java/lang/NoSuchMethodError'{0x000000070fb18e60}: 'void java.lang.invoke.DirectMethodHandle$Holder.invokeVirtual(java.lang.Object, java.lang.Object)'> (0x000000070fb18e60) 
thrown [s\open\src\hotspot\share\interpreter\linkResolver.cpp, line 759]
Event: 1.308 Thread 0x0000025f91fcbcb0 Exception <a 'java/lang/NoSuchMethodError'{0x000000070fb94578}: 'int java.lang.invoke.DirectMethodHandle$Holder.invokeVirtual(java.lang.Object, java.lang.Object)'> (0x000000070fb94578) 
thrown [s\open\src\hotspot\share\interpreter\linkResolver.cpp, line 759]
Event: 1.390 Thread 0x0000025f91fcbcb0 Exception <a 'java/lang/NoSuchMethodError'{0x000000070f851548}: 'java.lang.Object java.lang.invoke.Invokers$Holder.invokeExact_MT(java.lang.Object, java.lang.Object, java.lang.Object, java.lang.Object, java.lang.Object, java.lang.Object)'> (0x000000070f851548) 
thrown [s\open\src\hotspot\share\interpreter\linkResolver.cpp, line 759]
Event: 2.128 Thread 0x0000025f91fcbcb0 Implicit null exception at 0x0000025fa2b54372 to 0x0000025fa2b54954
Event: 2.266 Thread 0x0000025f91fcbcb0 Implicit null exception at 0x0000025fa2b55d72 to 0x0000025fa2b56368
Event: 2.350 Thread 0x0000025f91fcbcb0 Exception <a 'java/lang/NoSuchMethodError'{0x000000070f7997f8}: 'java.lang.Object java.lang.invoke.DirectMethodHandle$Holder.invokeVirtual(java.lang.Object, java.lang.Object, java.lang.Object)'> (0x000000070f7997f8) 
thrown [s\open\src\hotspot\share\interpreter\linkResolver.cpp, line 759]
Event: 3.297 Thread 0x0000025f91fcbcb0 Exception <a 'java/lang/NoSuchMethodError'{0x000000070e609988}: 'java.lang.Object java.lang.invoke.DirectMethodHandle$Holder.newInvokeSpecial(java.lang.Object, java.lang.Object, int)'> (0x000000070e609988) 
thrown [s\open\src\hotspot\share\interpreter\linkResolver.cpp, line 759]
Event: 3.921 Thread 0x0000025f91fcbcb0 Exception <a 'java/lang/NoSuchMethodError'{0x000000070368a1e0}: 'java.lang.Object java.lang.invoke.DirectMethodHandle$Holder.newInvokeSpecial(java.lang.Object, java.lang.Object, java.lang.Object, int)'> (0x000000070368a1e0) 
thrown [s\open\src\hotspot\share\interpreter\linkResolver.cpp, line 759]
Event: 3.922 Thread 0x0000025f91fcbcb0 Exception <a 'java/lang/NoSuchMethodError'{0x000000070368e868}: 'java.lang.Object java.lang.invoke.DirectMethodHandle$Holder.invokeSpecial(java.lang.Object, java.lang.Object, java.lang.Object, java.lang.Object, int)'> (0x000000070368e868) 
thrown [s\open\src\hotspot\share\interpreter\linkResolver.cpp, line 759]
Event: 3.922 Thread 0x0000025f91fcbcb0 Exception <a 'java/lang/NoSuchMethodError'{0x00000007036926d8}: 'java.lang.Object java.lang.invoke.Invokers$Holder.linkToTargetMethod(java.lang.Object, java.lang.Object, int, java.lang.Object)'> (0x00000007036926d8) 
thrown [s\open\src\hotspot\share\interpreter\linkResolver.cpp, line 759]
Event: 5.092 Thread 0x0000025f91fcbcb0 Implicit null exception at 0x0000025fa2c7b3a3 to 0x0000025fa2c8059c
Event: 5.234 Thread 0x0000025f91fcbcb0 Exception <a 'java/lang/NoSuchMethodError'{0x0000000706f63740}: 'java.lang.Object java.lang.invoke.DirectMethodHandle$Holder.newInvokeSpecial(java.lang.Object, java.lang.Object, java.lang.Object, java.lang.Object, java.lang.Object)'> (0x0000000706f63740) 
thrown [s\open\src\hotspot\share\interpreter\linkResolver.cpp, line 759]
Event: 5.236 Thread 0x0000025f91fcbcb0 Exception <a 'java/lang/NoSuchMethodError'{0x0000000706f72770}: 'java.lang.Object java.lang.invoke.DirectMethodHandle$Holder.invokeStatic(java.lang.Object, java.lang.Object, java.lang.Object, java.lang.Object, int)'> (0x0000000706f72770) 
thrown [s\open\src\hotspot\share\interpreter\linkResolver.cpp, line 759]
Event: 5.237 Thread 0x0000025f91fcbcb0 Exception <a 'java/lang/NoSuchMethodError'{0x0000000706f7c458}: 'java.lang.Object java.lang.invoke.DirectMethodHandle$Holder.newInvokeSpecial(java.lang.Object, java.lang.Object, java.lang.Object, java.lang.Object, int)'> (0x0000000706f7c458) 
thrown [s\open\src\hotspot\share\interpreter\linkResolver.cpp, line 759]
Event: 5.238 Thread 0x0000025f91fcbcb0 Exception <a 'java/lang/NoSuchMethodError'{0x0000000706f80f88}: 'java.lang.Object java.lang.invoke.DirectMethodHandle$Holder.invokeSpecial(java.lang.Object, java.lang.Object, java.lang.Object, java.lang.Object, java.lang.Object, int)'> (0x0000000706f80f88) 
thrown [s\open\src\hotspot\share\interpreter\linkResolver.cpp, line 759]
Event: 5.238 Thread 0x0000025f91fcbcb0 Exception <a 'java/lang/NoSuchMethodError'{0x0000000706f85468}: 'java.lang.Object java.lang.invoke.Invokers$Holder.linkToTargetMethod(java.lang.Object, java.lang.Object, java.lang.Object, int, java.lang.Object)'> (0x0000000706f85468) 
thrown [s\open\src\hotspot\share\interpreter\linkResolver.cpp, line 759]
Event: 6.111 Thread 0x0000025f91fcbcb0 Exception <a 'java/lang/NoSuchMethodError'{0x0000000706010968}: 'java.lang.Object java.lang.invoke.DirectMethodHandle$Holder.newInvokeSpecial(java.lang.Object, java.lang.Object, java.lang.Object, java.lang.Object, java.lang.Object, java.lang.Object, java.lang.Object, java.lang.Object)'> (0x0000000706010968) 
thrown [s\open\src\hotspot\share\interpreter\linkResolver.cpp, line 759]
Event: 6.112 Thread 0x0000025f91fcbcb0 Exception <a 'java/lang/NoSuchMethodError'{0x0000000706015f80}: 'java.lang.Object java.lang.invoke.DirectMethodHandle$Holder.invokeSpecial(java.lang.Object, java.lang.Object, java.lang.Object, java.lang.Object, java.lang.Object, java.lang.Object, java.lang.Object, java.lang.Object, java.lang.Object)'> (0x0000000706015f80) 
thrown [s\open\src\hotspot\share\interpreter\linkResolver.cpp, line 759]
Event: 6.112 Thread 0x0000025f91fcbcb0 Exception <a 'java/lang/NoSuchMethodError'{0x000000070601aeb0}: 'java.lang.Object java.lang.invoke.Invokers$Holder.linkToTargetMethod(java.lang.Object, java.lang.Object, java.lang.Object, java.lang.Object, java.lang.Object, java.lang.Object, java.lang.Object, java.lang.Object)'> (0x000000070601aeb0) 
thrown [s\open\src\hotspot\share\interpreter\linkResolver.cpp, line 759]

VM Operations (20 events):
Event: 5.128 Executing VM operation: G1Concurrent
Event: 5.129 Executing VM operation: G1Concurrent done
Event: 5.138 Executing VM operation: HandshakeAllThreads
Event: 5.138 Executing VM operation: HandshakeAllThreads done
Event: 5.154 Executing VM operation: HandshakeAllThreads
Event: 5.154 Executing VM operation: HandshakeAllThreads done
Event: 5.168 Executing VM operation: HandshakeAllThreads
Event: 5.168 Executing VM operation: HandshakeAllThreads done
Event: 5.245 Executing VM operation: HandshakeAllThreads
Event: 5.245 Executing VM operation: HandshakeAllThreads done
Event: 5.350 Executing VM operation: HandshakeAllThreads
Event: 5.350 Executing VM operation: HandshakeAllThreads done
Event: 5.404 Executing VM operation: HandshakeAllThreads
Event: 5.404 Executing VM operation: HandshakeAllThreads done
Event: 5.501 Executing VM operation: HandshakeAllThreads
Event: 5.501 Executing VM operation: HandshakeAllThreads done
Event: 5.817 Executing VM operation: HandshakeAllThreads
Event: 5.817 Executing VM operation: HandshakeAllThreads done
Event: 6.094 Executing VM operation: ICBufferFull
Event: 6.094 Executing VM operation: ICBufferFull done

Events (20 events):
Event: 4.139 loading class java/text/CharacterIterator
Event: 4.139 loading class java/text/CharacterIterator done
Event: 4.139 loading class java/text/StringCharacterIterator done
Event: 4.223 loading class java/util/ArrayList$SubList$1
Event: 4.223 loading class java/util/ArrayList$SubList$1 done
Event: 4.238 loading class java/lang/annotation/ElementType
Event: 4.239 loading class java/lang/annotation/ElementType done
Event: 4.239 loading class java/lang/Override
Event: 4.239 loading class java/lang/Override done
Event: 4.563 loading class java/util/stream/IntPipeline$1
Event: 4.563 loading class java/util/stream/IntPipeline$1 done
Event: 4.568 loading class java/util/stream/IntPipeline$1$1
Event: 4.568 loading class java/util/stream/IntPipeline$1$1 done
Event: 4.651 Thread 0x0000025ffda81120 Thread exited: 0x0000025ffda81120
Event: 5.011 Thread 0x0000025ffc7abfc0 Thread exited: 0x0000025ffc7abfc0
Event: 5.172 loading class java/util/ComparableTimSort
Event: 5.172 loading class java/util/ComparableTimSort done
Event: 5.472 Thread 0x0000025ffe95afe0 Thread added: 0x0000025ffe95afe0
Event: 5.981 Thread 0x0000025ffe95afe0 Thread exited: 0x0000025ffe95afe0
Event: 6.118 Thread 0x0000025ffedee0d0 Thread added: 0x0000025ffedee0d0


Dynamic libraries:
0x00007ff7b5a00000 - 0x00007ff7b5a10000 	C:\Program Files\Java\jdk-17\bin\java.exe
0x00007ffe6dd30000 - 0x00007ffe6df28000 	C:\Windows\SYSTEM32\ntdll.dll
0x00007ffe6cb20000 - 0x00007ffe6cbe2000 	C:\Windows\System32\KERNEL32.DLL
0x00007ffe6b6a0000 - 0x00007ffe6b99e000 	C:\Windows\System32\KERNELBASE.dll
0x00007ffe6b570000 - 0x00007ffe6b670000 	C:\Windows\System32\ucrtbase.dll
0x00007ffe5b100000 - 0x00007ffe5b119000 	C:\Program Files\Java\jdk-17\bin\jli.dll
0x00007ffe6ca60000 - 0x00007ffe6cb12000 	C:\Windows\System32\ADVAPI32.dll
0x00007ffe6cde0000 - 0x00007ffe6ce7e000 	C:\Windows\System32\msvcrt.dll
0x00007ffe6c9c0000 - 0x00007ffe6ca60000 	C:\Windows\System32\sechost.dll
0x00007ffe6cbf0000 - 0x00007ffe6cd13000 	C:\Windows\System32\RPCRT4.dll
0x00007ffe6b670000 - 0x00007ffe6b697000 	C:\Windows\System32\bcrypt.dll
0x00007ffe5b120000 - 0x00007ffe5b13b000 	C:\Program Files\Java\jdk-17\bin\VCRUNTIME140.dll
0x00007ffe6d220000 - 0x00007ffe6d3bd000 	C:\Windows\System32\USER32.dll
0x00007ffe6ba50000 - 0x00007ffe6ba72000 	C:\Windows\System32\win32u.dll
0x00007ffe6c8a0000 - 0x00007ffe6c8cb000 	C:\Windows\System32\GDI32.dll
0x00007ffe6ba80000 - 0x00007ffe6bb97000 	C:\Windows\System32\gdi32full.dll
0x00007ffe6b440000 - 0x00007ffe6b4dd000 	C:\Windows\System32\msvcp_win.dll
0x00007ffe6a820000 - 0x00007ffe6aaba000 	C:\Windows\WinSxS\amd64_microsoft.windows.common-controls_6595b64144ccf1df_6.0.19041.4355_none_60b8b9eb71f62e16\COMCTL32.dll
0x00007ffe67d10000 - 0x00007ffe67d1a000 	C:\Windows\SYSTEM32\VERSION.dll
0x00007ffe6c990000 - 0x00007ffe6c9bf000 	C:\Windows\System32\IMM32.DLL
0x00007ffe5b0f0000 - 0x00007ffe5b0fc000 	C:\Program Files\Java\jdk-17\bin\vcruntime140_1.dll
0x00007ffdde750000 - 0x00007ffdde7de000 	C:\Program Files\Java\jdk-17\bin\msvcp140.dll
0x00007ffdddb70000 - 0x00007ffdde750000 	C:\Program Files\Java\jdk-17\bin\server\jvm.dll
0x00007ffe6ce80000 - 0x00007ffe6ce88000 	C:\Windows\System32\PSAPI.DLL
0x00007ffe5b0e0000 - 0x00007ffe5b0e9000 	C:\Windows\SYSTEM32\WSOCK32.dll
0x00007ffe6ce90000 - 0x00007ffe6cefb000 	C:\Windows\System32\WS2_32.dll
0x00007ffe615e0000 - 0x00007ffe61607000 	C:\Windows\SYSTEM32\WINMM.dll
0x00007ffe68420000 - 0x00007ffe68432000 	C:\Windows\SYSTEM32\kernel.appcore.dll
0x00007ffe5b0d0000 - 0x00007ffe5b0da000 	C:\Program Files\Java\jdk-17\bin\jimage.dll
0x00007ffe6acd0000 - 0x00007ffe6aeb4000 	C:\Windows\SYSTEM32\DBGHELP.DLL
0x00007ffe6ac90000 - 0x00007ffe6acc4000 	C:\Windows\SYSTEM32\dbgcore.DLL
0x00007ffe6b4e0000 - 0x00007ffe6b562000 	C:\Windows\System32\bcryptPrimitives.dll
0x00007ffdddb40000 - 0x00007ffdddb65000 	C:\Program Files\Java\jdk-17\bin\java.dll
0x00007ffddda20000 - 0x00007ffdddaf7000 	C:\Program Files\Java\jdk-17\bin\jsvml.dll
0x00007ffe6c130000 - 0x00007ffe6c89f000 	C:\Windows\System32\SHELL32.dll
0x00007ffe68720000 - 0x00007ffe68ec4000 	C:\Windows\SYSTEM32\windows.storage.dll
0x00007ffe6bdd0000 - 0x00007ffe6c123000 	C:\Windows\System32\combase.dll
0x00007ffe6a5b0000 - 0x00007ffe6a5de000 	C:\Windows\SYSTEM32\Wldp.dll
0x00007ffe6d020000 - 0x00007ffe6d0ed000 	C:\Windows\System32\OLEAUT32.dll
0x00007ffe6c8e0000 - 0x00007ffe6c98d000 	C:\Windows\System32\SHCORE.dll
0x00007ffe6cd20000 - 0x00007ffe6cd75000 	C:\Windows\System32\shlwapi.dll
0x00007ffe6b300000 - 0x00007ffe6b324000 	C:\Windows\SYSTEM32\profapi.dll
0x00007ffddda00000 - 0x00007ffddda19000 	C:\Program Files\Java\jdk-17\bin\net.dll
0x00007ffe64460000 - 0x00007ffe6456d000 	C:\Windows\SYSTEM32\WINHTTP.dll
0x00007ffe6a390000 - 0x00007ffe6a3fa000 	C:\Windows\system32\mswsock.dll
0x00007ffddd9e0000 - 0x00007ffddd9f6000 	C:\Program Files\Java\jdk-17\bin\nio.dll
0x00007ffdddb20000 - 0x00007ffdddb38000 	C:\Program Files\Java\jdk-17\bin\zip.dll
0x00007ffe5b0b0000 - 0x00007ffe5b0c0000 	C:\Program Files\Java\jdk-17\bin\verify.dll

dbghelp: loaded successfully - version: 4.0.5 - missing functions: none
symbol engine: initialized successfully - sym options: 0x614 - pdb path: .;C:\Program Files\Java\jdk-17\bin;C:\Windows\SYSTEM32;C:\Windows\WinSxS\amd64_microsoft.windows.common-controls_6595b64144ccf1df_6.0.19041.4355_none_60b8b9eb71f62e16;C:\Program Files\Java\jdk-17\bin\server

VM Arguments:
java_command: org.jetbrains.kotlin.cli.jvm.K2JVMCompiler @D:\Muhammad Hamza Tabani\Apps\Texas-Source-main\node_modules\react-native-screens\android\build\20241109_1125437368739157493.compiler.options
java_class_path (initial): C:\Users\Hamza tabani\.gradle\caches\modules-2\files-2.1\org.jetbrains.kotlin\kotlin-compiler-embeddable\1.9.22\9cd4dc7773cf2a99ecd961a88fbbc9a2da3fb5e1\kotlin-compiler-embeddable-1.9.22.jar;C:\Users\Hamza tabani\.gradle\caches\modules-2\files-2.1\org.jetbrains.kotlin\kotlin-stdlib\1.9.22\d6c44cd08d8f3f9bece8101216dbe6553365c6e3\kotlin-stdlib-1.9.22.jar;C:\Users\Hamza tabani\.gradle\caches\modules-2\files-2.1\org.jetbrains.kotlin\kotlin-script-runtime\1.9.22\f8139a46fc677ec9badc49ae954392f4f5e7e7c7\kotlin-script-runtime-1.9.22.jar;C:\Users\Hamza tabani\.gradle\caches\modules-2\files-2.1\org.jetbrains.kotlin\kotlin-reflect\1.6.10\1cbe9c92c12a94eea200d23c2bbaedaf3daf5132\kotlin-reflect-1.6.10.jar;C:\Users\Hamza tabani\.gradle\caches\modules-2\files-2.1\org.jetbrains.kotlin\kotlin-daemon-embeddable\1.9.22\20e2c5df715f3240c765cfc222530e2796542021\kotlin-daemon-embeddable-1.9.22.jar;C:\Users\Hamza tabani\.gradle\caches\modules-2\files-2.1\org.jetbrains.intellij.deps\trove4j\1.0.20200330\3afb14d5f9ceb459d724e907a21145e8ff394f02\trove4j-1.0.20200330.jar;C:\Users\Hamza tabani\.gradle\caches\modules-2\files-2.1\org.jetbrains\annotations\13.0\919f0dfe192fb4e063e7dacadee7f8bb9a2672a9\annotations-13.0.jar
Launcher Type: SUN_STANDARD

[Global flags]
     intx CICompilerCount                          = 4                                         {product} {ergonomic}
     uint ConcGCThreads                            = 2                                         {product} {ergonomic}
     uint G1ConcRefinementThreads                  = 8                                         {product} {ergonomic}
   size_t G1HeapRegionSize                         = 2097152                                   {product} {ergonomic}
    uintx GCDrainStackTargetSize                   = 64                                        {product} {ergonomic}
   size_t InitialHeapSize                          = 268435456                                 {product} {ergonomic}
   size_t MarkStackSize                            = 4194304                                   {product} {ergonomic}
   size_t MaxHeapSize                              = 4280287232                                {product} {ergonomic}
   size_t MaxNewSize                               = 2566914048                                {product} {ergonomic}
   size_t MinHeapDeltaBytes                        = 2097152                                   {product} {ergonomic}
   size_t MinHeapSize                              = 8388608                                   {product} {ergonomic}
    uintx NonNMethodCodeHeapSize                   = 5839372                                {pd product} {ergonomic}
    uintx NonProfiledCodeHeapSize                  = 122909434                              {pd product} {ergonomic}
    uintx ProfiledCodeHeapSize                     = 122909434                              {pd product} {ergonomic}
    uintx ReservedCodeCacheSize                    = 251658240                              {pd product} {ergonomic}
     bool SegmentedCodeCache                       = true                                      {product} {ergonomic}
   size_t SoftMaxHeapSize                          = 4280287232                             {manageable} {ergonomic}
     bool UseCompressedClassPointers               = true                           {product lp64_product} {ergonomic}
     bool UseCompressedOops                        = true                           {product lp64_product} {ergonomic}
     bool UseG1GC                                  = true                                      {product} {ergonomic}
     bool UseLargePagesIndividualAllocation        = false                                  {pd product} {ergonomic}

Logging:
Log output configuration:
 #0: stdout all=warning uptime,level,tags
 #1: stderr all=off uptime,level,tags

Environment Variables:
JAVA_HOME=C:\Program Files\Java\jdk-17
CLASSPATH=D:\Muhammad Hamza Tabani\Apps\Texas-Source-main\android\\gradle\wrapper\gradle-wrapper.jar
PATH=D:\Muhammad Hamza Tabani\Apps\Texas-Source-main\node_modules\.bin;D:\Muhammad Hamza Tabani\Apps\Texas-Source-main\node_modules\.bin;D:\Muhammad Hamza Tabani\Apps\node_modules\.bin;D:\Muhammad Hamza Tabani\node_modules\.bin;D:\node_modules\.bin;C:\Users\Hamza tabani\AppData\Roaming\npm\node_modules\npm\node_modules\@npmcli\run-script\lib\node-gyp-bin;C:\Program Files\Common Files\Oracle\Java\javapath;C:\Windows\system32;C:\Windows;C:\Windows\System32\Wbem;C:\Windows\System32\WindowsPowerShell\v1.0\;C:\Windows\System32\OpenSSH\;C:\ProgramData\chocolatey\bin;C:\Program Files\nodejs\;C:\Users\Hamza tabani\AppData\Local\Android\Sdk\platform-tools;C:\Program Files\OpenJDK\jdk-20.0.2\bin;C:\Program Files (x86)\ATI Technologies\ATI.ACE\Core-Static;C:\Program Files\MongoDB\mongosh-2.3.1-win32-x64\bin;C:\Users\Hamza tabani\AppData\Local\Android\Sdk\tools;C:\Users\Hamza tabani\AppData\Local\Microsoft\WindowsApps;C:\Users\Hamza tabani\AppData\Local\Programs\Microsoft VS Code\bin;C:\Users\Hamza tabani\AppData\Local\Programs\Git\cmd;C:\Users\Hamza tabani\AppData\Roaming\npm
USERNAME=Hamza tabani
LANG=en_US.UTF-8
OS=Windows_NT
PROCESSOR_IDENTIFIER=Intel64 Family 6 Model 60 Stepping 3, GenuineIntel



---------------  S Y S T E M  ---------------

OS:
 Windows 10 , 64 bit Build 19041 (10.0.19041.4957)
OS uptime: 0 days 1:03 hours
Hyper-V role detected

CPU: total 8 (initial active 8) (4 cores per cpu, 2 threads per core) family 6 model 60 stepping 3 microcode 0x27, cx8, cmov, fxsr, ht, mmx, sse, sse2, sse3, ssse3, sse4.1, sse4.2, popcnt, lzcnt, tsc, tscinvbit, avx, avx2, erms, clmul, bmi1, bmi2, fma, vzeroupper, clflush, hv

Memory: 4k page, system-wide physical 16321M (2084M free)
TotalPageFile size 21408M (AvailPageFile size 3882M)
current process WorkingSet (physical memory assigned to process): 198M, peak: 198M
current process commit charge ("private bytes"): 273M, peak: 400M

vm_info: Java HotSpot(TM) 64-Bit Server VM (17.0.12+8-LTS-286) for windows-amd64 JRE (17.0.12+8-LTS-286), built on Jun  5 2024 06:46:59 by "mach5one" with MS VC++ 17.6 (VS2022)

END.
